<?xml version="1.0" encoding="UTF-8"?>
<testsuite xmlns:xsi="http://www.w3.org/2001/XMLSchema-instance" xsi:noNamespaceSchemaLocation="https://maven.apache.org/surefire/maven-surefire-plugin/xsd/surefire-test-report.xsd" name="org.ostfalia.ExampleResourceTest" time="17.221" tests="1" errors="0" skipped="0" failures="1">
  <properties>
    <property name="java.specification.version" value="16"/>
    <property name="sun.jnu.encoding" value="UTF-8"/>
    <property name="java.class.path" value="/Users/pp/Desktop/VideoControlSystemNative/target/test-classes:/Users/pp/Desktop/VideoControlSystemNative/target/classes:/Users/pp/.m2/repository/io/quarkus/quarkus-resteasy/1.4.2.Final/quarkus-resteasy-1.4.2.Final.jar:/Users/pp/.m2/repository/io/quarkus/quarkus-vertx-http/1.4.2.Final/quarkus-vertx-http-1.4.2.Final.jar:/Users/pp/.m2/repository/io/quarkus/quarkus-development-mode-spi/1.4.2.Final/quarkus-development-mode-spi-1.4.2.Final.jar:/Users/pp/.m2/repository/io/quarkus/quarkus-vertx-core/1.4.2.Final/quarkus-vertx-core-1.4.2.Final.jar:/Users/pp/.m2/repository/io/quarkus/quarkus-netty/1.4.2.Final/quarkus-netty-1.4.2.Final.jar:/Users/pp/.m2/repository/io/vertx/vertx-web/3.8.5/vertx-web-3.8.5.jar:/Users/pp/.m2/repository/io/vertx/vertx-web-common/3.8.5/vertx-web-common-3.8.5.jar:/Users/pp/.m2/repository/io/vertx/vertx-auth-common/3.8.5/vertx-auth-common-3.8.5.jar:/Users/pp/.m2/repository/io/vertx/vertx-bridge-common/3.8.5/vertx-bridge-common-3.8.5.jar:/Users/pp/.m2/repository/io/quarkus/quarkus-resteasy-server-common/1.4.2.Final/quarkus-resteasy-server-common-1.4.2.Final.jar:/Users/pp/.m2/repository/jakarta/validation/jakarta.validation-api/2.0.2/jakarta.validation-api-2.0.2.jar:/Users/pp/.m2/repository/io/quarkus/quarkus-junit5/1.4.2.Final/quarkus-junit5-1.4.2.Final.jar:/Users/pp/.m2/repository/io/quarkus/quarkus-bootstrap-core/1.4.2.Final/quarkus-bootstrap-core-1.4.2.Final.jar:/Users/pp/.m2/repository/org/ow2/asm/asm/7.3.1/asm-7.3.1.jar:/Users/pp/.m2/repository/org/apache/maven/maven-embedder/3.6.3/maven-embedder-3.6.3.jar:/Users/pp/.m2/repository/org/apache/maven/maven-settings/3.6.3/maven-settings-3.6.3.jar:/Users/pp/.m2/repository/org/apache/maven/maven-core/3.6.3/maven-core-3.6.3.jar:/Users/pp/.m2/repository/org/apache/maven/maven-artifact/3.6.2/maven-artifact-3.6.2.jar:/Users/pp/.m2/repository/org/codehaus/plexus/plexus-component-annotations/2.1.0/plexus-component-annotations-2.1.0.jar:/Users/pp/.m2/repository/org/apache/maven/maven-plugin-api/3.6.3/maven-plugin-api-3.6.3.jar:/Users/pp/.m2/repository/org/apache/maven/maven-model/3.6.3/maven-model-3.6.3.jar:/Users/pp/.m2/repository/org/apache/maven/maven-model-builder/3.6.3/maven-model-builder-3.6.3.jar:/Users/pp/.m2/repository/org/apache/maven/maven-builder-support/3.6.3/maven-builder-support-3.6.3.jar:/Users/pp/.m2/repository/org/apache/maven/resolver/maven-resolver-api/1.4.1/maven-resolver-api-1.4.1.jar:/Users/pp/.m2/repository/org/apache/maven/resolver/maven-resolver-util/1.4.1/maven-resolver-util-1.4.1.jar:/Users/pp/.m2/repository/org/apache/maven/shared/maven-shared-utils/3.2.1/maven-shared-utils-3.2.1.jar:/Users/pp/.m2/repository/com/google/inject/guice/4.2.1/guice-4.2.1-no_aop.jar:/Users/pp/.m2/repository/com/google/guava/guava/27.0.1-jre/guava-27.0.1-jre.jar:/Users/pp/.m2/repository/com/google/guava/failureaccess/1.0.1/failureaccess-1.0.1.jar:/Users/pp/.m2/repository/com/google/guava/listenablefuture/9999.0-empty-to-avoid-conflict-with-guava/listenablefuture-9999.0-empty-to-avoid-conflict-with-guava.jar:/Users/pp/.m2/repository/org/codehaus/plexus/plexus-utils/3.2.1/plexus-utils-3.2.1.jar:/Users/pp/.m2/repository/org/eclipse/sisu/org.eclipse.sisu.plexus/0.3.4/org.eclipse.sisu.plexus-0.3.4.jar:/Users/pp/.m2/repository/commons-cli/commons-cli/1.4/commons-cli-1.4.jar:/Users/pp/.m2/repository/org/apache/maven/maven-settings-builder/3.6.3/maven-settings-builder-3.6.3.jar:/Users/pp/.m2/repository/org/codehaus/plexus/plexus-interpolation/1.25/plexus-interpolation-1.25.jar:/Users/pp/.m2/repository/org/sonatype/plexus/plexus-sec-dispatcher/1.4/plexus-sec-dispatcher-1.4.jar:/Users/pp/.m2/repository/org/sonatype/plexus/plexus-cipher/1.4/plexus-cipher-1.4.jar:/Users/pp/.m2/repository/org/apache/maven/maven-resolver-provider/3.6.3/maven-resolver-provider-3.6.3.jar:/Users/pp/.m2/repository/org/apache/maven/maven-repository-metadata/3.6.3/maven-repository-metadata-3.6.3.jar:/Users/pp/.m2/repository/org/apache/maven/resolver/maven-resolver-spi/1.4.1/maven-resolver-spi-1.4.1.jar:/Users/pp/.m2/repository/org/apache/maven/resolver/maven-resolver-impl/1.4.1/maven-resolver-impl-1.4.1.jar:/Users/pp/.m2/repository/org/apache/maven/resolver/maven-resolver-connector-basic/1.4.1/maven-resolver-connector-basic-1.4.1.jar:/Users/pp/.m2/repository/org/apache/maven/resolver/maven-resolver-transport-wagon/1.4.1/maven-resolver-transport-wagon-1.4.1.jar:/Users/pp/.m2/repository/org/apache/maven/wagon/wagon-http/3.3.4/wagon-http-3.3.4.jar:/Users/pp/.m2/repository/org/apache/maven/wagon/wagon-http-shared/3.3.4/wagon-http-shared-3.3.4.jar:/Users/pp/.m2/repository/org/jsoup/jsoup/1.12.1/jsoup-1.12.1.jar:/Users/pp/.m2/repository/org/apache/maven/wagon/wagon-provider-api/3.3.4/wagon-provider-api-3.3.4.jar:/Users/pp/.m2/repository/org/apache/maven/wagon/wagon-file/3.3.4/wagon-file-3.3.4.jar:/Users/pp/.m2/repository/org/jboss/logging/jboss-logging/3.3.2.Final/jboss-logging-3.3.2.Final.jar:/Users/pp/.m2/repository/io/quarkus/quarkus-test-common/1.4.2.Final/quarkus-test-common-1.4.2.Final.jar:/Users/pp/.m2/repository/io/quarkus/quarkus-core-deployment/1.4.2.Final/quarkus-core-deployment-1.4.2.Final.jar:/Users/pp/.m2/repository/io/quarkus/gizmo/gizmo/1.0.2.Final/gizmo-1.0.2.Final.jar:/Users/pp/.m2/repository/org/ow2/asm/asm-util/7.3.1/asm-util-7.3.1.jar:/Users/pp/.m2/repository/org/ow2/asm/asm-tree/7.3.1/asm-tree-7.3.1.jar:/Users/pp/.m2/repository/org/ow2/asm/asm-analysis/7.3.1/asm-analysis-7.3.1.jar:/Users/pp/.m2/repository/io/quarkus/quarkus-builder/1.4.2.Final/quarkus-builder-1.4.2.Final.jar:/Users/pp/.m2/repository/io/quarkus/quarkus-jsonp-deployment/1.4.2.Final/quarkus-jsonp-deployment-1.4.2.Final.jar:/Users/pp/.m2/repository/org/jboss/jandex/2.1.3.Final/jandex-2.1.3.Final.jar:/Users/pp/.m2/repository/org/junit/jupiter/junit-jupiter/5.6.2/junit-jupiter-5.6.2.jar:/Users/pp/.m2/repository/org/junit/jupiter/junit-jupiter-api/5.6.2/junit-jupiter-api-5.6.2.jar:/Users/pp/.m2/repository/org/apiguardian/apiguardian-api/1.1.0/apiguardian-api-1.1.0.jar:/Users/pp/.m2/repository/org/opentest4j/opentest4j/1.2.0/opentest4j-1.2.0.jar:/Users/pp/.m2/repository/org/junit/platform/junit-platform-commons/1.6.2/junit-platform-commons-1.6.2.jar:/Users/pp/.m2/repository/org/junit/jupiter/junit-jupiter-params/5.6.2/junit-jupiter-params-5.6.2.jar:/Users/pp/.m2/repository/org/junit/jupiter/junit-jupiter-engine/5.6.2/junit-jupiter-engine-5.6.2.jar:/Users/pp/.m2/repository/org/junit/platform/junit-platform-engine/1.6.2/junit-platform-engine-1.6.2.jar:/Users/pp/.m2/repository/io/quarkus/quarkus-core/1.4.2.Final/quarkus-core-1.4.2.Final.jar:/Users/pp/.m2/repository/jakarta/inject/jakarta.inject-api/1.0/jakarta.inject-api-1.0.jar:/Users/pp/.m2/repository/io/quarkus/quarkus-ide-launcher/1.4.2.Final/quarkus-ide-launcher-1.4.2.Final.jar:/Users/pp/.m2/repository/io/smallrye/config/smallrye-config/1.7.0/smallrye-config-1.7.0.jar:/Users/pp/.m2/repository/io/smallrye/config/smallrye-config-common/1.7.0/smallrye-config-common-1.7.0.jar:/Users/pp/.m2/repository/org/jboss/logmanager/jboss-logmanager-embedded/1.0.4/jboss-logmanager-embedded-1.0.4.jar:/Users/pp/.m2/repository/org/jboss/logging/jboss-logging-annotations/2.1.0.Final/jboss-logging-annotations-2.1.0.Final.jar:/Users/pp/.m2/repository/org/jboss/threads/jboss-threads/3.1.1.Final/jboss-threads-3.1.1.Final.jar:/Users/pp/.m2/repository/org/slf4j/slf4j-api/1.7.30/slf4j-api-1.7.30.jar:/Users/pp/.m2/repository/org/jboss/slf4j/slf4j-jboss-logging/1.2.0.Final/slf4j-jboss-logging-1.2.0.Final.jar:/Users/pp/.m2/repository/org/graalvm/sdk/graal-sdk/19.3.1/graal-sdk-19.3.1.jar:/Users/pp/.m2/repository/org/wildfly/common/wildfly-common/1.5.4.Final-format-001/wildfly-common-1.5.4.Final-format-001.jar:/Users/pp/.m2/repository/io/rest-assured/rest-assured/4.3.0/rest-assured-4.3.0.jar:/Users/pp/.m2/repository/org/codehaus/groovy/groovy/3.0.2/groovy-3.0.2.jar:/Users/pp/.m2/repository/org/codehaus/groovy/groovy-xml/3.0.2/groovy-xml-3.0.2.jar:/Users/pp/.m2/repository/org/apache/httpcomponents/httpclient/4.5.12/httpclient-4.5.12.jar:/Users/pp/.m2/repository/org/apache/httpcomponents/httpcore/4.4.13/httpcore-4.4.13.jar:/Users/pp/.m2/repository/commons-codec/commons-codec/1.13/commons-codec-1.13.jar:/Users/pp/.m2/repository/org/apache/httpcomponents/httpmime/4.5.3/httpmime-4.5.3.jar:/Users/pp/.m2/repository/org/hamcrest/hamcrest/2.1/hamcrest-2.1.jar:/Users/pp/.m2/repository/org/ccil/cowan/tagsoup/tagsoup/1.2.1/tagsoup-1.2.1.jar:/Users/pp/.m2/repository/io/rest-assured/json-path/4.3.0/json-path-4.3.0.jar:/Users/pp/.m2/repository/org/codehaus/groovy/groovy-json/3.0.2/groovy-json-3.0.2.jar:/Users/pp/.m2/repository/io/rest-assured/rest-assured-common/4.3.0/rest-assured-common-4.3.0.jar:/Users/pp/.m2/repository/io/rest-assured/xml-path/4.3.0/xml-path-4.3.0.jar:/Users/pp/.m2/repository/org/apache/commons/commons-lang3/3.9/commons-lang3-3.9.jar:/Users/pp/.m2/repository/jakarta/xml/bind/jakarta.xml.bind-api/2.3.2/jakarta.xml.bind-api-2.3.2.jar:/Users/pp/.m2/repository/jakarta/activation/jakarta.activation-api/1.2.1/jakarta.activation-api-1.2.1.jar:/Users/pp/.m2/repository/org/apache/sling/org.apache.sling.javax.activation/0.1.0/org.apache.sling.javax.activation-0.1.0.jar:/Users/pp/.m2/repository/io/quarkus/quarkus-undertow-websockets/1.4.2.Final/quarkus-undertow-websockets-1.4.2.Final.jar:/Users/pp/.m2/repository/io/quarkus/http/quarkus-http-websockets-jsr/3.0.7.Final/quarkus-http-websockets-jsr-3.0.7.Final.jar:/Users/pp/.m2/repository/jakarta/websocket/jakarta.websocket-api/1.1.2/jakarta.websocket-api-1.1.2.jar:/Users/pp/.m2/repository/io/quarkus/quarkus-rest-client/1.4.2.Final/quarkus-rest-client-1.4.2.Final.jar:/Users/pp/.m2/repository/io/quarkus/quarkus-arc/1.4.2.Final/quarkus-arc-1.4.2.Final.jar:/Users/pp/.m2/repository/io/quarkus/arc/arc/1.4.2.Final/arc-1.4.2.Final.jar:/Users/pp/.m2/repository/jakarta/transaction/jakarta.transaction-api/1.3.3/jakarta.transaction-api-1.3.3.jar:/Users/pp/.m2/repository/io/quarkus/quarkus-resteasy-common/1.4.2.Final/quarkus-resteasy-common-1.4.2.Final.jar:/Users/pp/.m2/repository/org/jboss/resteasy/resteasy-core/4.5.3.Final/resteasy-core-4.5.3.Final.jar:/Users/pp/.m2/repository/org/jboss/spec/javax/ws/rs/jboss-jaxrs-api_2.1_spec/2.0.1.Final/jboss-jaxrs-api_2.1_spec-2.0.1.Final.jar:/Users/pp/.m2/repository/org/jboss/spec/javax/xml/bind/jboss-jaxb-api_2.3_spec/2.0.0.Final/jboss-jaxb-api_2.3_spec-2.0.0.Final.jar:/Users/pp/.m2/repository/org/jboss/resteasy/resteasy-core-spi/4.5.3.Final/resteasy-core-spi-4.5.3.Final.jar:/Users/pp/.m2/repository/org/reactivestreams/reactive-streams/1.0.3/reactive-streams-1.0.3.jar:/Users/pp/.m2/repository/org/eclipse/microprofile/config/microprofile-config-api/1.4/microprofile-config-api-1.4.jar:/Users/pp/.m2/repository/com/sun/activation/jakarta.activation/1.2.1/jakarta.activation-1.2.1.jar:/Users/pp/.m2/repository/org/jboss/resteasy/resteasy-client-microprofile/4.5.3.Final/resteasy-client-microprofile-4.5.3.Final.jar:/Users/pp/.m2/repository/org/jboss/resteasy/resteasy-client/4.5.3.Final/resteasy-client-4.5.3.Final.jar:/Users/pp/.m2/repository/org/jboss/resteasy/resteasy-client-api/4.5.3.Final/resteasy-client-api-4.5.3.Final.jar:/Users/pp/.m2/repository/org/eclipse/microprofile/rest/client/microprofile-rest-client-api/1.4.1/microprofile-rest-client-api-1.4.1.jar:/Users/pp/.m2/repository/jakarta/interceptor/jakarta.interceptor-api/1.2.5/jakarta.interceptor-api-1.2.5.jar:/Users/pp/.m2/repository/org/apache/httpcomponents/httpasyncclient/4.1.4/httpasyncclient-4.1.4.jar:/Users/pp/.m2/repository/org/apache/httpcomponents/httpcore-nio/4.4.13/httpcore-nio-4.4.13.jar:/Users/pp/.m2/repository/org/jboss/logging/commons-logging-jboss-logging/1.0.0.Final/commons-logging-jboss-logging-1.0.0.Final.jar:/Users/pp/.m2/repository/io/quarkus/quarkus-resteasy-jsonb/1.4.2.Final/quarkus-resteasy-jsonb-1.4.2.Final.jar:/Users/pp/.m2/repository/org/jboss/resteasy/resteasy-json-binding-provider/4.5.3.Final/resteasy-json-binding-provider-4.5.3.Final.jar:/Users/pp/.m2/repository/jakarta/json/bind/jakarta.json.bind-api/1.0.2/jakarta.json.bind-api-1.0.2.jar:/Users/pp/.m2/repository/org/jboss/resteasy/resteasy-json-p-provider/4.5.3.Final/resteasy-json-p-provider-4.5.3.Final.jar:/Users/pp/.m2/repository/commons-io/commons-io/2.6/commons-io-2.6.jar:/Users/pp/.m2/repository/io/quarkus/quarkus-undertow/1.4.2.Final/quarkus-undertow-1.4.2.Final.jar:/Users/pp/.m2/repository/io/quarkus/security/quarkus-security/1.1.0.Final/quarkus-security-1.1.0.Final.jar:/Users/pp/.m2/repository/io/smallrye/reactive/mutiny/0.4.4/mutiny-0.4.4.jar:/Users/pp/.m2/repository/jakarta/enterprise/jakarta.enterprise.cdi-api/2.0.2/jakarta.enterprise.cdi-api-2.0.2.jar:/Users/pp/.m2/repository/jakarta/el/jakarta.el-api/3.0.3/jakarta.el-api-3.0.3.jar:/Users/pp/.m2/repository/io/quarkus/http/quarkus-http-servlet/3.0.7.Final/quarkus-http-servlet-3.0.7.Final.jar:/Users/pp/.m2/repository/jakarta/servlet/jakarta.servlet-api/4.0.3/jakarta.servlet-api-4.0.3.jar:/Users/pp/.m2/repository/jakarta/annotation/jakarta.annotation-api/1.3.5/jakarta.annotation-api-1.3.5.jar:/Users/pp/.m2/repository/io/quarkus/http/quarkus-http-vertx-backend/3.0.7.Final/quarkus-http-vertx-backend-3.0.7.Final.jar:/Users/pp/.m2/repository/io/vertx/vertx-core/3.8.5/vertx-core-3.8.5.jar:/Users/pp/.m2/repository/io/netty/netty-common/4.1.45.Final/netty-common-4.1.45.Final.jar:/Users/pp/.m2/repository/io/netty/netty-buffer/4.1.45.Final/netty-buffer-4.1.45.Final.jar:/Users/pp/.m2/repository/io/netty/netty-transport/4.1.45.Final/netty-transport-4.1.45.Final.jar:/Users/pp/.m2/repository/io/netty/netty-handler/4.1.45.Final/netty-handler-4.1.45.Final.jar:/Users/pp/.m2/repository/io/netty/netty-handler-proxy/4.1.45.Final/netty-handler-proxy-4.1.45.Final.jar:/Users/pp/.m2/repository/io/netty/netty-codec-socks/4.1.45.Final/netty-codec-socks-4.1.45.Final.jar:/Users/pp/.m2/repository/io/netty/netty-codec-http2/4.1.45.Final/netty-codec-http2-4.1.45.Final.jar:/Users/pp/.m2/repository/io/netty/netty-resolver/4.1.45.Final/netty-resolver-4.1.45.Final.jar:/Users/pp/.m2/repository/io/netty/netty-resolver-dns/4.1.45.Final/netty-resolver-dns-4.1.45.Final.jar:/Users/pp/.m2/repository/io/netty/netty-codec-dns/4.1.45.Final/netty-codec-dns-4.1.45.Final.jar:/Users/pp/.m2/repository/io/quarkus/http/quarkus-http-http-core/3.0.7.Final/quarkus-http-http-core-3.0.7.Final.jar:/Users/pp/.m2/repository/io/quarkus/http/quarkus-http-core/3.0.7.Final/quarkus-http-core-3.0.7.Final.jar:/Users/pp/.m2/repository/io/netty/netty-codec-http/4.1.45.Final/netty-codec-http-4.1.45.Final.jar:/Users/pp/.m2/repository/io/netty/netty-codec/4.1.45.Final/netty-codec-4.1.45.Final.jar:/Users/pp/.m2/repository/org/eclipse/microprofile/context-propagation/microprofile-context-propagation-api/1.0.1/microprofile-context-propagation-api-1.0.1.jar:/Users/pp/.m2/repository/io/quarkus/quarkus-jsonb/1.4.2.Final/quarkus-jsonb-1.4.2.Final.jar:/Users/pp/.m2/repository/org/eclipse/yasson/1.0.7/yasson-1.0.7.jar:/Users/pp/.m2/repository/io/quarkus/quarkus-jsonp/1.4.2.Final/quarkus-jsonp-1.4.2.Final.jar:/Users/pp/.m2/repository/org/glassfish/jakarta.json/1.1.6/jakarta.json-1.1.6.jar:"/>
    <property name="java.vm.vendor" value="Homebrew"/>
    <property name="sun.arch.data.model" value="64"/>
    <property name="java.vendor.url" value="https://github.com/Homebrew/homebrew-core/issues"/>
    <property name="os.name" value="Mac OS X"/>
    <property name="java.vm.specification.version" value="16"/>
    <property name="sun.java.launcher" value="SUN_STANDARD"/>
    <property name="user.country" value="ES"/>
    <property name="sun.boot.library.path" value="/usr/local/Cellar/openjdk/16.0.2/libexec/openjdk.jdk/Contents/Home/lib"/>
    <property name="sun.java.command" value="/Users/pp/Desktop/VideoControlSystemNative/target/surefire/surefirebooter4426239268990247950.jar /Users/pp/Desktop/VideoControlSystemNative/target/surefire 2021-08-30T17-55-34_137-jvmRun1 surefire690834171524420956tmp surefire_02109122790748866676tmp"/>
    <property name="http.nonProxyHosts" value="local|*.local|169.254/16|*.169.254/16"/>
    <property name="jdk.debug" value="release"/>
    <property name="surefire.test.class.path" value="/Users/pp/Desktop/VideoControlSystemNative/target/test-classes:/Users/pp/Desktop/VideoControlSystemNative/target/classes:/Users/pp/.m2/repository/io/quarkus/quarkus-resteasy/1.4.2.Final/quarkus-resteasy-1.4.2.Final.jar:/Users/pp/.m2/repository/io/quarkus/quarkus-vertx-http/1.4.2.Final/quarkus-vertx-http-1.4.2.Final.jar:/Users/pp/.m2/repository/io/quarkus/quarkus-development-mode-spi/1.4.2.Final/quarkus-development-mode-spi-1.4.2.Final.jar:/Users/pp/.m2/repository/io/quarkus/quarkus-vertx-core/1.4.2.Final/quarkus-vertx-core-1.4.2.Final.jar:/Users/pp/.m2/repository/io/quarkus/quarkus-netty/1.4.2.Final/quarkus-netty-1.4.2.Final.jar:/Users/pp/.m2/repository/io/vertx/vertx-web/3.8.5/vertx-web-3.8.5.jar:/Users/pp/.m2/repository/io/vertx/vertx-web-common/3.8.5/vertx-web-common-3.8.5.jar:/Users/pp/.m2/repository/io/vertx/vertx-auth-common/3.8.5/vertx-auth-common-3.8.5.jar:/Users/pp/.m2/repository/io/vertx/vertx-bridge-common/3.8.5/vertx-bridge-common-3.8.5.jar:/Users/pp/.m2/repository/io/quarkus/quarkus-resteasy-server-common/1.4.2.Final/quarkus-resteasy-server-common-1.4.2.Final.jar:/Users/pp/.m2/repository/jakarta/validation/jakarta.validation-api/2.0.2/jakarta.validation-api-2.0.2.jar:/Users/pp/.m2/repository/io/quarkus/quarkus-junit5/1.4.2.Final/quarkus-junit5-1.4.2.Final.jar:/Users/pp/.m2/repository/io/quarkus/quarkus-bootstrap-core/1.4.2.Final/quarkus-bootstrap-core-1.4.2.Final.jar:/Users/pp/.m2/repository/org/ow2/asm/asm/7.3.1/asm-7.3.1.jar:/Users/pp/.m2/repository/org/apache/maven/maven-embedder/3.6.3/maven-embedder-3.6.3.jar:/Users/pp/.m2/repository/org/apache/maven/maven-settings/3.6.3/maven-settings-3.6.3.jar:/Users/pp/.m2/repository/org/apache/maven/maven-core/3.6.3/maven-core-3.6.3.jar:/Users/pp/.m2/repository/org/apache/maven/maven-artifact/3.6.2/maven-artifact-3.6.2.jar:/Users/pp/.m2/repository/org/codehaus/plexus/plexus-component-annotations/2.1.0/plexus-component-annotations-2.1.0.jar:/Users/pp/.m2/repository/org/apache/maven/maven-plugin-api/3.6.3/maven-plugin-api-3.6.3.jar:/Users/pp/.m2/repository/org/apache/maven/maven-model/3.6.3/maven-model-3.6.3.jar:/Users/pp/.m2/repository/org/apache/maven/maven-model-builder/3.6.3/maven-model-builder-3.6.3.jar:/Users/pp/.m2/repository/org/apache/maven/maven-builder-support/3.6.3/maven-builder-support-3.6.3.jar:/Users/pp/.m2/repository/org/apache/maven/resolver/maven-resolver-api/1.4.1/maven-resolver-api-1.4.1.jar:/Users/pp/.m2/repository/org/apache/maven/resolver/maven-resolver-util/1.4.1/maven-resolver-util-1.4.1.jar:/Users/pp/.m2/repository/org/apache/maven/shared/maven-shared-utils/3.2.1/maven-shared-utils-3.2.1.jar:/Users/pp/.m2/repository/com/google/inject/guice/4.2.1/guice-4.2.1-no_aop.jar:/Users/pp/.m2/repository/com/google/guava/guava/27.0.1-jre/guava-27.0.1-jre.jar:/Users/pp/.m2/repository/com/google/guava/failureaccess/1.0.1/failureaccess-1.0.1.jar:/Users/pp/.m2/repository/com/google/guava/listenablefuture/9999.0-empty-to-avoid-conflict-with-guava/listenablefuture-9999.0-empty-to-avoid-conflict-with-guava.jar:/Users/pp/.m2/repository/org/codehaus/plexus/plexus-utils/3.2.1/plexus-utils-3.2.1.jar:/Users/pp/.m2/repository/org/eclipse/sisu/org.eclipse.sisu.plexus/0.3.4/org.eclipse.sisu.plexus-0.3.4.jar:/Users/pp/.m2/repository/commons-cli/commons-cli/1.4/commons-cli-1.4.jar:/Users/pp/.m2/repository/org/apache/maven/maven-settings-builder/3.6.3/maven-settings-builder-3.6.3.jar:/Users/pp/.m2/repository/org/codehaus/plexus/plexus-interpolation/1.25/plexus-interpolation-1.25.jar:/Users/pp/.m2/repository/org/sonatype/plexus/plexus-sec-dispatcher/1.4/plexus-sec-dispatcher-1.4.jar:/Users/pp/.m2/repository/org/sonatype/plexus/plexus-cipher/1.4/plexus-cipher-1.4.jar:/Users/pp/.m2/repository/org/apache/maven/maven-resolver-provider/3.6.3/maven-resolver-provider-3.6.3.jar:/Users/pp/.m2/repository/org/apache/maven/maven-repository-metadata/3.6.3/maven-repository-metadata-3.6.3.jar:/Users/pp/.m2/repository/org/apache/maven/resolver/maven-resolver-spi/1.4.1/maven-resolver-spi-1.4.1.jar:/Users/pp/.m2/repository/org/apache/maven/resolver/maven-resolver-impl/1.4.1/maven-resolver-impl-1.4.1.jar:/Users/pp/.m2/repository/org/apache/maven/resolver/maven-resolver-connector-basic/1.4.1/maven-resolver-connector-basic-1.4.1.jar:/Users/pp/.m2/repository/org/apache/maven/resolver/maven-resolver-transport-wagon/1.4.1/maven-resolver-transport-wagon-1.4.1.jar:/Users/pp/.m2/repository/org/apache/maven/wagon/wagon-http/3.3.4/wagon-http-3.3.4.jar:/Users/pp/.m2/repository/org/apache/maven/wagon/wagon-http-shared/3.3.4/wagon-http-shared-3.3.4.jar:/Users/pp/.m2/repository/org/jsoup/jsoup/1.12.1/jsoup-1.12.1.jar:/Users/pp/.m2/repository/org/apache/maven/wagon/wagon-provider-api/3.3.4/wagon-provider-api-3.3.4.jar:/Users/pp/.m2/repository/org/apache/maven/wagon/wagon-file/3.3.4/wagon-file-3.3.4.jar:/Users/pp/.m2/repository/org/jboss/logging/jboss-logging/3.3.2.Final/jboss-logging-3.3.2.Final.jar:/Users/pp/.m2/repository/io/quarkus/quarkus-test-common/1.4.2.Final/quarkus-test-common-1.4.2.Final.jar:/Users/pp/.m2/repository/io/quarkus/quarkus-core-deployment/1.4.2.Final/quarkus-core-deployment-1.4.2.Final.jar:/Users/pp/.m2/repository/io/quarkus/gizmo/gizmo/1.0.2.Final/gizmo-1.0.2.Final.jar:/Users/pp/.m2/repository/org/ow2/asm/asm-util/7.3.1/asm-util-7.3.1.jar:/Users/pp/.m2/repository/org/ow2/asm/asm-tree/7.3.1/asm-tree-7.3.1.jar:/Users/pp/.m2/repository/org/ow2/asm/asm-analysis/7.3.1/asm-analysis-7.3.1.jar:/Users/pp/.m2/repository/io/quarkus/quarkus-builder/1.4.2.Final/quarkus-builder-1.4.2.Final.jar:/Users/pp/.m2/repository/io/quarkus/quarkus-jsonp-deployment/1.4.2.Final/quarkus-jsonp-deployment-1.4.2.Final.jar:/Users/pp/.m2/repository/org/jboss/jandex/2.1.3.Final/jandex-2.1.3.Final.jar:/Users/pp/.m2/repository/org/junit/jupiter/junit-jupiter/5.6.2/junit-jupiter-5.6.2.jar:/Users/pp/.m2/repository/org/junit/jupiter/junit-jupiter-api/5.6.2/junit-jupiter-api-5.6.2.jar:/Users/pp/.m2/repository/org/apiguardian/apiguardian-api/1.1.0/apiguardian-api-1.1.0.jar:/Users/pp/.m2/repository/org/opentest4j/opentest4j/1.2.0/opentest4j-1.2.0.jar:/Users/pp/.m2/repository/org/junit/platform/junit-platform-commons/1.6.2/junit-platform-commons-1.6.2.jar:/Users/pp/.m2/repository/org/junit/jupiter/junit-jupiter-params/5.6.2/junit-jupiter-params-5.6.2.jar:/Users/pp/.m2/repository/org/junit/jupiter/junit-jupiter-engine/5.6.2/junit-jupiter-engine-5.6.2.jar:/Users/pp/.m2/repository/org/junit/platform/junit-platform-engine/1.6.2/junit-platform-engine-1.6.2.jar:/Users/pp/.m2/repository/io/quarkus/quarkus-core/1.4.2.Final/quarkus-core-1.4.2.Final.jar:/Users/pp/.m2/repository/jakarta/inject/jakarta.inject-api/1.0/jakarta.inject-api-1.0.jar:/Users/pp/.m2/repository/io/quarkus/quarkus-ide-launcher/1.4.2.Final/quarkus-ide-launcher-1.4.2.Final.jar:/Users/pp/.m2/repository/io/smallrye/config/smallrye-config/1.7.0/smallrye-config-1.7.0.jar:/Users/pp/.m2/repository/io/smallrye/config/smallrye-config-common/1.7.0/smallrye-config-common-1.7.0.jar:/Users/pp/.m2/repository/org/jboss/logmanager/jboss-logmanager-embedded/1.0.4/jboss-logmanager-embedded-1.0.4.jar:/Users/pp/.m2/repository/org/jboss/logging/jboss-logging-annotations/2.1.0.Final/jboss-logging-annotations-2.1.0.Final.jar:/Users/pp/.m2/repository/org/jboss/threads/jboss-threads/3.1.1.Final/jboss-threads-3.1.1.Final.jar:/Users/pp/.m2/repository/org/slf4j/slf4j-api/1.7.30/slf4j-api-1.7.30.jar:/Users/pp/.m2/repository/org/jboss/slf4j/slf4j-jboss-logging/1.2.0.Final/slf4j-jboss-logging-1.2.0.Final.jar:/Users/pp/.m2/repository/org/graalvm/sdk/graal-sdk/19.3.1/graal-sdk-19.3.1.jar:/Users/pp/.m2/repository/org/wildfly/common/wildfly-common/1.5.4.Final-format-001/wildfly-common-1.5.4.Final-format-001.jar:/Users/pp/.m2/repository/io/rest-assured/rest-assured/4.3.0/rest-assured-4.3.0.jar:/Users/pp/.m2/repository/org/codehaus/groovy/groovy/3.0.2/groovy-3.0.2.jar:/Users/pp/.m2/repository/org/codehaus/groovy/groovy-xml/3.0.2/groovy-xml-3.0.2.jar:/Users/pp/.m2/repository/org/apache/httpcomponents/httpclient/4.5.12/httpclient-4.5.12.jar:/Users/pp/.m2/repository/org/apache/httpcomponents/httpcore/4.4.13/httpcore-4.4.13.jar:/Users/pp/.m2/repository/commons-codec/commons-codec/1.13/commons-codec-1.13.jar:/Users/pp/.m2/repository/org/apache/httpcomponents/httpmime/4.5.3/httpmime-4.5.3.jar:/Users/pp/.m2/repository/org/hamcrest/hamcrest/2.1/hamcrest-2.1.jar:/Users/pp/.m2/repository/org/ccil/cowan/tagsoup/tagsoup/1.2.1/tagsoup-1.2.1.jar:/Users/pp/.m2/repository/io/rest-assured/json-path/4.3.0/json-path-4.3.0.jar:/Users/pp/.m2/repository/org/codehaus/groovy/groovy-json/3.0.2/groovy-json-3.0.2.jar:/Users/pp/.m2/repository/io/rest-assured/rest-assured-common/4.3.0/rest-assured-common-4.3.0.jar:/Users/pp/.m2/repository/io/rest-assured/xml-path/4.3.0/xml-path-4.3.0.jar:/Users/pp/.m2/repository/org/apache/commons/commons-lang3/3.9/commons-lang3-3.9.jar:/Users/pp/.m2/repository/jakarta/xml/bind/jakarta.xml.bind-api/2.3.2/jakarta.xml.bind-api-2.3.2.jar:/Users/pp/.m2/repository/jakarta/activation/jakarta.activation-api/1.2.1/jakarta.activation-api-1.2.1.jar:/Users/pp/.m2/repository/org/apache/sling/org.apache.sling.javax.activation/0.1.0/org.apache.sling.javax.activation-0.1.0.jar:/Users/pp/.m2/repository/io/quarkus/quarkus-undertow-websockets/1.4.2.Final/quarkus-undertow-websockets-1.4.2.Final.jar:/Users/pp/.m2/repository/io/quarkus/http/quarkus-http-websockets-jsr/3.0.7.Final/quarkus-http-websockets-jsr-3.0.7.Final.jar:/Users/pp/.m2/repository/jakarta/websocket/jakarta.websocket-api/1.1.2/jakarta.websocket-api-1.1.2.jar:/Users/pp/.m2/repository/io/quarkus/quarkus-rest-client/1.4.2.Final/quarkus-rest-client-1.4.2.Final.jar:/Users/pp/.m2/repository/io/quarkus/quarkus-arc/1.4.2.Final/quarkus-arc-1.4.2.Final.jar:/Users/pp/.m2/repository/io/quarkus/arc/arc/1.4.2.Final/arc-1.4.2.Final.jar:/Users/pp/.m2/repository/jakarta/transaction/jakarta.transaction-api/1.3.3/jakarta.transaction-api-1.3.3.jar:/Users/pp/.m2/repository/io/quarkus/quarkus-resteasy-common/1.4.2.Final/quarkus-resteasy-common-1.4.2.Final.jar:/Users/pp/.m2/repository/org/jboss/resteasy/resteasy-core/4.5.3.Final/resteasy-core-4.5.3.Final.jar:/Users/pp/.m2/repository/org/jboss/spec/javax/ws/rs/jboss-jaxrs-api_2.1_spec/2.0.1.Final/jboss-jaxrs-api_2.1_spec-2.0.1.Final.jar:/Users/pp/.m2/repository/org/jboss/spec/javax/xml/bind/jboss-jaxb-api_2.3_spec/2.0.0.Final/jboss-jaxb-api_2.3_spec-2.0.0.Final.jar:/Users/pp/.m2/repository/org/jboss/resteasy/resteasy-core-spi/4.5.3.Final/resteasy-core-spi-4.5.3.Final.jar:/Users/pp/.m2/repository/org/reactivestreams/reactive-streams/1.0.3/reactive-streams-1.0.3.jar:/Users/pp/.m2/repository/org/eclipse/microprofile/config/microprofile-config-api/1.4/microprofile-config-api-1.4.jar:/Users/pp/.m2/repository/com/sun/activation/jakarta.activation/1.2.1/jakarta.activation-1.2.1.jar:/Users/pp/.m2/repository/org/jboss/resteasy/resteasy-client-microprofile/4.5.3.Final/resteasy-client-microprofile-4.5.3.Final.jar:/Users/pp/.m2/repository/org/jboss/resteasy/resteasy-client/4.5.3.Final/resteasy-client-4.5.3.Final.jar:/Users/pp/.m2/repository/org/jboss/resteasy/resteasy-client-api/4.5.3.Final/resteasy-client-api-4.5.3.Final.jar:/Users/pp/.m2/repository/org/eclipse/microprofile/rest/client/microprofile-rest-client-api/1.4.1/microprofile-rest-client-api-1.4.1.jar:/Users/pp/.m2/repository/jakarta/interceptor/jakarta.interceptor-api/1.2.5/jakarta.interceptor-api-1.2.5.jar:/Users/pp/.m2/repository/org/apache/httpcomponents/httpasyncclient/4.1.4/httpasyncclient-4.1.4.jar:/Users/pp/.m2/repository/org/apache/httpcomponents/httpcore-nio/4.4.13/httpcore-nio-4.4.13.jar:/Users/pp/.m2/repository/org/jboss/logging/commons-logging-jboss-logging/1.0.0.Final/commons-logging-jboss-logging-1.0.0.Final.jar:/Users/pp/.m2/repository/io/quarkus/quarkus-resteasy-jsonb/1.4.2.Final/quarkus-resteasy-jsonb-1.4.2.Final.jar:/Users/pp/.m2/repository/org/jboss/resteasy/resteasy-json-binding-provider/4.5.3.Final/resteasy-json-binding-provider-4.5.3.Final.jar:/Users/pp/.m2/repository/jakarta/json/bind/jakarta.json.bind-api/1.0.2/jakarta.json.bind-api-1.0.2.jar:/Users/pp/.m2/repository/org/jboss/resteasy/resteasy-json-p-provider/4.5.3.Final/resteasy-json-p-provider-4.5.3.Final.jar:/Users/pp/.m2/repository/commons-io/commons-io/2.6/commons-io-2.6.jar:/Users/pp/.m2/repository/io/quarkus/quarkus-undertow/1.4.2.Final/quarkus-undertow-1.4.2.Final.jar:/Users/pp/.m2/repository/io/quarkus/security/quarkus-security/1.1.0.Final/quarkus-security-1.1.0.Final.jar:/Users/pp/.m2/repository/io/smallrye/reactive/mutiny/0.4.4/mutiny-0.4.4.jar:/Users/pp/.m2/repository/jakarta/enterprise/jakarta.enterprise.cdi-api/2.0.2/jakarta.enterprise.cdi-api-2.0.2.jar:/Users/pp/.m2/repository/jakarta/el/jakarta.el-api/3.0.3/jakarta.el-api-3.0.3.jar:/Users/pp/.m2/repository/io/quarkus/http/quarkus-http-servlet/3.0.7.Final/quarkus-http-servlet-3.0.7.Final.jar:/Users/pp/.m2/repository/jakarta/servlet/jakarta.servlet-api/4.0.3/jakarta.servlet-api-4.0.3.jar:/Users/pp/.m2/repository/jakarta/annotation/jakarta.annotation-api/1.3.5/jakarta.annotation-api-1.3.5.jar:/Users/pp/.m2/repository/io/quarkus/http/quarkus-http-vertx-backend/3.0.7.Final/quarkus-http-vertx-backend-3.0.7.Final.jar:/Users/pp/.m2/repository/io/vertx/vertx-core/3.8.5/vertx-core-3.8.5.jar:/Users/pp/.m2/repository/io/netty/netty-common/4.1.45.Final/netty-common-4.1.45.Final.jar:/Users/pp/.m2/repository/io/netty/netty-buffer/4.1.45.Final/netty-buffer-4.1.45.Final.jar:/Users/pp/.m2/repository/io/netty/netty-transport/4.1.45.Final/netty-transport-4.1.45.Final.jar:/Users/pp/.m2/repository/io/netty/netty-handler/4.1.45.Final/netty-handler-4.1.45.Final.jar:/Users/pp/.m2/repository/io/netty/netty-handler-proxy/4.1.45.Final/netty-handler-proxy-4.1.45.Final.jar:/Users/pp/.m2/repository/io/netty/netty-codec-socks/4.1.45.Final/netty-codec-socks-4.1.45.Final.jar:/Users/pp/.m2/repository/io/netty/netty-codec-http2/4.1.45.Final/netty-codec-http2-4.1.45.Final.jar:/Users/pp/.m2/repository/io/netty/netty-resolver/4.1.45.Final/netty-resolver-4.1.45.Final.jar:/Users/pp/.m2/repository/io/netty/netty-resolver-dns/4.1.45.Final/netty-resolver-dns-4.1.45.Final.jar:/Users/pp/.m2/repository/io/netty/netty-codec-dns/4.1.45.Final/netty-codec-dns-4.1.45.Final.jar:/Users/pp/.m2/repository/io/quarkus/http/quarkus-http-http-core/3.0.7.Final/quarkus-http-http-core-3.0.7.Final.jar:/Users/pp/.m2/repository/io/quarkus/http/quarkus-http-core/3.0.7.Final/quarkus-http-core-3.0.7.Final.jar:/Users/pp/.m2/repository/io/netty/netty-codec-http/4.1.45.Final/netty-codec-http-4.1.45.Final.jar:/Users/pp/.m2/repository/io/netty/netty-codec/4.1.45.Final/netty-codec-4.1.45.Final.jar:/Users/pp/.m2/repository/org/eclipse/microprofile/context-propagation/microprofile-context-propagation-api/1.0.1/microprofile-context-propagation-api-1.0.1.jar:/Users/pp/.m2/repository/io/quarkus/quarkus-jsonb/1.4.2.Final/quarkus-jsonb-1.4.2.Final.jar:/Users/pp/.m2/repository/org/eclipse/yasson/1.0.7/yasson-1.0.7.jar:/Users/pp/.m2/repository/io/quarkus/quarkus-jsonp/1.4.2.Final/quarkus-jsonp-1.4.2.Final.jar:/Users/pp/.m2/repository/org/glassfish/jakarta.json/1.1.6/jakarta.json-1.1.6.jar:"/>
    <property name="sun.cpu.endian" value="little"/>
    <property name="user.home" value="/Users/pp"/>
    <property name="user.language" value="es"/>
    <property name="java.specification.vendor" value="Oracle Corporation"/>
    <property name="java.version.date" value="2021-07-20"/>
    <property name="java.home" value="/usr/local/Cellar/openjdk/16.0.2/libexec/openjdk.jdk/Contents/Home"/>
    <property name="file.separator" value="/"/>
    <property name="basedir" value="/Users/pp/Desktop/VideoControlSystemNative"/>
    <property name="java.vm.compressedOopsMode" value="Zero based"/>
    <property name="line.separator" value="&#10;"/>
    <property name="java.specification.name" value="Java Platform API Specification"/>
    <property name="java.vm.specification.vendor" value="Oracle Corporation"/>
    <property name="surefire.real.class.path" value="/Users/pp/Desktop/VideoControlSystemNative/target/surefire/surefirebooter4426239268990247950.jar"/>
    <property name="sun.management.compiler" value="HotSpot 64-Bit Tiered Compilers"/>
    <property name="ftp.nonProxyHosts" value="local|*.local|169.254/16|*.169.254/16"/>
    <property name="java.runtime.version" value="16.0.2+0"/>
    <property name="user.name" value="pp"/>
    <property name="path.separator" value=":"/>
    <property name="os.version" value="11.3"/>
    <property name="java.runtime.name" value="OpenJDK Runtime Environment"/>
    <property name="file.encoding" value="UTF-8"/>
    <property name="java.vm.name" value="OpenJDK 64-Bit Server VM"/>
    <property name="java.vendor.version" value="Homebrew"/>
    <property name="localRepository" value="/Users/pp/.m2/repository"/>
    <property name="java.vendor.url.bug" value="https://github.com/Homebrew/homebrew-core/issues"/>
    <property name="java.io.tmpdir" value="/var/folders/0q/69q7z1ds71j_pxvh_3jw47tm0000gn/T/"/>
    <property name="java.version" value="16.0.2"/>
    <property name="user.dir" value="/Users/pp/Desktop/VideoControlSystemNative"/>
    <property name="os.arch" value="x86_64"/>
    <property name="java.vm.specification.name" value="Java Virtual Machine Specification"/>
    <property name="java.util.logging.manager" value="org.jboss.logmanager.LogManager"/>
    <property name="java.library.path" value="/Users/pp/Library/Java/Extensions:/Library/Java/Extensions:/Network/Library/Java/Extensions:/System/Library/Java/Extensions:/usr/lib/java:."/>
    <property name="java.vm.info" value="mixed mode, sharing"/>
    <property name="java.vendor" value="Homebrew"/>
    <property name="java.vm.version" value="16.0.2+0"/>
    <property name="sun.io.unicode.encoding" value="UnicodeBig"/>
    <property name="socksNonProxyHosts" value="local|*.local|169.254/16|*.169.254/16"/>
    <property name="java.class.version" value="60.0"/>
  </properties>
  <testcase name="testHelloEndpoint" classname="org.ostfalia.ExampleResourceTest" time="2.983">
    <failure message="1 expectation failed.&#10;Expected status code &lt;200&gt; but was &lt;404&gt;.&#10;" type="java.lang.AssertionError"><![CDATA[java.lang.AssertionError: 
1 expectation failed.
Expected status code <200> but was <404>.

	at org.ostfalia.ExampleResourceTest.testHelloEndpoint(ExampleResourceTest.java:17)
]]></failure>
    <system-out><![CDATA[Downloading from central: https://repo.maven.apache.org/maven2/io/quarkus/quarkus-resteasy-deployment/1.4.2.Final/quarkus-resteasy-deployment-1.4.2.Final.pom
Progress (1): quarkus-resteasy-deployment-1.4.2.Final.pom (2.7/3.8 kB)Progress (1): quarkus-resteasy-deployment-1.4.2.Final.pom (3.8 kB)                                                                      Downloaded from central: https://repo.maven.apache.org/maven2/io/quarkus/quarkus-resteasy-deployment/1.4.2.Final/quarkus-resteasy-deployment-1.4.2.Final.pom (3.8 kB at 6.5 kB/s)
Downloading from central: https://repo.maven.apache.org/maven2/io/quarkus/quarkus-resteasy-server-common-deployment/1.4.2.Final/quarkus-resteasy-server-common-deployment-1.4.2.Final.pom
Progress (1): quarkus-resteasy-server-common-deployment-1.4.2.Final.pom (2.2 kB)                                                                                Downloaded from central: https://repo.maven.apache.org/maven2/io/quarkus/quarkus-resteasy-server-common-deployment/1.4.2.Final/quarkus-resteasy-server-common-deployment-1.4.2.Final.pom (2.2 kB at 11 kB/s)
Downloading from central: https://repo.maven.apache.org/maven2/org/jsoup/jsoup/1.11.3/jsoup-1.11.3.pom
Progress (1): jsoup-1.11.3.pom (2.7/8.3 kB)Progress (1): jsoup-1.11.3.pom (5.5/8.3 kB)Progress (1): jsoup-1.11.3.pom (8.2/8.3 kB)Progress (1): jsoup-1.11.3.pom (8.3 kB)                                           Downloaded from central: https://repo.maven.apache.org/maven2/org/jsoup/jsoup/1.11.3/jsoup-1.11.3.pom (8.3 kB at 143 kB/s)
Downloading from central: https://repo.maven.apache.org/maven2/org/apache/maven/wagon/wagon-provider-api/3.3.3/wagon-provider-api-3.3.3.pom
Progress (1): wagon-provider-api-3.3.3.pom (1.9 kB)                                                   Downloaded from central: https://repo.maven.apache.org/maven2/org/apache/maven/wagon/wagon-provider-api/3.3.3/wagon-provider-api-3.3.3.pom (1.9 kB at 42 kB/s)
Downloading from central: https://repo.maven.apache.org/maven2/org/apache/maven/wagon/wagon/3.3.3/wagon-3.3.3.pom
Progress (1): wagon-3.3.3.pom (2.7/21 kB)Progress (1): wagon-3.3.3.pom (5.5/21 kB)Progress (1): wagon-3.3.3.pom (8.2/21 kB)Progress (1): wagon-3.3.3.pom (11/21 kB) Progress (1): wagon-3.3.3.pom (14/21 kB)Progress (1): wagon-3.3.3.pom (16/21 kB)Progress (1): wagon-3.3.3.pom (19/21 kB)Progress (1): wagon-3.3.3.pom (21 kB)                                        Downloaded from central: https://repo.maven.apache.org/maven2/org/apache/maven/wagon/wagon/3.3.3/wagon-3.3.3.pom (21 kB at 316 kB/s)
Downloading from central: https://repo.maven.apache.org/maven2/io/quarkus/quarkus-resteasy-common-deployment/1.4.2.Final/quarkus-resteasy-common-deployment-1.4.2.Final.pom
Progress (1): quarkus-resteasy-common-deployment-1.4.2.Final.pom (2.0 kB)                                                                         Downloaded from central: https://repo.maven.apache.org/maven2/io/quarkus/quarkus-resteasy-common-deployment/1.4.2.Final/quarkus-resteasy-common-deployment-1.4.2.Final.pom (2.0 kB at 9.1 kB/s)
Downloading from central: https://repo.maven.apache.org/maven2/io/quarkus/quarkus-resteasy-common-spi/1.4.2.Final/quarkus-resteasy-common-spi-1.4.2.Final.pom
Progress (1): quarkus-resteasy-common-spi-1.4.2.Final.pom (817 B)                                                                 Downloaded from central: https://repo.maven.apache.org/maven2/io/quarkus/quarkus-resteasy-common-spi/1.4.2.Final/quarkus-resteasy-common-spi-1.4.2.Final.pom (817 B at 3.7 kB/s)
Downloading from central: https://repo.maven.apache.org/maven2/io/quarkus/quarkus-arc-deployment/1.4.2.Final/quarkus-arc-deployment-1.4.2.Final.pom
Progress (1): quarkus-arc-deployment-1.4.2.Final.pom (1.6 kB)                                                             Downloaded from central: https://repo.maven.apache.org/maven2/io/quarkus/quarkus-arc-deployment/1.4.2.Final/quarkus-arc-deployment-1.4.2.Final.pom (1.6 kB at 12 kB/s)
Downloading from central: https://repo.maven.apache.org/maven2/io/quarkus/arc/arc-processor/1.4.2.Final/arc-processor-1.4.2.Final.pom
Progress (1): arc-processor-1.4.2.Final.pom (1.7 kB)                                                    Downloaded from central: https://repo.maven.apache.org/maven2/io/quarkus/arc/arc-processor/1.4.2.Final/arc-processor-1.4.2.Final.pom (1.7 kB at 36 kB/s)
Downloading from central: https://repo.maven.apache.org/maven2/io/quarkus/quarkus-resteasy-server-common-spi/1.4.2.Final/quarkus-resteasy-server-common-spi-1.4.2.Final.pom
Progress (1): quarkus-resteasy-server-common-spi-1.4.2.Final.pom (889 B)                                                                        Downloaded from central: https://repo.maven.apache.org/maven2/io/quarkus/quarkus-resteasy-server-common-spi/1.4.2.Final/quarkus-resteasy-server-common-spi-1.4.2.Final.pom (889 B at 3.8 kB/s)
Downloading from central: https://repo.maven.apache.org/maven2/io/quarkus/quarkus-undertow-spi/1.4.2.Final/quarkus-undertow-spi-1.4.2.Final.pom
Progress (1): quarkus-undertow-spi-1.4.2.Final.pom (2.0 kB)                                                           Downloaded from central: https://repo.maven.apache.org/maven2/io/quarkus/quarkus-undertow-spi/1.4.2.Final/quarkus-undertow-spi-1.4.2.Final.pom (2.0 kB at 9.4 kB/s)
Downloading from central: https://repo.maven.apache.org/maven2/org/jboss/metadata/jboss-metadata-web/11.0.0.Final/jboss-metadata-web-11.0.0.Final.pom
Progress (1): jboss-metadata-web-11.0.0.Final.pom (2.7/4.7 kB)Progress (1): jboss-metadata-web-11.0.0.Final.pom (4.7 kB)                                                              Downloaded from central: https://repo.maven.apache.org/maven2/org/jboss/metadata/jboss-metadata-web/11.0.0.Final/jboss-metadata-web-11.0.0.Final.pom (4.7 kB at 104 kB/s)
Downloading from central: https://repo.maven.apache.org/maven2/org/jboss/metadata/jboss-as-parent-metadata/11.0.0.Final/jboss-as-parent-metadata-11.0.0.Final.pom
Progress (1): jboss-as-parent-metadata-11.0.0.Final.pom (4.1/17 kB)Progress (1): jboss-as-parent-metadata-11.0.0.Final.pom (8.2/17 kB)Progress (1): jboss-as-parent-metadata-11.0.0.Final.pom (12/17 kB) Progress (1): jboss-as-parent-metadata-11.0.0.Final.pom (16/17 kB)Progress (1): jboss-as-parent-metadata-11.0.0.Final.pom (17 kB)                                                                  Downloaded from central: https://repo.maven.apache.org/maven2/org/jboss/metadata/jboss-as-parent-metadata/11.0.0.Final/jboss-as-parent-metadata-11.0.0.Final.pom (17 kB at 298 kB/s)
Downloading from central: https://repo.maven.apache.org/maven2/org/jboss/jboss-parent/16/jboss-parent-16.pom
Progress (1): jboss-parent-16.pom (4.1/32 kB)Progress (1): jboss-parent-16.pom (8.2/32 kB)Progress (1): jboss-parent-16.pom (12/32 kB) Progress (1): jboss-parent-16.pom (16/32 kB)Progress (1): jboss-parent-16.pom (20/32 kB)Progress (1): jboss-parent-16.pom (25/32 kB)Progress (1): jboss-parent-16.pom (29/32 kB)Progress (1): jboss-parent-16.pom (32 kB)                                            Downloaded from central: https://repo.maven.apache.org/maven2/org/jboss/jboss-parent/16/jboss-parent-16.pom (32 kB at 563 kB/s)
Downloading from central: https://repo.maven.apache.org/maven2/org/jboss/metadata/jboss-metadata-common/11.0.0.Final/jboss-metadata-common-11.0.0.Final.pom
Progress (1): jboss-metadata-common-11.0.0.Final.pom (4.0 kB)                                                             Downloaded from central: https://repo.maven.apache.org/maven2/org/jboss/metadata/jboss-metadata-common/11.0.0.Final/jboss-metadata-common-11.0.0.Final.pom (4.0 kB at 101 kB/s)
Downloading from central: https://repo.maven.apache.org/maven2/io/quarkus/quarkus-vertx-http-deployment/1.4.2.Final/quarkus-vertx-http-deployment-1.4.2.Final.pom
Progress (1): quarkus-vertx-http-deployment-1.4.2.Final.pom (3.0 kB)                                                                    Downloaded from central: https://repo.maven.apache.org/maven2/io/quarkus/quarkus-vertx-http-deployment/1.4.2.Final/quarkus-vertx-http-deployment-1.4.2.Final.pom (3.0 kB at 15 kB/s)
Downloading from central: https://repo.maven.apache.org/maven2/io/quarkus/quarkus-vertx-core-deployment/1.4.2.Final/quarkus-vertx-core-deployment-1.4.2.Final.pom
Progress (1): quarkus-vertx-core-deployment-1.4.2.Final.pom (2.2 kB)                                                                    Downloaded from central: https://repo.maven.apache.org/maven2/io/quarkus/quarkus-vertx-core-deployment/1.4.2.Final/quarkus-vertx-core-deployment-1.4.2.Final.pom (2.2 kB at 11 kB/s)
Downloading from central: https://repo.maven.apache.org/maven2/io/quarkus/quarkus-netty-deployment/1.4.2.Final/quarkus-netty-deployment-1.4.2.Final.pom
Progress (1): quarkus-netty-deployment-1.4.2.Final.pom (1.6 kB)                                                               Downloaded from central: https://repo.maven.apache.org/maven2/io/quarkus/quarkus-netty-deployment/1.4.2.Final/quarkus-netty-deployment-1.4.2.Final.pom (1.6 kB at 4.5 kB/s)
Downloading from central: https://repo.maven.apache.org/maven2/io/quarkus/quarkus-kubernetes-spi/1.4.2.Final/quarkus-kubernetes-spi-1.4.2.Final.pom
Progress (1): quarkus-kubernetes-spi-1.4.2.Final.pom (862 B)                                                            Downloaded from central: https://repo.maven.apache.org/maven2/io/quarkus/quarkus-kubernetes-spi/1.4.2.Final/quarkus-kubernetes-spi-1.4.2.Final.pom (862 B at 6.2 kB/s)
Downloading from central: https://repo.maven.apache.org/maven2/io/quarkus/quarkus-kubernetes-parent/1.4.2.Final/quarkus-kubernetes-parent-1.4.2.Final.pom
Progress (1): quarkus-kubernetes-parent-1.4.2.Final.pom (786 B)                                                               Downloaded from central: https://repo.maven.apache.org/maven2/io/quarkus/quarkus-kubernetes-parent/1.4.2.Final/quarkus-kubernetes-parent-1.4.2.Final.pom (786 B at 4.0 kB/s)
Downloading from central: https://repo.maven.apache.org/maven2/io/quarkus/quarkus-security-spi/1.4.2.Final/quarkus-security-spi-1.4.2.Final.pom
Progress (1): quarkus-security-spi-1.4.2.Final.pom (1.4 kB)                                                           Downloaded from central: https://repo.maven.apache.org/maven2/io/quarkus/quarkus-security-spi/1.4.2.Final/quarkus-security-spi-1.4.2.Final.pom (1.4 kB at 4.0 kB/s)
Downloading from central: https://repo.maven.apache.org/maven2/io/quarkus/quarkus-security-parent/1.4.2.Final/quarkus-security-parent-1.4.2.Final.pom
Progress (1): quarkus-security-parent-1.4.2.Final.pom (819 B)                                                             Downloaded from central: https://repo.maven.apache.org/maven2/io/quarkus/quarkus-security-parent/1.4.2.Final/quarkus-security-parent-1.4.2.Final.pom (819 B at 6.8 kB/s)
Downloading from central: https://repo.maven.apache.org/maven2/org/graalvm/nativeimage/svm/19.3.1/svm-19.3.1.pom
Progress (1): svm-19.3.1.pom (2.7 kB)                                     Downloaded from central: https://repo.maven.apache.org/maven2/org/graalvm/nativeimage/svm/19.3.1/svm-19.3.1.pom (2.7 kB at 61 kB/s)
Downloading from central: https://repo.maven.apache.org/maven2/io/quarkus/quarkus-undertow-websockets-deployment/1.4.2.Final/quarkus-undertow-websockets-deployment-1.4.2.Final.pom
Progress (1): quarkus-undertow-websockets-deployment-1.4.2.Final.pom (1.9 kB)                                                                             Downloaded from central: https://repo.maven.apache.org/maven2/io/quarkus/quarkus-undertow-websockets-deployment/1.4.2.Final/quarkus-undertow-websockets-deployment-1.4.2.Final.pom (1.9 kB at 4.1 kB/s)
Downloading from central: https://repo.maven.apache.org/maven2/io/quarkus/quarkus-undertow-deployment/1.4.2.Final/quarkus-undertow-deployment-1.4.2.Final.pom
Progress (1): quarkus-undertow-deployment-1.4.2.Final.pom (3.5 kB)                                                                  Downloaded from central: https://repo.maven.apache.org/maven2/io/quarkus/quarkus-undertow-deployment/1.4.2.Final/quarkus-undertow-deployment-1.4.2.Final.pom (3.5 kB at 13 kB/s)
Downloading from central: https://repo.maven.apache.org/maven2/io/quarkus/quarkus-rest-client-deployment/1.4.2.Final/quarkus-rest-client-deployment-1.4.2.Final.pom
Progress (1): quarkus-rest-client-deployment-1.4.2.Final.pom (2.4 kB)                                                                     Downloaded from central: https://repo.maven.apache.org/maven2/io/quarkus/quarkus-rest-client-deployment/1.4.2.Final/quarkus-rest-client-deployment-1.4.2.Final.pom (2.4 kB at 12 kB/s)
Downloading from central: https://repo.maven.apache.org/maven2/io/quarkus/quarkus-resteasy-jsonb-deployment/1.4.2.Final/quarkus-resteasy-jsonb-deployment-1.4.2.Final.pom
Progress (1): quarkus-resteasy-jsonb-deployment-1.4.2.Final.pom (2.3 kB)                                                                        Downloaded from central: https://repo.maven.apache.org/maven2/io/quarkus/quarkus-resteasy-jsonb-deployment/1.4.2.Final/quarkus-resteasy-jsonb-deployment-1.4.2.Final.pom (2.3 kB at 11 kB/s)
Downloading from central: https://repo.maven.apache.org/maven2/io/quarkus/quarkus-jsonb-deployment/1.4.2.Final/quarkus-jsonb-deployment-1.4.2.Final.pom
Progress (1): quarkus-jsonb-deployment-1.4.2.Final.pom (2.0 kB)                                                               Downloaded from central: https://repo.maven.apache.org/maven2/io/quarkus/quarkus-jsonb-deployment/1.4.2.Final/quarkus-jsonb-deployment-1.4.2.Final.pom (2.0 kB at 9.2 kB/s)
Downloading from central: https://repo.maven.apache.org/maven2/io/quarkus/quarkus-jsonb-spi/1.4.2.Final/quarkus-jsonb-spi-1.4.2.Final.pom
Progress (1): quarkus-jsonb-spi-1.4.2.Final.pom (828 B)                                                       Downloaded from central: https://repo.maven.apache.org/maven2/io/quarkus/quarkus-jsonb-spi/1.4.2.Final/quarkus-jsonb-spi-1.4.2.Final.pom (828 B at 3.8 kB/s)
Downloading from central: https://repo.maven.apache.org/maven2/io/quarkus/quarkus-resteasy-server-common-spi/1.4.2.Final/quarkus-resteasy-server-common-spi-1.4.2.Final.jar
Downloading from central: https://repo.maven.apache.org/maven2/io/quarkus/quarkus-resteasy-server-common-deployment/1.4.2.Final/quarkus-resteasy-server-common-deployment-1.4.2.Final.jar
Downloading from central: https://repo.maven.apache.org/maven2/io/quarkus/quarkus-undertow-spi/1.4.2.Final/quarkus-undertow-spi-1.4.2.Final.jar
Downloading from central: https://repo.maven.apache.org/maven2/io/quarkus/quarkus-netty-deployment/1.4.2.Final/quarkus-netty-deployment-1.4.2.Final.jar
Downloading from central: https://repo.maven.apache.org/maven2/io/quarkus/quarkus-vertx-core-deployment/1.4.2.Final/quarkus-vertx-core-deployment-1.4.2.Final.jar
Progress (1): quarkus-resteasy-server-common-spi-1.4.2.Final.jar (4.1/5.2 kB)Progress (1): quarkus-resteasy-server-common-spi-1.4.2.Final.jar (5.2 kB)    Progress (2): quarkus-resteasy-server-common-spi-1.4.2.Final.jar (5.2 kB) | quarkus-vertx-core-deployment-1.4.2.Final.jar (2.7/8.1 kB)Progress (2): quarkus-resteasy-server-common-spi-1.4.2.Final.jar (5.2 kB) | quarkus-vertx-core-deployment-1.4.2.Final.jar (5.5/8.1 kB)Progress (3): quarkus-resteasy-server-common-spi-1.4.2.Final.jar (5.2 kB) | quarkus-vertx-core-deployment-1.4.2.Final.jar (5.5/8.1 kB) | quarkus-netty-deployment-1.4.2.Final.jar (2.7/10 kB)Progress (3): quarkus-resteasy-server-common-spi-1.4.2.Final.jar (5.2 kB) | quarkus-vertx-core-deployment-1.4.2.Final.jar (8.1 kB) | quarkus-netty-deployment-1.4.2.Final.jar (2.7/10 kB)    Progress (4): quarkus-resteasy-server-common-spi-1.4.2.Final.jar (5.2 kB) | quarkus-vertx-core-deployment-1.4.2.Final.jar (8.1 kB) | quarkus-netty-deployment-1.4.2.Final.jar (2.7/10 kB) | quarkus-resteasy-server-common-deployment-1.4.2.Final.jar (2.7/29 kB)Progress (4): quarkus-resteasy-server-common-spi-1.4.2.Final.jar (5.2 kB) | quarkus-vertx-core-deployment-1.4.2.Final.jar (8.1 kB) | quarkus-netty-deployment-1.4.2.Final.jar (5.5/10 kB) | quarkus-resteasy-server-common-deployment-1.4.2.Final.jar (2.7/29 kB)Progress (4): quarkus-resteasy-server-common-spi-1.4.2.Final.jar (5.2 kB) | quarkus-vertx-core-deployment-1.4.2.Final.jar (8.1 kB) | quarkus-netty-deployment-1.4.2.Final.jar (5.5/10 kB) | quarkus-resteasy-server-common-deployment-1.4.2.Final.jar (5.5/29 kB)Progress (4): quarkus-resteasy-server-common-spi-1.4.2.Final.jar (5.2 kB) | quarkus-vertx-core-deployment-1.4.2.Final.jar (8.1 kB) | quarkus-netty-deployment-1.4.2.Final.jar (8.2/10 kB) | quarkus-resteasy-server-common-deployment-1.4.2.Final.jar (5.5/29 kB)Progress (4): quarkus-resteasy-server-common-spi-1.4.2.Final.jar (5.2 kB) | quarkus-vertx-core-deployment-1.4.2.Final.jar (8.1 kB) | quarkus-netty-deployment-1.4.2.Final.jar (8.2/10 kB) | quarkus-resteasy-server-common-deployment-1.4.2.Final.jar (8.2/29 kB)Progress (5): quarkus-resteasy-server-common-spi-1.4.2.Final.jar (5.2 kB) | quarkus-vertx-core-deployment-1.4.2.Final.jar (8.1 kB) | quarkus-netty-deployment-1.4.2.Final.jar (8.2/10 kB) | quarkus-resteasy-server-common-deployment-1.4.2.Final.jar (8.2/29 kB) | quarkus-undertow-spi-1.4.2.Final.jar (2.7/24 kB)Progress (5): quarkus-resteasy-server-common-spi-1.4.2.Final.jar (5.2 kB) | quarkus-vertx-core-deployment-1.4.2.Final.jar (8.1 kB) | quarkus-netty-deployment-1.4.2.Final.jar (8.2/10 kB) | quarkus-resteasy-server-common-deployment-1.4.2.Final.jar (11/29 kB) | quarkus-undertow-spi-1.4.2.Final.jar (2.7/24 kB) Progress (5): quarkus-resteasy-server-common-spi-1.4.2.Final.jar (5.2 kB) | quarkus-vertx-core-deployment-1.4.2.Final.jar (8.1 kB) | quarkus-netty-deployment-1.4.2.Final.jar (10 kB) | quarkus-resteasy-server-common-deployment-1.4.2.Final.jar (11/29 kB) | quarkus-undertow-spi-1.4.2.Final.jar (2.7/24 kB)    Progress (5): quarkus-resteasy-server-common-spi-1.4.2.Final.jar (5.2 kB) | quarkus-vertx-core-deployment-1.4.2.Final.jar (8.1 kB) | quarkus-netty-deployment-1.4.2.Final.jar (10 kB) | quarkus-resteasy-server-common-deployment-1.4.2.Final.jar (14/29 kB) | quarkus-undertow-spi-1.4.2.Final.jar (2.7/24 kB)Progress (5): quarkus-resteasy-server-common-spi-1.4.2.Final.jar (5.2 kB) | quarkus-vertx-core-deployment-1.4.2.Final.jar (8.1 kB) | quarkus-netty-deployment-1.4.2.Final.jar (10 kB) | quarkus-resteasy-server-common-deployment-1.4.2.Final.jar (14/29 kB) | quarkus-undertow-spi-1.4.2.Final.jar (5.5/24 kB)Progress (5): quarkus-resteasy-server-common-spi-1.4.2.Final.jar (5.2 kB) | quarkus-vertx-core-deployment-1.4.2.Final.jar (8.1 kB) | quarkus-netty-deployment-1.4.2.Final.jar (10 kB) | quarkus-resteasy-server-common-deployment-1.4.2.Final.jar (16/29 kB) | quarkus-undertow-spi-1.4.2.Final.jar (5.5/24 kB)Progress (5): quarkus-resteasy-server-common-spi-1.4.2.Final.jar (5.2 kB) | quarkus-vertx-core-deployment-1.4.2.Final.jar (8.1 kB) | quarkus-netty-deployment-1.4.2.Final.jar (10 kB) | quarkus-resteasy-server-common-deployment-1.4.2.Final.jar (16/29 kB) | quarkus-undertow-spi-1.4.2.Final.jar (8.2/24 kB)Progress (5): quarkus-resteasy-server-common-spi-1.4.2.Final.jar (5.2 kB) | quarkus-vertx-core-deployment-1.4.2.Final.jar (8.1 kB) | quarkus-netty-deployment-1.4.2.Final.jar (10 kB) | quarkus-resteasy-server-common-deployment-1.4.2.Final.jar (19/29 kB) | quarkus-undertow-spi-1.4.2.Final.jar (8.2/24 kB)Progress (5): quarkus-resteasy-server-common-spi-1.4.2.Final.jar (5.2 kB) | quarkus-vertx-core-deployment-1.4.2.Final.jar (8.1 kB) | quarkus-netty-deployment-1.4.2.Final.jar (10 kB) | quarkus-resteasy-server-common-deployment-1.4.2.Final.jar (19/29 kB) | quarkus-undertow-spi-1.4.2.Final.jar (11/24 kB)                                                                                                                                                                                                                                                                                                               Downloaded from central: https://repo.maven.apache.org/maven2/io/quarkus/quarkus-vertx-core-deployment/1.4.2.Final/quarkus-vertx-core-deployment-1.4.2.Final.jar (8.1 kB at 44 kB/s)
Progress (4): quarkus-resteasy-server-common-spi-1.4.2.Final.jar (5.2 kB) | quarkus-netty-deployment-1.4.2.Final.jar (10 kB) | quarkus-resteasy-server-common-deployment-1.4.2.Final.jar (22/29 kB) | quarkus-undertow-spi-1.4.2.Final.jar (11/24 kB)Progress (4): quarkus-resteasy-server-common-spi-1.4.2.Final.jar (5.2 kB) | quarkus-netty-deployment-1.4.2.Final.jar (10 kB) | quarkus-resteasy-server-common-deployment-1.4.2.Final.jar (22/29 kB) | quarkus-undertow-spi-1.4.2.Final.jar (14/24 kB)                                                                                                                                                                                                                                                     Downloading from central: https://repo.maven.apache.org/maven2/io/quarkus/quarkus-vertx-http-deployment/1.4.2.Final/quarkus-vertx-http-deployment-1.4.2.Final.jar
Progress (4): quarkus-resteasy-server-common-spi-1.4.2.Final.jar (5.2 kB) | quarkus-netty-deployment-1.4.2.Final.jar (10 kB) | quarkus-resteasy-server-common-deployment-1.4.2.Final.jar (25/29 kB) | quarkus-undertow-spi-1.4.2.Final.jar (14/24 kB)Progress (4): quarkus-resteasy-server-common-spi-1.4.2.Final.jar (5.2 kB) | quarkus-netty-deployment-1.4.2.Final.jar (10 kB) | quarkus-resteasy-server-common-deployment-1.4.2.Final.jar (25/29 kB) | quarkus-undertow-spi-1.4.2.Final.jar (16/24 kB)Progress (4): quarkus-resteasy-server-common-spi-1.4.2.Final.jar (5.2 kB) | quarkus-netty-deployment-1.4.2.Final.jar (10 kB) | quarkus-resteasy-server-common-deployment-1.4.2.Final.jar (27/29 kB) | quarkus-undertow-spi-1.4.2.Final.jar (16/24 kB)Progress (4): quarkus-resteasy-server-common-spi-1.4.2.Final.jar (5.2 kB) | quarkus-netty-deployment-1.4.2.Final.jar (10 kB) | quarkus-resteasy-server-common-deployment-1.4.2.Final.jar (27/29 kB) | quarkus-undertow-spi-1.4.2.Final.jar (19/24 kB)Progress (4): quarkus-resteasy-server-common-spi-1.4.2.Final.jar (5.2 kB) | quarkus-netty-deployment-1.4.2.Final.jar (10 kB) | quarkus-resteasy-server-common-deployment-1.4.2.Final.jar (29 kB) | quarkus-undertow-spi-1.4.2.Final.jar (19/24 kB)   Progress (4): quarkus-resteasy-server-common-spi-1.4.2.Final.jar (5.2 kB) | quarkus-netty-deployment-1.4.2.Final.jar (10 kB) | quarkus-resteasy-server-common-deployment-1.4.2.Final.jar (29 kB) | quarkus-undertow-spi-1.4.2.Final.jar (22/24 kB)Progress (4): quarkus-resteasy-server-common-spi-1.4.2.Final.jar (5.2 kB) | quarkus-netty-deployment-1.4.2.Final.jar (10 kB) | quarkus-resteasy-server-common-deployment-1.4.2.Final.jar (29 kB) | quarkus-undertow-spi-1.4.2.Final.jar (24 kB)                                                                                                                                                                                                                                                  Downloaded from central: https://repo.maven.apache.org/maven2/io/quarkus/quarkus-resteasy-server-common-spi/1.4.2.Final/quarkus-resteasy-server-common-spi-1.4.2.Final.jar (5.2 kB at 24 kB/s)
Downloading from central: https://repo.maven.apache.org/maven2/io/quarkus/arc/arc-processor/1.4.2.Final/arc-processor-1.4.2.Final.jar
Downloaded from central: https://repo.maven.apache.org/maven2/io/quarkus/quarkus-undertow-spi/1.4.2.Final/quarkus-undertow-spi-1.4.2.Final.jar (24 kB at 109 kB/s)
Downloading from central: https://repo.maven.apache.org/maven2/io/quarkus/quarkus-arc-deployment/1.4.2.Final/quarkus-arc-deployment-1.4.2.Final.jar
Progress (3): quarkus-netty-deployment-1.4.2.Final.jar (10 kB) | quarkus-resteasy-server-common-deployment-1.4.2.Final.jar (29 kB) | quarkus-arc-deployment-1.4.2.Final.jar (2.7/142 kB)Progress (3): quarkus-netty-deployment-1.4.2.Final.jar (10 kB) | quarkus-resteasy-server-common-deployment-1.4.2.Final.jar (29 kB) | quarkus-arc-deployment-1.4.2.Final.jar (5.5/142 kB)Progress (3): quarkus-netty-deployment-1.4.2.Final.jar (10 kB) | quarkus-resteasy-server-common-deployment-1.4.2.Final.jar (29 kB) | quarkus-arc-deployment-1.4.2.Final.jar (8.2/142 kB)Progress (3): quarkus-netty-deployment-1.4.2.Final.jar (10 kB) | quarkus-resteasy-server-common-deployment-1.4.2.Final.jar (29 kB) | quarkus-arc-deployment-1.4.2.Final.jar (11/142 kB) Progress (3): quarkus-netty-deployment-1.4.2.Final.jar (10 kB) | quarkus-resteasy-server-common-deployment-1.4.2.Final.jar (29 kB) | quarkus-arc-deployment-1.4.2.Final.jar (14/142 kB)Progress (3): quarkus-netty-deployment-1.4.2.Final.jar (10 kB) | quarkus-resteasy-server-common-deployment-1.4.2.Final.jar (29 kB) | quarkus-arc-deployment-1.4.2.Final.jar (16/142 kB)Progress (3): quarkus-netty-deployment-1.4.2.Final.jar (10 kB) | quarkus-resteasy-server-common-deployment-1.4.2.Final.jar (29 kB) | quarkus-arc-deployment-1.4.2.Final.jar (19/142 kB)Progress (3): quarkus-netty-deployment-1.4.2.Final.jar (10 kB) | quarkus-resteasy-server-common-deployment-1.4.2.Final.jar (29 kB) | quarkus-arc-deployment-1.4.2.Final.jar (22/142 kB)Progress (3): quarkus-netty-deployment-1.4.2.Final.jar (10 kB) | quarkus-resteasy-server-common-deployment-1.4.2.Final.jar (29 kB) | quarkus-arc-deployment-1.4.2.Final.jar (25/142 kB)Progress (3): quarkus-netty-deployment-1.4.2.Final.jar (10 kB) | quarkus-resteasy-server-common-deployment-1.4.2.Final.jar (29 kB) | quarkus-arc-deployment-1.4.2.Final.jar (27/142 kB)Progress (3): quarkus-netty-deployment-1.4.2.Final.jar (10 kB) | quarkus-resteasy-server-common-deployment-1.4.2.Final.jar (29 kB) | quarkus-arc-deployment-1.4.2.Final.jar (30/142 kB)Progress (3): quarkus-netty-deployment-1.4.2.Final.jar (10 kB) | quarkus-resteasy-server-common-deployment-1.4.2.Final.jar (29 kB) | quarkus-arc-deployment-1.4.2.Final.jar (33/142 kB)Progress (3): quarkus-netty-deployment-1.4.2.Final.jar (10 kB) | quarkus-resteasy-server-common-deployment-1.4.2.Final.jar (29 kB) | quarkus-arc-deployment-1.4.2.Final.jar (36/142 kB)Progress (3): quarkus-netty-deployment-1.4.2.Final.jar (10 kB) | quarkus-resteasy-server-common-deployment-1.4.2.Final.jar (29 kB) | quarkus-arc-deployment-1.4.2.Final.jar (38/142 kB)Progress (3): quarkus-netty-deployment-1.4.2.Final.jar (10 kB) | quarkus-resteasy-server-common-deployment-1.4.2.Final.jar (29 kB) | quarkus-arc-deployment-1.4.2.Final.jar (42/142 kB)Progress (3): quarkus-netty-deployment-1.4.2.Final.jar (10 kB) | quarkus-resteasy-server-common-deployment-1.4.2.Final.jar (29 kB) | quarkus-arc-deployment-1.4.2.Final.jar (47/142 kB)                                                                                                                                                                                       Downloaded from central: https://repo.maven.apache.org/maven2/io/quarkus/quarkus-netty-deployment/1.4.2.Final/quarkus-netty-deployment-1.4.2.Final.jar (10 kB at 38 kB/s)
Downloading from central: https://repo.maven.apache.org/maven2/io/quarkus/quarkus-security-spi/1.4.2.Final/quarkus-security-spi-1.4.2.Final.jar
Progress (2): quarkus-resteasy-server-common-deployment-1.4.2.Final.jar (29 kB) | quarkus-arc-deployment-1.4.2.Final.jar (51/142 kB)Progress (2): quarkus-resteasy-server-common-deployment-1.4.2.Final.jar (29 kB) | quarkus-arc-deployment-1.4.2.Final.jar (55/142 kB)Progress (2): quarkus-resteasy-server-common-deployment-1.4.2.Final.jar (29 kB) | quarkus-arc-deployment-1.4.2.Final.jar (59/142 kB)Progress (2): quarkus-resteasy-server-common-deployment-1.4.2.Final.jar (29 kB) | quarkus-arc-deployment-1.4.2.Final.jar (63/142 kB)Progress (2): quarkus-resteasy-server-common-deployment-1.4.2.Final.jar (29 kB) | quarkus-arc-deployment-1.4.2.Final.jar (67/142 kB)Progress (3): quarkus-resteasy-server-common-deployment-1.4.2.Final.jar (29 kB) | quarkus-arc-deployment-1.4.2.Final.jar (67/142 kB) | quarkus-vertx-http-deployment-1.4.2.Final.jar (2.7/22 kB)Progress (3): quarkus-resteasy-server-common-deployment-1.4.2.Final.jar (29 kB) | quarkus-arc-deployment-1.4.2.Final.jar (71/142 kB) | quarkus-vertx-http-deployment-1.4.2.Final.jar (2.7/22 kB)Progress (3): quarkus-resteasy-server-common-deployment-1.4.2.Final.jar (29 kB) | quarkus-arc-deployment-1.4.2.Final.jar (71/142 kB) | quarkus-vertx-http-deployment-1.4.2.Final.jar (5.5/22 kB)Progress (3): quarkus-resteasy-server-common-deployment-1.4.2.Final.jar (29 kB) | quarkus-arc-deployment-1.4.2.Final.jar (71/142 kB) | quarkus-vertx-http-deployment-1.4.2.Final.jar (8.2/22 kB)Progress (3): quarkus-resteasy-server-common-deployment-1.4.2.Final.jar (29 kB) | quarkus-arc-deployment-1.4.2.Final.jar (71/142 kB) | quarkus-vertx-http-deployment-1.4.2.Final.jar (11/22 kB)                                                                                                                                                                                                Downloaded from central: https://repo.maven.apache.org/maven2/io/quarkus/quarkus-resteasy-server-common-deployment/1.4.2.Final/quarkus-resteasy-server-common-deployment-1.4.2.Final.jar (29 kB at 97 kB/s)
Downloading from central: https://repo.maven.apache.org/maven2/org/graalvm/nativeimage/svm/19.3.1/svm-19.3.1.jar
Progress (2): quarkus-arc-deployment-1.4.2.Final.jar (71/142 kB) | quarkus-vertx-http-deployment-1.4.2.Final.jar (14/22 kB)Progress (2): quarkus-arc-deployment-1.4.2.Final.jar (71/142 kB) | quarkus-vertx-http-deployment-1.4.2.Final.jar (16/22 kB)Progress (2): quarkus-arc-deployment-1.4.2.Final.jar (75/142 kB) | quarkus-vertx-http-deployment-1.4.2.Final.jar (16/22 kB)Progress (2): quarkus-arc-deployment-1.4.2.Final.jar (75/142 kB) | quarkus-vertx-http-deployment-1.4.2.Final.jar (19/22 kB)Progress (2): quarkus-arc-deployment-1.4.2.Final.jar (79/142 kB) | quarkus-vertx-http-deployment-1.4.2.Final.jar (19/22 kB)Progress (2): quarkus-arc-deployment-1.4.2.Final.jar (79/142 kB) | quarkus-vertx-http-deployment-1.4.2.Final.jar (22 kB)   Progress (2): quarkus-arc-deployment-1.4.2.Final.jar (83/142 kB) | quarkus-vertx-http-deployment-1.4.2.Final.jar (22 kB)Progress (2): quarkus-arc-deployment-1.4.2.Final.jar (88/142 kB) | quarkus-vertx-http-deployment-1.4.2.Final.jar (22 kB)Progress (2): quarkus-arc-deployment-1.4.2.Final.jar (92/142 kB) | quarkus-vertx-http-deployment-1.4.2.Final.jar (22 kB)Progress (2): quarkus-arc-deployment-1.4.2.Final.jar (96/142 kB) | quarkus-vertx-http-deployment-1.4.2.Final.jar (22 kB)Progress (2): quarkus-arc-deployment-1.4.2.Final.jar (100/142 kB) | quarkus-vertx-http-deployment-1.4.2.Final.jar (22 kB)Progress (2): quarkus-arc-deployment-1.4.2.Final.jar (104/142 kB) | quarkus-vertx-http-deployment-1.4.2.Final.jar (22 kB)Progress (2): quarkus-arc-deployment-1.4.2.Final.jar (108/142 kB) | quarkus-vertx-http-deployment-1.4.2.Final.jar (22 kB)Progress (2): quarkus-arc-deployment-1.4.2.Final.jar (112/142 kB) | quarkus-vertx-http-deployment-1.4.2.Final.jar (22 kB)Progress (2): quarkus-arc-deployment-1.4.2.Final.jar (116/142 kB) | quarkus-vertx-http-deployment-1.4.2.Final.jar (22 kB)Progress (2): quarkus-arc-deployment-1.4.2.Final.jar (120/142 kB) | quarkus-vertx-http-deployment-1.4.2.Final.jar (22 kB)Progress (2): quarkus-arc-deployment-1.4.2.Final.jar (124/142 kB) | quarkus-vertx-http-deployment-1.4.2.Final.jar (22 kB)Progress (3): quarkus-arc-deployment-1.4.2.Final.jar (124/142 kB) | quarkus-vertx-http-deployment-1.4.2.Final.jar (22 kB) | arc-processor-1.4.2.Final.jar (4.1/310 kB)Progress (3): quarkus-arc-deployment-1.4.2.Final.jar (124/142 kB) | quarkus-vertx-http-deployment-1.4.2.Final.jar (22 kB) | arc-processor-1.4.2.Final.jar (8.2/310 kB)Progress (3): quarkus-arc-deployment-1.4.2.Final.jar (124/142 kB) | quarkus-vertx-http-deployment-1.4.2.Final.jar (22 kB) | arc-processor-1.4.2.Final.jar (12/310 kB) Progress (3): quarkus-arc-deployment-1.4.2.Final.jar (124/142 kB) | quarkus-vertx-http-deployment-1.4.2.Final.jar (22 kB) | arc-processor-1.4.2.Final.jar (16/310 kB)Progress (3): quarkus-arc-deployment-1.4.2.Final.jar (128/142 kB) | quarkus-vertx-http-deployment-1.4.2.Final.jar (22 kB) | arc-processor-1.4.2.Final.jar (16/310 kB)Progress (3): quarkus-arc-deployment-1.4.2.Final.jar (128/142 kB) | quarkus-vertx-http-deployment-1.4.2.Final.jar (22 kB) | arc-processor-1.4.2.Final.jar (20/310 kB)Progress (3): quarkus-arc-deployment-1.4.2.Final.jar (128/142 kB) | quarkus-vertx-http-deployment-1.4.2.Final.jar (22 kB) | arc-processor-1.4.2.Final.jar (25/310 kB)Progress (3): quarkus-arc-deployment-1.4.2.Final.jar (128/142 kB) | quarkus-vertx-http-deployment-1.4.2.Final.jar (22 kB) | arc-processor-1.4.2.Final.jar (29/310 kB)Progress (3): quarkus-arc-deployment-1.4.2.Final.jar (128/142 kB) | quarkus-vertx-http-deployment-1.4.2.Final.jar (22 kB) | arc-processor-1.4.2.Final.jar (33/310 kB)Progress (3): quarkus-arc-deployment-1.4.2.Final.jar (133/142 kB) | quarkus-vertx-http-deployment-1.4.2.Final.jar (22 kB) | arc-processor-1.4.2.Final.jar (33/310 kB)Progress (3): quarkus-arc-deployment-1.4.2.Final.jar (133/142 kB) | quarkus-vertx-http-deployment-1.4.2.Final.jar (22 kB) | arc-processor-1.4.2.Final.jar (37/310 kB)Progress (3): quarkus-arc-deployment-1.4.2.Final.jar (137/142 kB) | quarkus-vertx-http-deployment-1.4.2.Final.jar (22 kB) | arc-processor-1.4.2.Final.jar (37/310 kB)Progress (3): quarkus-arc-deployment-1.4.2.Final.jar (137/142 kB) | quarkus-vertx-http-deployment-1.4.2.Final.jar (22 kB) | arc-processor-1.4.2.Final.jar (41/310 kB)Progress (3): quarkus-arc-deployment-1.4.2.Final.jar (137/142 kB) | quarkus-vertx-http-deployment-1.4.2.Final.jar (22 kB) | arc-processor-1.4.2.Final.jar (45/310 kB)Progress (3): quarkus-arc-deployment-1.4.2.Final.jar (137/142 kB) | quarkus-vertx-http-deployment-1.4.2.Final.jar (22 kB) | arc-processor-1.4.2.Final.jar (49/310 kB)Progress (3): quarkus-arc-deployment-1.4.2.Final.jar (137/142 kB) | quarkus-vertx-http-deployment-1.4.2.Final.jar (22 kB) | arc-processor-1.4.2.Final.jar (53/310 kB)Progress (3): quarkus-arc-deployment-1.4.2.Final.jar (137/142 kB) | quarkus-vertx-http-deployment-1.4.2.Final.jar (22 kB) | arc-processor-1.4.2.Final.jar (57/310 kB)Progress (3): quarkus-arc-deployment-1.4.2.Final.jar (141/142 kB) | quarkus-vertx-http-deployment-1.4.2.Final.jar (22 kB) | arc-processor-1.4.2.Final.jar (57/310 kB)Progress (3): quarkus-arc-deployment-1.4.2.Final.jar (141/142 kB) | quarkus-vertx-http-deployment-1.4.2.Final.jar (22 kB) | arc-processor-1.4.2.Final.jar (61/310 kB)Progress (4): quarkus-arc-deployment-1.4.2.Final.jar (141/142 kB) | quarkus-vertx-http-deployment-1.4.2.Final.jar (22 kB) | arc-processor-1.4.2.Final.jar (61/310 kB) | svm-19.3.1.jar (0.1/10 MB)Progress (4): quarkus-arc-deployment-1.4.2.Final.jar (141/142 kB) | quarkus-vertx-http-deployment-1.4.2.Final.jar (22 kB) | arc-processor-1.4.2.Final.jar (66/310 kB) | svm-19.3.1.jar (0.1/10 MB)Progress (4): quarkus-arc-deployment-1.4.2.Final.jar (142 kB) | quarkus-vertx-http-deployment-1.4.2.Final.jar (22 kB) | arc-processor-1.4.2.Final.jar (66/310 kB) | svm-19.3.1.jar (0.1/10 MB)    Progress (4): quarkus-arc-deployment-1.4.2.Final.jar (142 kB) | quarkus-vertx-http-deployment-1.4.2.Final.jar (22 kB) | arc-processor-1.4.2.Final.jar (70/310 kB) | svm-19.3.1.jar (0.1/10 MB)Progress (4): quarkus-arc-deployment-1.4.2.Final.jar (142 kB) | quarkus-vertx-http-deployment-1.4.2.Final.jar (22 kB) | arc-processor-1.4.2.Final.jar (74/310 kB) | svm-19.3.1.jar (0.1/10 MB)Progress (4): quarkus-arc-deployment-1.4.2.Final.jar (142 kB) | quarkus-vertx-http-deployment-1.4.2.Final.jar (22 kB) | arc-processor-1.4.2.Final.jar (78/310 kB) | svm-19.3.1.jar (0.1/10 MB)Progress (4): quarkus-arc-deployment-1.4.2.Final.jar (142 kB) | quarkus-vertx-http-deployment-1.4.2.Final.jar (22 kB) | arc-processor-1.4.2.Final.jar (82/310 kB) | svm-19.3.1.jar (0.1/10 MB)Progress (4): quarkus-arc-deployment-1.4.2.Final.jar (142 kB) | quarkus-vertx-http-deployment-1.4.2.Final.jar (22 kB) | arc-processor-1.4.2.Final.jar (86/310 kB) | svm-19.3.1.jar (0.1/10 MB)Progress (4): quarkus-arc-deployment-1.4.2.Final.jar (142 kB) | quarkus-vertx-http-deployment-1.4.2.Final.jar (22 kB) | arc-processor-1.4.2.Final.jar (90/310 kB) | svm-19.3.1.jar (0.1/10 MB)Progress (4): quarkus-arc-deployment-1.4.2.Final.jar (142 kB) | quarkus-vertx-http-deployment-1.4.2.Final.jar (22 kB) | arc-processor-1.4.2.Final.jar (94/310 kB) | svm-19.3.1.jar (0.1/10 MB)Progress (4): quarkus-arc-deployment-1.4.2.Final.jar (142 kB) | quarkus-vertx-http-deployment-1.4.2.Final.jar (22 kB) | arc-processor-1.4.2.Final.jar (98/310 kB) | svm-19.3.1.jar (0.1/10 MB)Progress (4): quarkus-arc-deployment-1.4.2.Final.jar (142 kB) | quarkus-vertx-http-deployment-1.4.2.Final.jar (22 kB) | arc-processor-1.4.2.Final.jar (102/310 kB) | svm-19.3.1.jar (0.1/10 MB)Progress (4): quarkus-arc-deployment-1.4.2.Final.jar (142 kB) | quarkus-vertx-http-deployment-1.4.2.Final.jar (22 kB) | arc-processor-1.4.2.Final.jar (106/310 kB) | svm-19.3.1.jar (0.1/10 MB)Progress (4): quarkus-arc-deployment-1.4.2.Final.jar (142 kB) | quarkus-vertx-http-deployment-1.4.2.Final.jar (22 kB) | arc-processor-1.4.2.Final.jar (111/310 kB) | svm-19.3.1.jar (0.1/10 MB)Progress (4): quarkus-arc-deployment-1.4.2.Final.jar (142 kB) | quarkus-vertx-http-deployment-1.4.2.Final.jar (22 kB) | arc-processor-1.4.2.Final.jar (115/310 kB) | svm-19.3.1.jar (0.1/10 MB)Progress (4): quarkus-arc-deployment-1.4.2.Final.jar (142 kB) | quarkus-vertx-http-deployment-1.4.2.Final.jar (22 kB) | arc-processor-1.4.2.Final.jar (119/310 kB) | svm-19.3.1.jar (0.1/10 MB)Progress (4): quarkus-arc-deployment-1.4.2.Final.jar (142 kB) | quarkus-vertx-http-deployment-1.4.2.Final.jar (22 kB) | arc-processor-1.4.2.Final.jar (119/310 kB) | svm-19.3.1.jar (0.1/10 MB)Progress (5): quarkus-arc-deployment-1.4.2.Final.jar (142 kB) | quarkus-vertx-http-deployment-1.4.2.Final.jar (22 kB) | arc-processor-1.4.2.Final.jar (119/310 kB) | svm-19.3.1.jar (0.1/10 MB) | quarkus-security-spi-1.4.2.Final.jar (2.7/3.3 kB)Progress (5): quarkus-arc-deployment-1.4.2.Final.jar (142 kB) | quarkus-vertx-http-deployment-1.4.2.Final.jar (22 kB) | arc-processor-1.4.2.Final.jar (119/310 kB) | svm-19.3.1.jar (0.1/10 MB) | quarkus-security-spi-1.4.2.Final.jar (3.3 kB)    Progress (5): quarkus-arc-deployment-1.4.2.Final.jar (142 kB) | quarkus-vertx-http-deployment-1.4.2.Final.jar (22 kB) | arc-processor-1.4.2.Final.jar (123/310 kB) | svm-19.3.1.jar (0.1/10 MB) | quarkus-security-spi-1.4.2.Final.jar (3.3 kB)Progress (5): quarkus-arc-deployment-1.4.2.Final.jar (142 kB) | quarkus-vertx-http-deployment-1.4.2.Final.jar (22 kB) | arc-processor-1.4.2.Final.jar (127/310 kB) | svm-19.3.1.jar (0.1/10 MB) | quarkus-security-spi-1.4.2.Final.jar (3.3 kB)Progress (5): quarkus-arc-deployment-1.4.2.Final.jar (142 kB) | quarkus-vertx-http-deployment-1.4.2.Final.jar (22 kB) | arc-processor-1.4.2.Final.jar (131/310 kB) | svm-19.3.1.jar (0.1/10 MB) | quarkus-security-spi-1.4.2.Final.jar (3.3 kB)                                                                                                                                                                                                                                               Downloaded from central: https://repo.maven.apache.org/maven2/io/quarkus/quarkus-arc-deployment/1.4.2.Final/quarkus-arc-deployment-1.4.2.Final.jar (142 kB at 369 kB/s)
Progress (4): quarkus-vertx-http-deployment-1.4.2.Final.jar (22 kB) | arc-processor-1.4.2.Final.jar (135/310 kB) | svm-19.3.1.jar (0.1/10 MB) | quarkus-security-spi-1.4.2.Final.jar (3.3 kB)                                                                                                                                                                                             Downloading from central: https://repo.maven.apache.org/maven2/io/quarkus/quarkus-resteasy-deployment/1.4.2.Final/quarkus-resteasy-deployment-1.4.2.Final.jar
Progress (4): quarkus-vertx-http-deployment-1.4.2.Final.jar (22 kB) | arc-processor-1.4.2.Final.jar (139/310 kB) | svm-19.3.1.jar (0.1/10 MB) | quarkus-security-spi-1.4.2.Final.jar (3.3 kB)Progress (4): quarkus-vertx-http-deployment-1.4.2.Final.jar (22 kB) | arc-processor-1.4.2.Final.jar (143/310 kB) | svm-19.3.1.jar (0.1/10 MB) | quarkus-security-spi-1.4.2.Final.jar (3.3 kB)Progress (4): quarkus-vertx-http-deployment-1.4.2.Final.jar (22 kB) | arc-processor-1.4.2.Final.jar (147/310 kB) | svm-19.3.1.jar (0.1/10 MB) | quarkus-security-spi-1.4.2.Final.jar (3.3 kB)Progress (4): quarkus-vertx-http-deployment-1.4.2.Final.jar (22 kB) | arc-processor-1.4.2.Final.jar (152/310 kB) | svm-19.3.1.jar (0.1/10 MB) | quarkus-security-spi-1.4.2.Final.jar (3.3 kB)Progress (4): quarkus-vertx-http-deployment-1.4.2.Final.jar (22 kB) | arc-processor-1.4.2.Final.jar (152/310 kB) | svm-19.3.1.jar (0.2/10 MB) | quarkus-security-spi-1.4.2.Final.jar (3.3 kB)                                                                                                                                                                                             Downloaded from central: https://repo.maven.apache.org/maven2/io/quarkus/quarkus-vertx-http-deployment/1.4.2.Final/quarkus-vertx-http-deployment-1.4.2.Final.jar (22 kB at 50 kB/s)
Downloading from central: https://repo.maven.apache.org/maven2/io/quarkus/quarkus-undertow-websockets-deployment/1.4.2.Final/quarkus-undertow-websockets-deployment-1.4.2.Final.jar
Progress (3): arc-processor-1.4.2.Final.jar (156/310 kB) | svm-19.3.1.jar (0.2/10 MB) | quarkus-security-spi-1.4.2.Final.jar (3.3 kB)Progress (3): arc-processor-1.4.2.Final.jar (160/310 kB) | svm-19.3.1.jar (0.2/10 MB) | quarkus-security-spi-1.4.2.Final.jar (3.3 kB)Progress (3): arc-processor-1.4.2.Final.jar (164/310 kB) | svm-19.3.1.jar (0.2/10 MB) | quarkus-security-spi-1.4.2.Final.jar (3.3 kB)Progress (3): arc-processor-1.4.2.Final.jar (168/310 kB) | svm-19.3.1.jar (0.2/10 MB) | quarkus-security-spi-1.4.2.Final.jar (3.3 kB)Progress (3): arc-processor-1.4.2.Final.jar (172/310 kB) | svm-19.3.1.jar (0.2/10 MB) | quarkus-security-spi-1.4.2.Final.jar (3.3 kB)Progress (3): arc-processor-1.4.2.Final.jar (172/310 kB) | svm-19.3.1.jar (0.2/10 MB) | quarkus-security-spi-1.4.2.Final.jar (3.3 kB)Progress (3): arc-processor-1.4.2.Final.jar (176/310 kB) | svm-19.3.1.jar (0.2/10 MB) | quarkus-security-spi-1.4.2.Final.jar (3.3 kB)Progress (3): arc-processor-1.4.2.Final.jar (180/310 kB) | svm-19.3.1.jar (0.2/10 MB) | quarkus-security-spi-1.4.2.Final.jar (3.3 kB)Progress (3): arc-processor-1.4.2.Final.jar (184/310 kB) | svm-19.3.1.jar (0.2/10 MB) | quarkus-security-spi-1.4.2.Final.jar (3.3 kB)Progress (3): arc-processor-1.4.2.Final.jar (188/310 kB) | svm-19.3.1.jar (0.2/10 MB) | quarkus-security-spi-1.4.2.Final.jar (3.3 kB)Progress (3): arc-processor-1.4.2.Final.jar (193/310 kB) | svm-19.3.1.jar (0.2/10 MB) | quarkus-security-spi-1.4.2.Final.jar (3.3 kB)Progress (3): arc-processor-1.4.2.Final.jar (197/310 kB) | svm-19.3.1.jar (0.2/10 MB) | quarkus-security-spi-1.4.2.Final.jar (3.3 kB)Progress (3): arc-processor-1.4.2.Final.jar (197/310 kB) | svm-19.3.1.jar (0.3/10 MB) | quarkus-security-spi-1.4.2.Final.jar (3.3 kB)Progress (3): arc-processor-1.4.2.Final.jar (201/310 kB) | svm-19.3.1.jar (0.3/10 MB) | quarkus-security-spi-1.4.2.Final.jar (3.3 kB)Progress (3): arc-processor-1.4.2.Final.jar (205/310 kB) | svm-19.3.1.jar (0.3/10 MB) | quarkus-security-spi-1.4.2.Final.jar (3.3 kB)Progress (3): arc-processor-1.4.2.Final.jar (209/310 kB) | svm-19.3.1.jar (0.3/10 MB) | quarkus-security-spi-1.4.2.Final.jar (3.3 kB)Progress (3): arc-processor-1.4.2.Final.jar (213/310 kB) | svm-19.3.1.jar (0.3/10 MB) | quarkus-security-spi-1.4.2.Final.jar (3.3 kB)Progress (3): arc-processor-1.4.2.Final.jar (217/310 kB) | svm-19.3.1.jar (0.3/10 MB) | quarkus-security-spi-1.4.2.Final.jar (3.3 kB)Progress (3): arc-processor-1.4.2.Final.jar (221/310 kB) | svm-19.3.1.jar (0.3/10 MB) | quarkus-security-spi-1.4.2.Final.jar (3.3 kB)Progress (3): arc-processor-1.4.2.Final.jar (225/310 kB) | svm-19.3.1.jar (0.3/10 MB) | quarkus-security-spi-1.4.2.Final.jar (3.3 kB)Progress (3): arc-processor-1.4.2.Final.jar (229/310 kB) | svm-19.3.1.jar (0.3/10 MB) | quarkus-security-spi-1.4.2.Final.jar (3.3 kB)Progress (3): arc-processor-1.4.2.Final.jar (229/310 kB) | svm-19.3.1.jar (0.3/10 MB) | quarkus-security-spi-1.4.2.Final.jar (3.3 kB)Progress (3): arc-processor-1.4.2.Final.jar (233/310 kB) | svm-19.3.1.jar (0.3/10 MB) | quarkus-security-spi-1.4.2.Final.jar (3.3 kB)Progress (3): arc-processor-1.4.2.Final.jar (238/310 kB) | svm-19.3.1.jar (0.3/10 MB) | quarkus-security-spi-1.4.2.Final.jar (3.3 kB)Progress (3): arc-processor-1.4.2.Final.jar (242/310 kB) | svm-19.3.1.jar (0.3/10 MB) | quarkus-security-spi-1.4.2.Final.jar (3.3 kB)Progress (3): arc-processor-1.4.2.Final.jar (246/310 kB) | svm-19.3.1.jar (0.3/10 MB) | quarkus-security-spi-1.4.2.Final.jar (3.3 kB)Progress (3): arc-processor-1.4.2.Final.jar (250/310 kB) | svm-19.3.1.jar (0.3/10 MB) | quarkus-security-spi-1.4.2.Final.jar (3.3 kB)                                                                                                                                     Downloaded from central: https://repo.maven.apache.org/maven2/io/quarkus/quarkus-security-spi/1.4.2.Final/quarkus-security-spi-1.4.2.Final.jar (3.3 kB at 7.0 kB/s)
Downloading from central: https://repo.maven.apache.org/maven2/io/quarkus/quarkus-resteasy-common-spi/1.4.2.Final/quarkus-resteasy-common-spi-1.4.2.Final.jar
Progress (2): arc-processor-1.4.2.Final.jar (254/310 kB) | svm-19.3.1.jar (0.3/10 MB)Progress (2): arc-processor-1.4.2.Final.jar (258/310 kB) | svm-19.3.1.jar (0.3/10 MB)Progress (2): arc-processor-1.4.2.Final.jar (262/310 kB) | svm-19.3.1.jar (0.3/10 MB)Progress (2): arc-processor-1.4.2.Final.jar (262/310 kB) | svm-19.3.1.jar (0.4/10 MB)Progress (2): arc-processor-1.4.2.Final.jar (266/310 kB) | svm-19.3.1.jar (0.4/10 MB)Progress (2): arc-processor-1.4.2.Final.jar (270/310 kB) | svm-19.3.1.jar (0.4/10 MB)Progress (2): arc-processor-1.4.2.Final.jar (274/310 kB) | svm-19.3.1.jar (0.4/10 MB)Progress (2): arc-processor-1.4.2.Final.jar (279/310 kB) | svm-19.3.1.jar (0.4/10 MB)Progress (2): arc-processor-1.4.2.Final.jar (283/310 kB) | svm-19.3.1.jar (0.4/10 MB)Progress (2): arc-processor-1.4.2.Final.jar (287/310 kB) | svm-19.3.1.jar (0.4/10 MB)Progress (2): arc-processor-1.4.2.Final.jar (291/310 kB) | svm-19.3.1.jar (0.4/10 MB)Progress (2): arc-processor-1.4.2.Final.jar (295/310 kB) | svm-19.3.1.jar (0.4/10 MB)Progress (2): arc-processor-1.4.2.Final.jar (295/310 kB) | svm-19.3.1.jar (0.4/10 MB)Progress (2): arc-processor-1.4.2.Final.jar (299/310 kB) | svm-19.3.1.jar (0.4/10 MB)Progress (2): arc-processor-1.4.2.Final.jar (303/310 kB) | svm-19.3.1.jar (0.4/10 MB)Progress (2): arc-processor-1.4.2.Final.jar (307/310 kB) | svm-19.3.1.jar (0.4/10 MB)Progress (2): arc-processor-1.4.2.Final.jar (310 kB) | svm-19.3.1.jar (0.4/10 MB)    Progress (3): arc-processor-1.4.2.Final.jar (310 kB) | svm-19.3.1.jar (0.4/10 MB) | quarkus-resteasy-deployment-1.4.2.Final.jar (4.1/22 kB)Progress (3): arc-processor-1.4.2.Final.jar (310 kB) | svm-19.3.1.jar (0.4/10 MB) | quarkus-resteasy-deployment-1.4.2.Final.jar (8.2/22 kB)Progress (3): arc-processor-1.4.2.Final.jar (310 kB) | svm-19.3.1.jar (0.4/10 MB) | quarkus-resteasy-deployment-1.4.2.Final.jar (12/22 kB) Progress (3): arc-processor-1.4.2.Final.jar (310 kB) | svm-19.3.1.jar (0.4/10 MB) | quarkus-resteasy-deployment-1.4.2.Final.jar (16/22 kB)Progress (3): arc-processor-1.4.2.Final.jar (310 kB) | svm-19.3.1.jar (0.4/10 MB) | quarkus-resteasy-deployment-1.4.2.Final.jar (20/22 kB)Progress (3): arc-processor-1.4.2.Final.jar (310 kB) | svm-19.3.1.jar (0.4/10 MB) | quarkus-resteasy-deployment-1.4.2.Final.jar (22 kB)   Progress (3): arc-processor-1.4.2.Final.jar (310 kB) | svm-19.3.1.jar (0.5/10 MB) | quarkus-resteasy-deployment-1.4.2.Final.jar (22 kB)Progress (3): arc-processor-1.4.2.Final.jar (310 kB) | svm-19.3.1.jar (0.5/10 MB) | quarkus-resteasy-deployment-1.4.2.Final.jar (22 kB)Progress (3): arc-processor-1.4.2.Final.jar (310 kB) | svm-19.3.1.jar (0.6/10 MB) | quarkus-resteasy-deployment-1.4.2.Final.jar (22 kB)                                                                                                                                       Downloaded from central: https://repo.maven.apache.org/maven2/io/quarkus/arc/arc-processor/1.4.2.Final/arc-processor-1.4.2.Final.jar (310 kB at 579 kB/s)
Downloading from central: https://repo.maven.apache.org/maven2/io/quarkus/quarkus-resteasy-common-deployment/1.4.2.Final/quarkus-resteasy-common-deployment-1.4.2.Final.jar
Progress (3): svm-19.3.1.jar (0.6/10 MB) | quarkus-resteasy-deployment-1.4.2.Final.jar (22 kB) | quarkus-undertow-websockets-deployment-1.4.2.Final.jar (2.7/12 kB)Progress (3): svm-19.3.1.jar (0.6/10 MB) | quarkus-resteasy-deployment-1.4.2.Final.jar (22 kB) | quarkus-undertow-websockets-deployment-1.4.2.Final.jar (5.5/12 kB)Progress (3): svm-19.3.1.jar (0.6/10 MB) | quarkus-resteasy-deployment-1.4.2.Final.jar (22 kB) | quarkus-undertow-websockets-deployment-1.4.2.Final.jar (8.2/12 kB)Progress (3): svm-19.3.1.jar (0.6/10 MB) | quarkus-resteasy-deployment-1.4.2.Final.jar (22 kB) | quarkus-undertow-websockets-deployment-1.4.2.Final.jar (11/12 kB) Progress (3): svm-19.3.1.jar (0.6/10 MB) | quarkus-resteasy-deployment-1.4.2.Final.jar (22 kB) | quarkus-undertow-websockets-deployment-1.4.2.Final.jar (12 kB)   Progress (3): svm-19.3.1.jar (0.6/10 MB) | quarkus-resteasy-deployment-1.4.2.Final.jar (22 kB) | quarkus-undertow-websockets-deployment-1.4.2.Final.jar (12 kB)Progress (3): svm-19.3.1.jar (0.6/10 MB) | quarkus-resteasy-deployment-1.4.2.Final.jar (22 kB) | quarkus-undertow-websockets-deployment-1.4.2.Final.jar (12 kB)Progress (4): svm-19.3.1.jar (0.6/10 MB) | quarkus-resteasy-deployment-1.4.2.Final.jar (22 kB) | quarkus-undertow-websockets-deployment-1.4.2.Final.jar (12 kB) | quarkus-resteasy-common-deployment-1.4.2.Final.jar (2.7/25 kB)Progress (4): svm-19.3.1.jar (0.6/10 MB) | quarkus-resteasy-deployment-1.4.2.Final.jar (22 kB) | quarkus-undertow-websockets-deployment-1.4.2.Final.jar (12 kB) | quarkus-resteasy-common-deployment-1.4.2.Final.jar (5.5/25 kB)Progress (4): svm-19.3.1.jar (0.6/10 MB) | quarkus-resteasy-deployment-1.4.2.Final.jar (22 kB) | quarkus-undertow-websockets-deployment-1.4.2.Final.jar (12 kB) | quarkus-resteasy-common-deployment-1.4.2.Final.jar (8.2/25 kB)Progress (4): svm-19.3.1.jar (0.7/10 MB) | quarkus-resteasy-deployment-1.4.2.Final.jar (22 kB) | quarkus-undertow-websockets-deployment-1.4.2.Final.jar (12 kB) | quarkus-resteasy-common-deployment-1.4.2.Final.jar (8.2/25 kB)Progress (4): svm-19.3.1.jar (0.7/10 MB) | quarkus-resteasy-deployment-1.4.2.Final.jar (22 kB) | quarkus-undertow-websockets-deployment-1.4.2.Final.jar (12 kB) | quarkus-resteasy-common-deployment-1.4.2.Final.jar (11/25 kB) Progress (4): svm-19.3.1.jar (0.7/10 MB) | quarkus-resteasy-deployment-1.4.2.Final.jar (22 kB) | quarkus-undertow-websockets-deployment-1.4.2.Final.jar (12 kB) | quarkus-resteasy-common-deployment-1.4.2.Final.jar (14/25 kB)Progress (4): svm-19.3.1.jar (0.7/10 MB) | quarkus-resteasy-deployment-1.4.2.Final.jar (22 kB) | quarkus-undertow-websockets-deployment-1.4.2.Final.jar (12 kB) | quarkus-resteasy-common-deployment-1.4.2.Final.jar (16/25 kB)Progress (4): svm-19.3.1.jar (0.7/10 MB) | quarkus-resteasy-deployment-1.4.2.Final.jar (22 kB) | quarkus-undertow-websockets-deployment-1.4.2.Final.jar (12 kB) | quarkus-resteasy-common-deployment-1.4.2.Final.jar (19/25 kB)Progress (4): svm-19.3.1.jar (0.7/10 MB) | quarkus-resteasy-deployment-1.4.2.Final.jar (22 kB) | quarkus-undertow-websockets-deployment-1.4.2.Final.jar (12 kB) | quarkus-resteasy-common-deployment-1.4.2.Final.jar (22/25 kB)Progress (5): svm-19.3.1.jar (0.7/10 MB) | quarkus-resteasy-deployment-1.4.2.Final.jar (22 kB) | quarkus-undertow-websockets-deployment-1.4.2.Final.jar (12 kB) | quarkus-resteasy-common-deployment-1.4.2.Final.jar (22/25 kB) | quarkus-resteasy-common-spi-1.4.2.Final.jar (2.7/3.4 kB)Progress (5): svm-19.3.1.jar (0.7/10 MB) | quarkus-resteasy-deployment-1.4.2.Final.jar (22 kB) | quarkus-undertow-websockets-deployment-1.4.2.Final.jar (12 kB) | quarkus-resteasy-common-deployment-1.4.2.Final.jar (25 kB) | quarkus-resteasy-common-spi-1.4.2.Final.jar (2.7/3.4 kB)   Progress (5): svm-19.3.1.jar (0.7/10 MB) | quarkus-resteasy-deployment-1.4.2.Final.jar (22 kB) | quarkus-undertow-websockets-deployment-1.4.2.Final.jar (12 kB) | quarkus-resteasy-common-deployment-1.4.2.Final.jar (25 kB) | quarkus-resteasy-common-spi-1.4.2.Final.jar (3.4 kB)    Progress (5): svm-19.3.1.jar (0.7/10 MB) | quarkus-resteasy-deployment-1.4.2.Final.jar (22 kB) | quarkus-undertow-websockets-deployment-1.4.2.Final.jar (12 kB) | quarkus-resteasy-common-deployment-1.4.2.Final.jar (25 kB) | quarkus-resteasy-common-spi-1.4.2.Final.jar (3.4 kB)Progress (5): svm-19.3.1.jar (0.8/10 MB) | quarkus-resteasy-deployment-1.4.2.Final.jar (22 kB) | quarkus-undertow-websockets-deployment-1.4.2.Final.jar (12 kB) | quarkus-resteasy-common-deployment-1.4.2.Final.jar (25 kB) | quarkus-resteasy-common-spi-1.4.2.Final.jar (3.4 kB)Progress (5): svm-19.3.1.jar (0.8/10 MB) | quarkus-resteasy-deployment-1.4.2.Final.jar (22 kB) | quarkus-undertow-websockets-deployment-1.4.2.Final.jar (12 kB) | quarkus-resteasy-common-deployment-1.4.2.Final.jar (25 kB) | quarkus-resteasy-common-spi-1.4.2.Final.jar (3.4 kB)                                                                                                                                                                                                                                                                                   Downloaded from central: https://repo.maven.apache.org/maven2/io/quarkus/quarkus-resteasy-deployment/1.4.2.Final/quarkus-resteasy-deployment-1.4.2.Final.jar (22 kB at 35 kB/s)
Downloading from central: https://repo.maven.apache.org/maven2/io/quarkus/quarkus-rest-client-deployment/1.4.2.Final/quarkus-rest-client-deployment-1.4.2.Final.jar
Progress (4): svm-19.3.1.jar (0.9/10 MB) | quarkus-undertow-websockets-deployment-1.4.2.Final.jar (12 kB) | quarkus-resteasy-common-deployment-1.4.2.Final.jar (25 kB) | quarkus-resteasy-common-spi-1.4.2.Final.jar (3.4 kB)Progress (4): svm-19.3.1.jar (0.9/10 MB) | quarkus-undertow-websockets-deployment-1.4.2.Final.jar (12 kB) | quarkus-resteasy-common-deployment-1.4.2.Final.jar (25 kB) | quarkus-resteasy-common-spi-1.4.2.Final.jar (3.4 kB)Progress (4): svm-19.3.1.jar (1.0/10 MB) | quarkus-undertow-websockets-deployment-1.4.2.Final.jar (12 kB) | quarkus-resteasy-common-deployment-1.4.2.Final.jar (25 kB) | quarkus-resteasy-common-spi-1.4.2.Final.jar (3.4 kB)Progress (4): svm-19.3.1.jar (1.0/10 MB) | quarkus-undertow-websockets-deployment-1.4.2.Final.jar (12 kB) | quarkus-resteasy-common-deployment-1.4.2.Final.jar (25 kB) | quarkus-resteasy-common-spi-1.4.2.Final.jar (3.4 kB)Progress (4): svm-19.3.1.jar (1.1/10 MB) | quarkus-undertow-websockets-deployment-1.4.2.Final.jar (12 kB) | quarkus-resteasy-common-deployment-1.4.2.Final.jar (25 kB) | quarkus-resteasy-common-spi-1.4.2.Final.jar (3.4 kB)Progress (4): svm-19.3.1.jar (1.1/10 MB) | quarkus-undertow-websockets-deployment-1.4.2.Final.jar (12 kB) | quarkus-resteasy-common-deployment-1.4.2.Final.jar (25 kB) | quarkus-resteasy-common-spi-1.4.2.Final.jar (3.4 kB)Progress (4): svm-19.3.1.jar (1.2/10 MB) | quarkus-undertow-websockets-deployment-1.4.2.Final.jar (12 kB) | quarkus-resteasy-common-deployment-1.4.2.Final.jar (25 kB) | quarkus-resteasy-common-spi-1.4.2.Final.jar (3.4 kB)                                                                                                                                                                                                                             Downloaded from central: https://repo.maven.apache.org/maven2/io/quarkus/quarkus-resteasy-common-deployment/1.4.2.Final/quarkus-resteasy-common-deployment-1.4.2.Final.jar (25 kB at 38 kB/s)
Downloading from central: https://repo.maven.apache.org/maven2/io/quarkus/quarkus-resteasy-jsonb-deployment/1.4.2.Final/quarkus-resteasy-jsonb-deployment-1.4.2.Final.jar
Progress (3): svm-19.3.1.jar (1.2/10 MB) | quarkus-undertow-websockets-deployment-1.4.2.Final.jar (12 kB) | quarkus-resteasy-common-spi-1.4.2.Final.jar (3.4 kB)                                                                                                                                                                Downloaded from central: https://repo.maven.apache.org/maven2/io/quarkus/quarkus-resteasy-common-spi/1.4.2.Final/quarkus-resteasy-common-spi-1.4.2.Final.jar (3.4 kB at 4.9 kB/s)
Downloading from central: https://repo.maven.apache.org/maven2/io/quarkus/quarkus-kubernetes-spi/1.4.2.Final/quarkus-kubernetes-spi-1.4.2.Final.jar
Progress (2): svm-19.3.1.jar (1.3/10 MB) | quarkus-undertow-websockets-deployment-1.4.2.Final.jar (12 kB)                                                                                                         Downloaded from central: https://repo.maven.apache.org/maven2/io/quarkus/quarkus-undertow-websockets-deployment/1.4.2.Final/quarkus-undertow-websockets-deployment-1.4.2.Final.jar (12 kB at 17 kB/s)
Downloading from central: https://repo.maven.apache.org/maven2/org/jboss/metadata/jboss-metadata-common/11.0.0.Final/jboss-metadata-common-11.0.0.Final.jar
Progress (1): svm-19.3.1.jar (1.3/10 MB)Progress (1): svm-19.3.1.jar (1.4/10 MB)Progress (2): svm-19.3.1.jar (1.4/10 MB) | quarkus-rest-client-deployment-1.4.2.Final.jar (4.1/14 kB)Progress (2): svm-19.3.1.jar (1.4/10 MB) | quarkus-rest-client-deployment-1.4.2.Final.jar (8.2/14 kB)Progress (2): svm-19.3.1.jar (1.4/10 MB) | quarkus-rest-client-deployment-1.4.2.Final.jar (12/14 kB) Progress (2): svm-19.3.1.jar (1.4/10 MB) | quarkus-rest-client-deployment-1.4.2.Final.jar (12/14 kB)Progress (2): svm-19.3.1.jar (1.4/10 MB) | quarkus-rest-client-deployment-1.4.2.Final.jar (14 kB)   Progress (3): svm-19.3.1.jar (1.4/10 MB) | quarkus-rest-client-deployment-1.4.2.Final.jar (14 kB) | jboss-metadata-common-11.0.0.Final.jar (4.1/475 kB)Progress (3): svm-19.3.1.jar (1.4/10 MB) | quarkus-rest-client-deployment-1.4.2.Final.jar (14 kB) | jboss-metadata-common-11.0.0.Final.jar (8.2/475 kB)Progress (3): svm-19.3.1.jar (1.4/10 MB) | quarkus-rest-client-deployment-1.4.2.Final.jar (14 kB) | jboss-metadata-common-11.0.0.Final.jar (12/475 kB) Progress (3): svm-19.3.1.jar (1.4/10 MB) | quarkus-rest-client-deployment-1.4.2.Final.jar (14 kB) | jboss-metadata-common-11.0.0.Final.jar (16/475 kB)Progress (3): svm-19.3.1.jar (1.4/10 MB) | quarkus-rest-client-deployment-1.4.2.Final.jar (14 kB) | jboss-metadata-common-11.0.0.Final.jar (20/475 kB)Progress (3): svm-19.3.1.jar (1.5/10 MB) | quarkus-rest-client-deployment-1.4.2.Final.jar (14 kB) | jboss-metadata-common-11.0.0.Final.jar (20/475 kB)Progress (3): svm-19.3.1.jar (1.5/10 MB) | quarkus-rest-client-deployment-1.4.2.Final.jar (14 kB) | jboss-metadata-common-11.0.0.Final.jar (25/475 kB)Progress (3): svm-19.3.1.jar (1.5/10 MB) | quarkus-rest-client-deployment-1.4.2.Final.jar (14 kB) | jboss-metadata-common-11.0.0.Final.jar (29/475 kB)Progress (3): svm-19.3.1.jar (1.5/10 MB) | quarkus-rest-client-deployment-1.4.2.Final.jar (14 kB) | jboss-metadata-common-11.0.0.Final.jar (33/475 kB)Progress (3): svm-19.3.1.jar (1.5/10 MB) | quarkus-rest-client-deployment-1.4.2.Final.jar (14 kB) | jboss-metadata-common-11.0.0.Final.jar (37/475 kB)Progress (3): svm-19.3.1.jar (1.5/10 MB) | quarkus-rest-client-deployment-1.4.2.Final.jar (14 kB) | jboss-metadata-common-11.0.0.Final.jar (41/475 kB)Progress (3): svm-19.3.1.jar (1.5/10 MB) | quarkus-rest-client-deployment-1.4.2.Final.jar (14 kB) | jboss-metadata-common-11.0.0.Final.jar (45/475 kB)Progress (3): svm-19.3.1.jar (1.5/10 MB) | quarkus-rest-client-deployment-1.4.2.Final.jar (14 kB) | jboss-metadata-common-11.0.0.Final.jar (49/475 kB)Progress (3): svm-19.3.1.jar (1.5/10 MB) | quarkus-rest-client-deployment-1.4.2.Final.jar (14 kB) | jboss-metadata-common-11.0.0.Final.jar (53/475 kB)Progress (3): svm-19.3.1.jar (1.5/10 MB) | quarkus-rest-client-deployment-1.4.2.Final.jar (14 kB) | jboss-metadata-common-11.0.0.Final.jar (57/475 kB)Progress (3): svm-19.3.1.jar (1.5/10 MB) | quarkus-rest-client-deployment-1.4.2.Final.jar (14 kB) | jboss-metadata-common-11.0.0.Final.jar (61/475 kB)Progress (3): svm-19.3.1.jar (1.5/10 MB) | quarkus-rest-client-deployment-1.4.2.Final.jar (14 kB) | jboss-metadata-common-11.0.0.Final.jar (61/475 kB)Progress (3): svm-19.3.1.jar (1.5/10 MB) | quarkus-rest-client-deployment-1.4.2.Final.jar (14 kB) | jboss-metadata-common-11.0.0.Final.jar (66/475 kB)Progress (3): svm-19.3.1.jar (1.5/10 MB) | quarkus-rest-client-deployment-1.4.2.Final.jar (14 kB) | jboss-metadata-common-11.0.0.Final.jar (70/475 kB)Progress (3): svm-19.3.1.jar (1.5/10 MB) | quarkus-rest-client-deployment-1.4.2.Final.jar (14 kB) | jboss-metadata-common-11.0.0.Final.jar (74/475 kB)Progress (3): svm-19.3.1.jar (1.5/10 MB) | quarkus-rest-client-deployment-1.4.2.Final.jar (14 kB) | jboss-metadata-common-11.0.0.Final.jar (78/475 kB)Progress (3): svm-19.3.1.jar (1.5/10 MB) | quarkus-rest-client-deployment-1.4.2.Final.jar (14 kB) | jboss-metadata-common-11.0.0.Final.jar (82/475 kB)Progress (3): svm-19.3.1.jar (1.5/10 MB) | quarkus-rest-client-deployment-1.4.2.Final.jar (14 kB) | jboss-metadata-common-11.0.0.Final.jar (86/475 kB)Progress (3): svm-19.3.1.jar (1.5/10 MB) | quarkus-rest-client-deployment-1.4.2.Final.jar (14 kB) | jboss-metadata-common-11.0.0.Final.jar (90/475 kB)Progress (3): svm-19.3.1.jar (1.5/10 MB) | quarkus-rest-client-deployment-1.4.2.Final.jar (14 kB) | jboss-metadata-common-11.0.0.Final.jar (94/475 kB)Progress (3): svm-19.3.1.jar (1.6/10 MB) | quarkus-rest-client-deployment-1.4.2.Final.jar (14 kB) | jboss-metadata-common-11.0.0.Final.jar (94/475 kB)Progress (3): svm-19.3.1.jar (1.6/10 MB) | quarkus-rest-client-deployment-1.4.2.Final.jar (14 kB) | jboss-metadata-common-11.0.0.Final.jar (98/475 kB)Progress (3): svm-19.3.1.jar (1.6/10 MB) | quarkus-rest-client-deployment-1.4.2.Final.jar (14 kB) | jboss-metadata-common-11.0.0.Final.jar (102/475 kB)Progress (3): svm-19.3.1.jar (1.6/10 MB) | quarkus-rest-client-deployment-1.4.2.Final.jar (14 kB) | jboss-metadata-common-11.0.0.Final.jar (106/475 kB)Progress (3): svm-19.3.1.jar (1.6/10 MB) | quarkus-rest-client-deployment-1.4.2.Final.jar (14 kB) | jboss-metadata-common-11.0.0.Final.jar (111/475 kB)Progress (3): svm-19.3.1.jar (1.6/10 MB) | quarkus-rest-client-deployment-1.4.2.Final.jar (14 kB) | jboss-metadata-common-11.0.0.Final.jar (115/475 kB)Progress (3): svm-19.3.1.jar (1.6/10 MB) | quarkus-rest-client-deployment-1.4.2.Final.jar (14 kB) | jboss-metadata-common-11.0.0.Final.jar (119/475 kB)Progress (3): svm-19.3.1.jar (1.6/10 MB) | quarkus-rest-client-deployment-1.4.2.Final.jar (14 kB) | jboss-metadata-common-11.0.0.Final.jar (123/475 kB)Progress (3): svm-19.3.1.jar (1.6/10 MB) | quarkus-rest-client-deployment-1.4.2.Final.jar (14 kB) | jboss-metadata-common-11.0.0.Final.jar (127/475 kB)Progress (4): svm-19.3.1.jar (1.6/10 MB) | quarkus-rest-client-deployment-1.4.2.Final.jar (14 kB) | jboss-metadata-common-11.0.0.Final.jar (127/475 kB) | quarkus-resteasy-jsonb-deployment-1.4.2.Final.jar (2.7/5.4 kB)Progress (4): svm-19.3.1.jar (1.6/10 MB) | quarkus-rest-client-deployment-1.4.2.Final.jar (14 kB) | jboss-metadata-common-11.0.0.Final.jar (131/475 kB) | quarkus-resteasy-jsonb-deployment-1.4.2.Final.jar (2.7/5.4 kB)Progress (4): svm-19.3.1.jar (1.6/10 MB) | quarkus-rest-client-deployment-1.4.2.Final.jar (14 kB) | jboss-metadata-common-11.0.0.Final.jar (131/475 kB) | quarkus-resteasy-jsonb-deployment-1.4.2.Final.jar (5.4 kB)    Progress (4): svm-19.3.1.jar (1.6/10 MB) | quarkus-rest-client-deployment-1.4.2.Final.jar (14 kB) | jboss-metadata-common-11.0.0.Final.jar (131/475 kB) | quarkus-resteasy-jsonb-deployment-1.4.2.Final.jar (5.4 kB)Progress (4): svm-19.3.1.jar (1.6/10 MB) | quarkus-rest-client-deployment-1.4.2.Final.jar (14 kB) | jboss-metadata-common-11.0.0.Final.jar (135/475 kB) | quarkus-resteasy-jsonb-deployment-1.4.2.Final.jar (5.4 kB)Progress (4): svm-19.3.1.jar (1.6/10 MB) | quarkus-rest-client-deployment-1.4.2.Final.jar (14 kB) | jboss-metadata-common-11.0.0.Final.jar (139/475 kB) | quarkus-resteasy-jsonb-deployment-1.4.2.Final.jar (5.4 kB)Progress (4): svm-19.3.1.jar (1.6/10 MB) | quarkus-rest-client-deployment-1.4.2.Final.jar (14 kB) | jboss-metadata-common-11.0.0.Final.jar (143/475 kB) | quarkus-resteasy-jsonb-deployment-1.4.2.Final.jar (5.4 kB)Progress (4): svm-19.3.1.jar (1.6/10 MB) | quarkus-rest-client-deployment-1.4.2.Final.jar (14 kB) | jboss-metadata-common-11.0.0.Final.jar (147/475 kB) | quarkus-resteasy-jsonb-deployment-1.4.2.Final.jar (5.4 kB)Progress (4): svm-19.3.1.jar (1.6/10 MB) | quarkus-rest-client-deployment-1.4.2.Final.jar (14 kB) | jboss-metadata-common-11.0.0.Final.jar (152/475 kB) | quarkus-resteasy-jsonb-deployment-1.4.2.Final.jar (5.4 kB)Progress (4): svm-19.3.1.jar (1.6/10 MB) | quarkus-rest-client-deployment-1.4.2.Final.jar (14 kB) | jboss-metadata-common-11.0.0.Final.jar (156/475 kB) | quarkus-resteasy-jsonb-deployment-1.4.2.Final.jar (5.4 kB)Progress (4): svm-19.3.1.jar (1.6/10 MB) | quarkus-rest-client-deployment-1.4.2.Final.jar (14 kB) | jboss-metadata-common-11.0.0.Final.jar (160/475 kB) | quarkus-resteasy-jsonb-deployment-1.4.2.Final.jar (5.4 kB)Progress (4): svm-19.3.1.jar (1.7/10 MB) | quarkus-rest-client-deployment-1.4.2.Final.jar (14 kB) | jboss-metadata-common-11.0.0.Final.jar (160/475 kB) | quarkus-resteasy-jsonb-deployment-1.4.2.Final.jar (5.4 kB)Progress (4): svm-19.3.1.jar (1.7/10 MB) | quarkus-rest-client-deployment-1.4.2.Final.jar (14 kB) | jboss-metadata-common-11.0.0.Final.jar (164/475 kB) | quarkus-resteasy-jsonb-deployment-1.4.2.Final.jar (5.4 kB)Progress (5): svm-19.3.1.jar (1.7/10 MB) | quarkus-rest-client-deployment-1.4.2.Final.jar (14 kB) | jboss-metadata-common-11.0.0.Final.jar (164/475 kB) | quarkus-resteasy-jsonb-deployment-1.4.2.Final.jar (5.4 kB) | quarkus-kubernetes-spi-1.4.2.Final.jar (4.1/8.1 kB)Progress (5): svm-19.3.1.jar (1.7/10 MB) | quarkus-rest-client-deployment-1.4.2.Final.jar (14 kB) | jboss-metadata-common-11.0.0.Final.jar (168/475 kB) | quarkus-resteasy-jsonb-deployment-1.4.2.Final.jar (5.4 kB) | quarkus-kubernetes-spi-1.4.2.Final.jar (4.1/8.1 kB)Progress (5): svm-19.3.1.jar (1.7/10 MB) | quarkus-rest-client-deployment-1.4.2.Final.jar (14 kB) | jboss-metadata-common-11.0.0.Final.jar (168/475 kB) | quarkus-resteasy-jsonb-deployment-1.4.2.Final.jar (5.4 kB) | quarkus-kubernetes-spi-1.4.2.Final.jar (8.1 kB)    Progress (5): svm-19.3.1.jar (1.7/10 MB) | quarkus-rest-client-deployment-1.4.2.Final.jar (14 kB) | jboss-metadata-common-11.0.0.Final.jar (172/475 kB) | quarkus-resteasy-jsonb-deployment-1.4.2.Final.jar (5.4 kB) | quarkus-kubernetes-spi-1.4.2.Final.jar (8.1 kB)Progress (5): svm-19.3.1.jar (1.7/10 MB) | quarkus-rest-client-deployment-1.4.2.Final.jar (14 kB) | jboss-metadata-common-11.0.0.Final.jar (176/475 kB) | quarkus-resteasy-jsonb-deployment-1.4.2.Final.jar (5.4 kB) | quarkus-kubernetes-spi-1.4.2.Final.jar (8.1 kB)Progress (5): svm-19.3.1.jar (1.7/10 MB) | quarkus-rest-client-deployment-1.4.2.Final.jar (14 kB) | jboss-metadata-common-11.0.0.Final.jar (180/475 kB) | quarkus-resteasy-jsonb-deployment-1.4.2.Final.jar (5.4 kB) | quarkus-kubernetes-spi-1.4.2.Final.jar (8.1 kB)Progress (5): svm-19.3.1.jar (1.7/10 MB) | quarkus-rest-client-deployment-1.4.2.Final.jar (14 kB) | jboss-metadata-common-11.0.0.Final.jar (184/475 kB) | quarkus-resteasy-jsonb-deployment-1.4.2.Final.jar (5.4 kB) | quarkus-kubernetes-spi-1.4.2.Final.jar (8.1 kB)Progress (5): svm-19.3.1.jar (1.7/10 MB) | quarkus-rest-client-deployment-1.4.2.Final.jar (14 kB) | jboss-metadata-common-11.0.0.Final.jar (188/475 kB) | quarkus-resteasy-jsonb-deployment-1.4.2.Final.jar (5.4 kB) | quarkus-kubernetes-spi-1.4.2.Final.jar (8.1 kB)Progress (5): svm-19.3.1.jar (1.7/10 MB) | quarkus-rest-client-deployment-1.4.2.Final.jar (14 kB) | jboss-metadata-common-11.0.0.Final.jar (193/475 kB) | quarkus-resteasy-jsonb-deployment-1.4.2.Final.jar (5.4 kB) | quarkus-kubernetes-spi-1.4.2.Final.jar (8.1 kB)Progress (5): svm-19.3.1.jar (1.7/10 MB) | quarkus-rest-client-deployment-1.4.2.Final.jar (14 kB) | jboss-metadata-common-11.0.0.Final.jar (197/475 kB) | quarkus-resteasy-jsonb-deployment-1.4.2.Final.jar (5.4 kB) | quarkus-kubernetes-spi-1.4.2.Final.jar (8.1 kB)Progress (5): svm-19.3.1.jar (1.7/10 MB) | quarkus-rest-client-deployment-1.4.2.Final.jar (14 kB) | jboss-metadata-common-11.0.0.Final.jar (201/475 kB) | quarkus-resteasy-jsonb-deployment-1.4.2.Final.jar (5.4 kB) | quarkus-kubernetes-spi-1.4.2.Final.jar (8.1 kB)Progress (5): svm-19.3.1.jar (1.7/10 MB) | quarkus-rest-client-deployment-1.4.2.Final.jar (14 kB) | jboss-metadata-common-11.0.0.Final.jar (205/475 kB) | quarkus-resteasy-jsonb-deployment-1.4.2.Final.jar (5.4 kB) | quarkus-kubernetes-spi-1.4.2.Final.jar (8.1 kB)Progress (5): svm-19.3.1.jar (1.7/10 MB) | quarkus-rest-client-deployment-1.4.2.Final.jar (14 kB) | jboss-metadata-common-11.0.0.Final.jar (209/475 kB) | quarkus-resteasy-jsonb-deployment-1.4.2.Final.jar (5.4 kB) | quarkus-kubernetes-spi-1.4.2.Final.jar (8.1 kB)Progress (5): svm-19.3.1.jar (1.7/10 MB) | quarkus-rest-client-deployment-1.4.2.Final.jar (14 kB) | jboss-metadata-common-11.0.0.Final.jar (213/475 kB) | quarkus-resteasy-jsonb-deployment-1.4.2.Final.jar (5.4 kB) | quarkus-kubernetes-spi-1.4.2.Final.jar (8.1 kB)Progress (5): svm-19.3.1.jar (1.7/10 MB) | quarkus-rest-client-deployment-1.4.2.Final.jar (14 kB) | jboss-metadata-common-11.0.0.Final.jar (217/475 kB) | quarkus-resteasy-jsonb-deployment-1.4.2.Final.jar (5.4 kB) | quarkus-kubernetes-spi-1.4.2.Final.jar (8.1 kB)Progress (5): svm-19.3.1.jar (1.7/10 MB) | quarkus-rest-client-deployment-1.4.2.Final.jar (14 kB) | jboss-metadata-common-11.0.0.Final.jar (217/475 kB) | quarkus-resteasy-jsonb-deployment-1.4.2.Final.jar (5.4 kB) | quarkus-kubernetes-spi-1.4.2.Final.jar (8.1 kB)Progress (5): svm-19.3.1.jar (1.7/10 MB) | quarkus-rest-client-deployment-1.4.2.Final.jar (14 kB) | jboss-metadata-common-11.0.0.Final.jar (221/475 kB) | quarkus-resteasy-jsonb-deployment-1.4.2.Final.jar (5.4 kB) | quarkus-kubernetes-spi-1.4.2.Final.jar (8.1 kB)Progress (5): svm-19.3.1.jar (1.7/10 MB) | quarkus-rest-client-deployment-1.4.2.Final.jar (14 kB) | jboss-metadata-common-11.0.0.Final.jar (225/475 kB) | quarkus-resteasy-jsonb-deployment-1.4.2.Final.jar (5.4 kB) | quarkus-kubernetes-spi-1.4.2.Final.jar (8.1 kB)Progress (5): svm-19.3.1.jar (1.7/10 MB) | quarkus-rest-client-deployment-1.4.2.Final.jar (14 kB) | jboss-metadata-common-11.0.0.Final.jar (229/475 kB) | quarkus-resteasy-jsonb-deployment-1.4.2.Final.jar (5.4 kB) | quarkus-kubernetes-spi-1.4.2.Final.jar (8.1 kB)Progress (5): svm-19.3.1.jar (1.7/10 MB) | quarkus-rest-client-deployment-1.4.2.Final.jar (14 kB) | jboss-metadata-common-11.0.0.Final.jar (233/475 kB) | quarkus-resteasy-jsonb-deployment-1.4.2.Final.jar (5.4 kB) | quarkus-kubernetes-spi-1.4.2.Final.jar (8.1 kB)Progress (5): svm-19.3.1.jar (1.7/10 MB) | quarkus-rest-client-deployment-1.4.2.Final.jar (14 kB) | jboss-metadata-common-11.0.0.Final.jar (238/475 kB) | quarkus-resteasy-jsonb-deployment-1.4.2.Final.jar (5.4 kB) | quarkus-kubernetes-spi-1.4.2.Final.jar (8.1 kB)Progress (5): svm-19.3.1.jar (1.7/10 MB) | quarkus-rest-client-deployment-1.4.2.Final.jar (14 kB) | jboss-metadata-common-11.0.0.Final.jar (242/475 kB) | quarkus-resteasy-jsonb-deployment-1.4.2.Final.jar (5.4 kB) | quarkus-kubernetes-spi-1.4.2.Final.jar (8.1 kB)Progress (5): svm-19.3.1.jar (1.7/10 MB) | quarkus-rest-client-deployment-1.4.2.Final.jar (14 kB) | jboss-metadata-common-11.0.0.Final.jar (246/475 kB) | quarkus-resteasy-jsonb-deployment-1.4.2.Final.jar (5.4 kB) | quarkus-kubernetes-spi-1.4.2.Final.jar (8.1 kB)                                                                                                                                                                                                                                                                      Downloaded from central: https://repo.maven.apache.org/maven2/io/quarkus/quarkus-rest-client-deployment/1.4.2.Final/quarkus-rest-client-deployment-1.4.2.Final.jar (14 kB at 17 kB/s)
Downloading from central: https://repo.maven.apache.org/maven2/org/jboss/metadata/jboss-metadata-web/11.0.0.Final/jboss-metadata-web-11.0.0.Final.jar
Progress (4): svm-19.3.1.jar (1.7/10 MB) | jboss-metadata-common-11.0.0.Final.jar (250/475 kB) | quarkus-resteasy-jsonb-deployment-1.4.2.Final.jar (5.4 kB) | quarkus-kubernetes-spi-1.4.2.Final.jar (8.1 kB)Progress (4): svm-19.3.1.jar (1.7/10 MB) | jboss-metadata-common-11.0.0.Final.jar (254/475 kB) | quarkus-resteasy-jsonb-deployment-1.4.2.Final.jar (5.4 kB) | quarkus-kubernetes-spi-1.4.2.Final.jar (8.1 kB)Progress (4): svm-19.3.1.jar (1.7/10 MB) | jboss-metadata-common-11.0.0.Final.jar (258/475 kB) | quarkus-resteasy-jsonb-deployment-1.4.2.Final.jar (5.4 kB) | quarkus-kubernetes-spi-1.4.2.Final.jar (8.1 kB)Progress (4): svm-19.3.1.jar (1.7/10 MB) | jboss-metadata-common-11.0.0.Final.jar (262/475 kB) | quarkus-resteasy-jsonb-deployment-1.4.2.Final.jar (5.4 kB) | quarkus-kubernetes-spi-1.4.2.Final.jar (8.1 kB)Progress (4): svm-19.3.1.jar (1.7/10 MB) | jboss-metadata-common-11.0.0.Final.jar (266/475 kB) | quarkus-resteasy-jsonb-deployment-1.4.2.Final.jar (5.4 kB) | quarkus-kubernetes-spi-1.4.2.Final.jar (8.1 kB)Progress (4): svm-19.3.1.jar (1.8/10 MB) | jboss-metadata-common-11.0.0.Final.jar (266/475 kB) | quarkus-resteasy-jsonb-deployment-1.4.2.Final.jar (5.4 kB) | quarkus-kubernetes-spi-1.4.2.Final.jar (8.1 kB)Progress (4): svm-19.3.1.jar (1.8/10 MB) | jboss-metadata-common-11.0.0.Final.jar (270/475 kB) | quarkus-resteasy-jsonb-deployment-1.4.2.Final.jar (5.4 kB) | quarkus-kubernetes-spi-1.4.2.Final.jar (8.1 kB)Progress (4): svm-19.3.1.jar (1.8/10 MB) | jboss-metadata-common-11.0.0.Final.jar (274/475 kB) | quarkus-resteasy-jsonb-deployment-1.4.2.Final.jar (5.4 kB) | quarkus-kubernetes-spi-1.4.2.Final.jar (8.1 kB)Progress (4): svm-19.3.1.jar (1.8/10 MB) | jboss-metadata-common-11.0.0.Final.jar (279/475 kB) | quarkus-resteasy-jsonb-deployment-1.4.2.Final.jar (5.4 kB) | quarkus-kubernetes-spi-1.4.2.Final.jar (8.1 kB)Progress (4): svm-19.3.1.jar (1.8/10 MB) | jboss-metadata-common-11.0.0.Final.jar (283/475 kB) | quarkus-resteasy-jsonb-deployment-1.4.2.Final.jar (5.4 kB) | quarkus-kubernetes-spi-1.4.2.Final.jar (8.1 kB)Progress (5): svm-19.3.1.jar (1.8/10 MB) | jboss-metadata-common-11.0.0.Final.jar (283/475 kB) | quarkus-resteasy-jsonb-deployment-1.4.2.Final.jar (5.4 kB) | quarkus-kubernetes-spi-1.4.2.Final.jar (8.1 kB) | jboss-metadata-web-11.0.0.Final.jar (4.1/468 kB)Progress (5): svm-19.3.1.jar (1.8/10 MB) | jboss-metadata-common-11.0.0.Final.jar (287/475 kB) | quarkus-resteasy-jsonb-deployment-1.4.2.Final.jar (5.4 kB) | quarkus-kubernetes-spi-1.4.2.Final.jar (8.1 kB) | jboss-metadata-web-11.0.0.Final.jar (4.1/468 kB)Progress (5): svm-19.3.1.jar (1.8/10 MB) | jboss-metadata-common-11.0.0.Final.jar (287/475 kB) | quarkus-resteasy-jsonb-deployment-1.4.2.Final.jar (5.4 kB) | quarkus-kubernetes-spi-1.4.2.Final.jar (8.1 kB) | jboss-metadata-web-11.0.0.Final.jar (8.2/468 kB)Progress (5): svm-19.3.1.jar (1.8/10 MB) | jboss-metadata-common-11.0.0.Final.jar (291/475 kB) | quarkus-resteasy-jsonb-deployment-1.4.2.Final.jar (5.4 kB) | quarkus-kubernetes-spi-1.4.2.Final.jar (8.1 kB) | jboss-metadata-web-11.0.0.Final.jar (8.2/468 kB)Progress (5): svm-19.3.1.jar (1.8/10 MB) | jboss-metadata-common-11.0.0.Final.jar (291/475 kB) | quarkus-resteasy-jsonb-deployment-1.4.2.Final.jar (5.4 kB) | quarkus-kubernetes-spi-1.4.2.Final.jar (8.1 kB) | jboss-metadata-web-11.0.0.Final.jar (12/468 kB) Progress (5): svm-19.3.1.jar (1.8/10 MB) | jboss-metadata-common-11.0.0.Final.jar (295/475 kB) | quarkus-resteasy-jsonb-deployment-1.4.2.Final.jar (5.4 kB) | quarkus-kubernetes-spi-1.4.2.Final.jar (8.1 kB) | jboss-metadata-web-11.0.0.Final.jar (12/468 kB)Progress (5): svm-19.3.1.jar (1.8/10 MB) | jboss-metadata-common-11.0.0.Final.jar (295/475 kB) | quarkus-resteasy-jsonb-deployment-1.4.2.Final.jar (5.4 kB) | quarkus-kubernetes-spi-1.4.2.Final.jar (8.1 kB) | jboss-metadata-web-11.0.0.Final.jar (16/468 kB)Progress (5): svm-19.3.1.jar (1.8/10 MB) | jboss-metadata-common-11.0.0.Final.jar (299/475 kB) | quarkus-resteasy-jsonb-deployment-1.4.2.Final.jar (5.4 kB) | quarkus-kubernetes-spi-1.4.2.Final.jar (8.1 kB) | jboss-metadata-web-11.0.0.Final.jar (16/468 kB)Progress (5): svm-19.3.1.jar (1.8/10 MB) | jboss-metadata-common-11.0.0.Final.jar (303/475 kB) | quarkus-resteasy-jsonb-deployment-1.4.2.Final.jar (5.4 kB) | quarkus-kubernetes-spi-1.4.2.Final.jar (8.1 kB) | jboss-metadata-web-11.0.0.Final.jar (16/468 kB)Progress (5): svm-19.3.1.jar (1.8/10 MB) | jboss-metadata-common-11.0.0.Final.jar (303/475 kB) | quarkus-resteasy-jsonb-deployment-1.4.2.Final.jar (5.4 kB) | quarkus-kubernetes-spi-1.4.2.Final.jar (8.1 kB) | jboss-metadata-web-11.0.0.Final.jar (20/468 kB)Progress (5): svm-19.3.1.jar (1.8/10 MB) | jboss-metadata-common-11.0.0.Final.jar (307/475 kB) | quarkus-resteasy-jsonb-deployment-1.4.2.Final.jar (5.4 kB) | quarkus-kubernetes-spi-1.4.2.Final.jar (8.1 kB) | jboss-metadata-web-11.0.0.Final.jar (20/468 kB)Progress (5): svm-19.3.1.jar (1.8/10 MB) | jboss-metadata-common-11.0.0.Final.jar (307/475 kB) | quarkus-resteasy-jsonb-deployment-1.4.2.Final.jar (5.4 kB) | quarkus-kubernetes-spi-1.4.2.Final.jar (8.1 kB) | jboss-metadata-web-11.0.0.Final.jar (25/468 kB)Progress (5): svm-19.3.1.jar (1.8/10 MB) | jboss-metadata-common-11.0.0.Final.jar (311/475 kB) | quarkus-resteasy-jsonb-deployment-1.4.2.Final.jar (5.4 kB) | quarkus-kubernetes-spi-1.4.2.Final.jar (8.1 kB) | jboss-metadata-web-11.0.0.Final.jar (25/468 kB)Progress (5): svm-19.3.1.jar (1.8/10 MB) | jboss-metadata-common-11.0.0.Final.jar (311/475 kB) | quarkus-resteasy-jsonb-deployment-1.4.2.Final.jar (5.4 kB) | quarkus-kubernetes-spi-1.4.2.Final.jar (8.1 kB) | jboss-metadata-web-11.0.0.Final.jar (29/468 kB)Progress (5): svm-19.3.1.jar (1.8/10 MB) | jboss-metadata-common-11.0.0.Final.jar (311/475 kB) | quarkus-resteasy-jsonb-deployment-1.4.2.Final.jar (5.4 kB) | quarkus-kubernetes-spi-1.4.2.Final.jar (8.1 kB) | jboss-metadata-web-11.0.0.Final.jar (33/468 kB)Progress (5): svm-19.3.1.jar (1.8/10 MB) | jboss-metadata-common-11.0.0.Final.jar (315/475 kB) | quarkus-resteasy-jsonb-deployment-1.4.2.Final.jar (5.4 kB) | quarkus-kubernetes-spi-1.4.2.Final.jar (8.1 kB) | jboss-metadata-web-11.0.0.Final.jar (33/468 kB)Progress (5): svm-19.3.1.jar (1.8/10 MB) | jboss-metadata-common-11.0.0.Final.jar (319/475 kB) | quarkus-resteasy-jsonb-deployment-1.4.2.Final.jar (5.4 kB) | quarkus-kubernetes-spi-1.4.2.Final.jar (8.1 kB) | jboss-metadata-web-11.0.0.Final.jar (33/468 kB)Progress (5): svm-19.3.1.jar (1.8/10 MB) | jboss-metadata-common-11.0.0.Final.jar (319/475 kB) | quarkus-resteasy-jsonb-deployment-1.4.2.Final.jar (5.4 kB) | quarkus-kubernetes-spi-1.4.2.Final.jar (8.1 kB) | jboss-metadata-web-11.0.0.Final.jar (37/468 kB)Progress (5): svm-19.3.1.jar (1.8/10 MB) | jboss-metadata-common-11.0.0.Final.jar (324/475 kB) | quarkus-resteasy-jsonb-deployment-1.4.2.Final.jar (5.4 kB) | quarkus-kubernetes-spi-1.4.2.Final.jar (8.1 kB) | jboss-metadata-web-11.0.0.Final.jar (37/468 kB)Progress (5): svm-19.3.1.jar (1.8/10 MB) | jboss-metadata-common-11.0.0.Final.jar (324/475 kB) | quarkus-resteasy-jsonb-deployment-1.4.2.Final.jar (5.4 kB) | quarkus-kubernetes-spi-1.4.2.Final.jar (8.1 kB) | jboss-metadata-web-11.0.0.Final.jar (41/468 kB)Progress (5): svm-19.3.1.jar (1.8/10 MB) | jboss-metadata-common-11.0.0.Final.jar (328/475 kB) | quarkus-resteasy-jsonb-deployment-1.4.2.Final.jar (5.4 kB) | quarkus-kubernetes-spi-1.4.2.Final.jar (8.1 kB) | jboss-metadata-web-11.0.0.Final.jar (41/468 kB)Progress (5): svm-19.3.1.jar (1.8/10 MB) | jboss-metadata-common-11.0.0.Final.jar (328/475 kB) | quarkus-resteasy-jsonb-deployment-1.4.2.Final.jar (5.4 kB) | quarkus-kubernetes-spi-1.4.2.Final.jar (8.1 kB) | jboss-metadata-web-11.0.0.Final.jar (45/468 kB)Progress (5): svm-19.3.1.jar (1.8/10 MB) | jboss-metadata-common-11.0.0.Final.jar (328/475 kB) | quarkus-resteasy-jsonb-deployment-1.4.2.Final.jar (5.4 kB) | quarkus-kubernetes-spi-1.4.2.Final.jar (8.1 kB) | jboss-metadata-web-11.0.0.Final.jar (49/468 kB)Progress (5): svm-19.3.1.jar (1.8/10 MB) | jboss-metadata-common-11.0.0.Final.jar (332/475 kB) | quarkus-resteasy-jsonb-deployment-1.4.2.Final.jar (5.4 kB) | quarkus-kubernetes-spi-1.4.2.Final.jar (8.1 kB) | jboss-metadata-web-11.0.0.Final.jar (49/468 kB)Progress (5): svm-19.3.1.jar (1.8/10 MB) | jboss-metadata-common-11.0.0.Final.jar (336/475 kB) | quarkus-resteasy-jsonb-deployment-1.4.2.Final.jar (5.4 kB) | quarkus-kubernetes-spi-1.4.2.Final.jar (8.1 kB) | jboss-metadata-web-11.0.0.Final.jar (49/468 kB)Progress (5): svm-19.3.1.jar (1.8/10 MB) | jboss-metadata-common-11.0.0.Final.jar (340/475 kB) | quarkus-resteasy-jsonb-deployment-1.4.2.Final.jar (5.4 kB) | quarkus-kubernetes-spi-1.4.2.Final.jar (8.1 kB) | jboss-metadata-web-11.0.0.Final.jar (49/468 kB)Progress (5): svm-19.3.1.jar (1.8/10 MB) | jboss-metadata-common-11.0.0.Final.jar (340/475 kB) | quarkus-resteasy-jsonb-deployment-1.4.2.Final.jar (5.4 kB) | quarkus-kubernetes-spi-1.4.2.Final.jar (8.1 kB) | jboss-metadata-web-11.0.0.Final.jar (53/468 kB)                                                                                                                                                                                                                                                               Downloaded from central: https://repo.maven.apache.org/maven2/io/quarkus/quarkus-resteasy-jsonb-deployment/1.4.2.Final/quarkus-resteasy-jsonb-deployment-1.4.2.Final.jar (5.4 kB at 6.1 kB/s)
Progress (4): svm-19.3.1.jar (1.8/10 MB) | jboss-metadata-common-11.0.0.Final.jar (344/475 kB) | quarkus-kubernetes-spi-1.4.2.Final.jar (8.1 kB) | jboss-metadata-web-11.0.0.Final.jar (53/468 kB)Progress (4): svm-19.3.1.jar (1.8/10 MB) | jboss-metadata-common-11.0.0.Final.jar (344/475 kB) | quarkus-kubernetes-spi-1.4.2.Final.jar (8.1 kB) | jboss-metadata-web-11.0.0.Final.jar (57/468 kB)Progress (4): svm-19.3.1.jar (1.8/10 MB) | jboss-metadata-common-11.0.0.Final.jar (344/475 kB) | quarkus-kubernetes-spi-1.4.2.Final.jar (8.1 kB) | jboss-metadata-web-11.0.0.Final.jar (61/468 kB)Progress (4): svm-19.3.1.jar (1.8/10 MB) | jboss-metadata-common-11.0.0.Final.jar (348/475 kB) | quarkus-kubernetes-spi-1.4.2.Final.jar (8.1 kB) | jboss-metadata-web-11.0.0.Final.jar (61/468 kB)Progress (4): svm-19.3.1.jar (1.8/10 MB) | jboss-metadata-common-11.0.0.Final.jar (348/475 kB) | quarkus-kubernetes-spi-1.4.2.Final.jar (8.1 kB) | jboss-metadata-web-11.0.0.Final.jar (66/468 kB)Progress (4): svm-19.3.1.jar (1.8/10 MB) | jboss-metadata-common-11.0.0.Final.jar (352/475 kB) | quarkus-kubernetes-spi-1.4.2.Final.jar (8.1 kB) | jboss-metadata-web-11.0.0.Final.jar (66/468 kB)Progress (4): svm-19.3.1.jar (1.8/10 MB) | jboss-metadata-common-11.0.0.Final.jar (352/475 kB) | quarkus-kubernetes-spi-1.4.2.Final.jar (8.1 kB) | jboss-metadata-web-11.0.0.Final.jar (70/468 kB)Progress (4): svm-19.3.1.jar (1.8/10 MB) | jboss-metadata-common-11.0.0.Final.jar (356/475 kB) | quarkus-kubernetes-spi-1.4.2.Final.jar (8.1 kB) | jboss-metadata-web-11.0.0.Final.jar (70/468 kB)Progress (4): svm-19.3.1.jar (1.8/10 MB) | jboss-metadata-common-11.0.0.Final.jar (356/475 kB) | quarkus-kubernetes-spi-1.4.2.Final.jar (8.1 kB) | jboss-metadata-web-11.0.0.Final.jar (73/468 kB)Progress (4): svm-19.3.1.jar (1.8/10 MB) | jboss-metadata-common-11.0.0.Final.jar (360/475 kB) | quarkus-kubernetes-spi-1.4.2.Final.jar (8.1 kB) | jboss-metadata-web-11.0.0.Final.jar (73/468 kB)Progress (4): svm-19.3.1.jar (1.8/10 MB) | jboss-metadata-common-11.0.0.Final.jar (365/475 kB) | quarkus-kubernetes-spi-1.4.2.Final.jar (8.1 kB) | jboss-metadata-web-11.0.0.Final.jar (73/468 kB)Progress (4): svm-19.3.1.jar (1.8/10 MB) | jboss-metadata-common-11.0.0.Final.jar (369/475 kB) | quarkus-kubernetes-spi-1.4.2.Final.jar (8.1 kB) | jboss-metadata-web-11.0.0.Final.jar (73/468 kB)Progress (4): svm-19.3.1.jar (1.8/10 MB) | jboss-metadata-common-11.0.0.Final.jar (369/475 kB) | quarkus-kubernetes-spi-1.4.2.Final.jar (8.1 kB) | jboss-metadata-web-11.0.0.Final.jar (77/468 kB)                                                                                                                                                                                                  Downloading from central: https://repo.maven.apache.org/maven2/io/quarkus/quarkus-undertow-deployment/1.4.2.Final/quarkus-undertow-deployment-1.4.2.Final.jar
Progress (4): svm-19.3.1.jar (1.8/10 MB) | jboss-metadata-common-11.0.0.Final.jar (369/475 kB) | quarkus-kubernetes-spi-1.4.2.Final.jar (8.1 kB) | jboss-metadata-web-11.0.0.Final.jar (81/468 kB)Progress (4): svm-19.3.1.jar (1.8/10 MB) | jboss-metadata-common-11.0.0.Final.jar (369/475 kB) | quarkus-kubernetes-spi-1.4.2.Final.jar (8.1 kB) | jboss-metadata-web-11.0.0.Final.jar (85/468 kB)Progress (4): svm-19.3.1.jar (1.8/10 MB) | jboss-metadata-common-11.0.0.Final.jar (369/475 kB) | quarkus-kubernetes-spi-1.4.2.Final.jar (8.1 kB) | jboss-metadata-web-11.0.0.Final.jar (89/468 kB)                                                                                                                                                                                                  Downloaded from central: https://repo.maven.apache.org/maven2/io/quarkus/quarkus-kubernetes-spi/1.4.2.Final/quarkus-kubernetes-spi-1.4.2.Final.jar (8.1 kB at 9.0 kB/s)
Downloading from central: https://repo.maven.apache.org/maven2/io/quarkus/quarkus-jsonb-spi/1.4.2.Final/quarkus-jsonb-spi-1.4.2.Final.jar
Progress (3): svm-19.3.1.jar (1.8/10 MB) | jboss-metadata-common-11.0.0.Final.jar (369/475 kB) | jboss-metadata-web-11.0.0.Final.jar (93/468 kB)Progress (3): svm-19.3.1.jar (1.8/10 MB) | jboss-metadata-common-11.0.0.Final.jar (373/475 kB) | jboss-metadata-web-11.0.0.Final.jar (93/468 kB)Progress (3): svm-19.3.1.jar (1.8/10 MB) | jboss-metadata-common-11.0.0.Final.jar (373/475 kB) | jboss-metadata-web-11.0.0.Final.jar (97/468 kB)Progress (3): svm-19.3.1.jar (1.8/10 MB) | jboss-metadata-common-11.0.0.Final.jar (373/475 kB) | jboss-metadata-web-11.0.0.Final.jar (101/468 kB)Progress (3): svm-19.3.1.jar (1.8/10 MB) | jboss-metadata-common-11.0.0.Final.jar (377/475 kB) | jboss-metadata-web-11.0.0.Final.jar (101/468 kB)Progress (3): svm-19.3.1.jar (1.8/10 MB) | jboss-metadata-common-11.0.0.Final.jar (377/475 kB) | jboss-metadata-web-11.0.0.Final.jar (105/468 kB)Progress (3): svm-19.3.1.jar (1.8/10 MB) | jboss-metadata-common-11.0.0.Final.jar (381/475 kB) | jboss-metadata-web-11.0.0.Final.jar (105/468 kB)Progress (3): svm-19.3.1.jar (1.8/10 MB) | jboss-metadata-common-11.0.0.Final.jar (381/475 kB) | jboss-metadata-web-11.0.0.Final.jar (109/468 kB)Progress (3): svm-19.3.1.jar (1.8/10 MB) | jboss-metadata-common-11.0.0.Final.jar (385/475 kB) | jboss-metadata-web-11.0.0.Final.jar (109/468 kB)Progress (3): svm-19.3.1.jar (1.8/10 MB) | jboss-metadata-common-11.0.0.Final.jar (385/475 kB) | jboss-metadata-web-11.0.0.Final.jar (114/468 kB)Progress (3): svm-19.3.1.jar (1.8/10 MB) | jboss-metadata-common-11.0.0.Final.jar (385/475 kB) | jboss-metadata-web-11.0.0.Final.jar (118/468 kB)Progress (3): svm-19.3.1.jar (1.8/10 MB) | jboss-metadata-common-11.0.0.Final.jar (385/475 kB) | jboss-metadata-web-11.0.0.Final.jar (118/468 kB)Progress (3): svm-19.3.1.jar (1.8/10 MB) | jboss-metadata-common-11.0.0.Final.jar (389/475 kB) | jboss-metadata-web-11.0.0.Final.jar (118/468 kB)Progress (3): svm-19.3.1.jar (1.8/10 MB) | jboss-metadata-common-11.0.0.Final.jar (389/475 kB) | jboss-metadata-web-11.0.0.Final.jar (122/468 kB)Progress (3): svm-19.3.1.jar (1.8/10 MB) | jboss-metadata-common-11.0.0.Final.jar (389/475 kB) | jboss-metadata-web-11.0.0.Final.jar (126/468 kB)Progress (3): svm-19.3.1.jar (1.8/10 MB) | jboss-metadata-common-11.0.0.Final.jar (389/475 kB) | jboss-metadata-web-11.0.0.Final.jar (130/468 kB)Progress (3): svm-19.3.1.jar (1.8/10 MB) | jboss-metadata-common-11.0.0.Final.jar (393/475 kB) | jboss-metadata-web-11.0.0.Final.jar (130/468 kB)Progress (3): svm-19.3.1.jar (1.8/10 MB) | jboss-metadata-common-11.0.0.Final.jar (393/475 kB) | jboss-metadata-web-11.0.0.Final.jar (134/468 kB)Progress (3): svm-19.3.1.jar (1.8/10 MB) | jboss-metadata-common-11.0.0.Final.jar (393/475 kB) | jboss-metadata-web-11.0.0.Final.jar (138/468 kB)Progress (3): svm-19.3.1.jar (1.8/10 MB) | jboss-metadata-common-11.0.0.Final.jar (397/475 kB) | jboss-metadata-web-11.0.0.Final.jar (138/468 kB)Progress (3): svm-19.3.1.jar (1.8/10 MB) | jboss-metadata-common-11.0.0.Final.jar (397/475 kB) | jboss-metadata-web-11.0.0.Final.jar (142/468 kB)Progress (3): svm-19.3.1.jar (1.8/10 MB) | jboss-metadata-common-11.0.0.Final.jar (401/475 kB) | jboss-metadata-web-11.0.0.Final.jar (142/468 kB)Progress (3): svm-19.3.1.jar (1.8/10 MB) | jboss-metadata-common-11.0.0.Final.jar (401/475 kB) | jboss-metadata-web-11.0.0.Final.jar (146/468 kB)Progress (3): svm-19.3.1.jar (1.8/10 MB) | jboss-metadata-common-11.0.0.Final.jar (401/475 kB) | jboss-metadata-web-11.0.0.Final.jar (150/468 kB)Progress (3): svm-19.3.1.jar (1.8/10 MB) | jboss-metadata-common-11.0.0.Final.jar (401/475 kB) | jboss-metadata-web-11.0.0.Final.jar (154/468 kB)Progress (3): svm-19.3.1.jar (1.8/10 MB) | jboss-metadata-common-11.0.0.Final.jar (406/475 kB) | jboss-metadata-web-11.0.0.Final.jar (154/468 kB)Progress (3): svm-19.3.1.jar (1.8/10 MB) | jboss-metadata-common-11.0.0.Final.jar (410/475 kB) | jboss-metadata-web-11.0.0.Final.jar (154/468 kB)Progress (3): svm-19.3.1.jar (1.8/10 MB) | jboss-metadata-common-11.0.0.Final.jar (410/475 kB) | jboss-metadata-web-11.0.0.Final.jar (159/468 kB)Progress (3): svm-19.3.1.jar (1.8/10 MB) | jboss-metadata-common-11.0.0.Final.jar (410/475 kB) | jboss-metadata-web-11.0.0.Final.jar (163/468 kB)Progress (3): svm-19.3.1.jar (1.8/10 MB) | jboss-metadata-common-11.0.0.Final.jar (414/475 kB) | jboss-metadata-web-11.0.0.Final.jar (163/468 kB)Progress (3): svm-19.3.1.jar (1.8/10 MB) | jboss-metadata-common-11.0.0.Final.jar (414/475 kB) | jboss-metadata-web-11.0.0.Final.jar (167/468 kB)Progress (3): svm-19.3.1.jar (1.8/10 MB) | jboss-metadata-common-11.0.0.Final.jar (418/475 kB) | jboss-metadata-web-11.0.0.Final.jar (167/468 kB)Progress (3): svm-19.3.1.jar (1.8/10 MB) | jboss-metadata-common-11.0.0.Final.jar (418/475 kB) | jboss-metadata-web-11.0.0.Final.jar (171/468 kB)Progress (3): svm-19.3.1.jar (1.8/10 MB) | jboss-metadata-common-11.0.0.Final.jar (422/475 kB) | jboss-metadata-web-11.0.0.Final.jar (171/468 kB)Progress (3): svm-19.3.1.jar (1.8/10 MB) | jboss-metadata-common-11.0.0.Final.jar (422/475 kB) | jboss-metadata-web-11.0.0.Final.jar (175/468 kB)Progress (3): svm-19.3.1.jar (1.8/10 MB) | jboss-metadata-common-11.0.0.Final.jar (426/475 kB) | jboss-metadata-web-11.0.0.Final.jar (175/468 kB)Progress (3): svm-19.3.1.jar (1.8/10 MB) | jboss-metadata-common-11.0.0.Final.jar (426/475 kB) | jboss-metadata-web-11.0.0.Final.jar (179/468 kB)Progress (3): svm-19.3.1.jar (1.8/10 MB) | jboss-metadata-common-11.0.0.Final.jar (430/475 kB) | jboss-metadata-web-11.0.0.Final.jar (179/468 kB)Progress (3): svm-19.3.1.jar (1.8/10 MB) | jboss-metadata-common-11.0.0.Final.jar (434/475 kB) | jboss-metadata-web-11.0.0.Final.jar (179/468 kB)Progress (3): svm-19.3.1.jar (1.8/10 MB) | jboss-metadata-common-11.0.0.Final.jar (438/475 kB) | jboss-metadata-web-11.0.0.Final.jar (179/468 kB)Progress (3): svm-19.3.1.jar (1.8/10 MB) | jboss-metadata-common-11.0.0.Final.jar (438/475 kB) | jboss-metadata-web-11.0.0.Final.jar (183/468 kB)Progress (3): svm-19.3.1.jar (1.8/10 MB) | jboss-metadata-common-11.0.0.Final.jar (442/475 kB) | jboss-metadata-web-11.0.0.Final.jar (183/468 kB)Progress (3): svm-19.3.1.jar (1.8/10 MB) | jboss-metadata-common-11.0.0.Final.jar (442/475 kB) | jboss-metadata-web-11.0.0.Final.jar (187/468 kB)Progress (3): svm-19.3.1.jar (1.8/10 MB) | jboss-metadata-common-11.0.0.Final.jar (446/475 kB) | jboss-metadata-web-11.0.0.Final.jar (187/468 kB)Progress (3): svm-19.3.1.jar (1.8/10 MB) | jboss-metadata-common-11.0.0.Final.jar (451/475 kB) | jboss-metadata-web-11.0.0.Final.jar (187/468 kB)Progress (3): svm-19.3.1.jar (1.8/10 MB) | jboss-metadata-common-11.0.0.Final.jar (455/475 kB) | jboss-metadata-web-11.0.0.Final.jar (187/468 kB)Progress (3): svm-19.3.1.jar (1.8/10 MB) | jboss-metadata-common-11.0.0.Final.jar (459/475 kB) | jboss-metadata-web-11.0.0.Final.jar (187/468 kB)Progress (3): svm-19.3.1.jar (1.8/10 MB) | jboss-metadata-common-11.0.0.Final.jar (459/475 kB) | jboss-metadata-web-11.0.0.Final.jar (191/468 kB)Progress (3): svm-19.3.1.jar (1.8/10 MB) | jboss-metadata-common-11.0.0.Final.jar (459/475 kB) | jboss-metadata-web-11.0.0.Final.jar (195/468 kB)Progress (3): svm-19.3.1.jar (1.8/10 MB) | jboss-metadata-common-11.0.0.Final.jar (463/475 kB) | jboss-metadata-web-11.0.0.Final.jar (195/468 kB)Progress (3): svm-19.3.1.jar (1.8/10 MB) | jboss-metadata-common-11.0.0.Final.jar (467/475 kB) | jboss-metadata-web-11.0.0.Final.jar (195/468 kB)Progress (3): svm-19.3.1.jar (1.8/10 MB) | jboss-metadata-common-11.0.0.Final.jar (467/475 kB) | jboss-metadata-web-11.0.0.Final.jar (200/468 kB)Progress (3): svm-19.3.1.jar (1.8/10 MB) | jboss-metadata-common-11.0.0.Final.jar (471/475 kB) | jboss-metadata-web-11.0.0.Final.jar (200/468 kB)Progress (3): svm-19.3.1.jar (1.8/10 MB) | jboss-metadata-common-11.0.0.Final.jar (471/475 kB) | jboss-metadata-web-11.0.0.Final.jar (204/468 kB)Progress (3): svm-19.3.1.jar (1.8/10 MB) | jboss-metadata-common-11.0.0.Final.jar (475 kB) | jboss-metadata-web-11.0.0.Final.jar (204/468 kB)    Progress (3): svm-19.3.1.jar (1.8/10 MB) | jboss-metadata-common-11.0.0.Final.jar (475 kB) | jboss-metadata-web-11.0.0.Final.jar (208/468 kB)Progress (3): svm-19.3.1.jar (1.8/10 MB) | jboss-metadata-common-11.0.0.Final.jar (475 kB) | jboss-metadata-web-11.0.0.Final.jar (212/468 kB)Progress (3): svm-19.3.1.jar (1.9/10 MB) | jboss-metadata-common-11.0.0.Final.jar (475 kB) | jboss-metadata-web-11.0.0.Final.jar (212/468 kB)Progress (3): svm-19.3.1.jar (1.9/10 MB) | jboss-metadata-common-11.0.0.Final.jar (475 kB) | jboss-metadata-web-11.0.0.Final.jar (216/468 kB)Progress (3): svm-19.3.1.jar (1.9/10 MB) | jboss-metadata-common-11.0.0.Final.jar (475 kB) | jboss-metadata-web-11.0.0.Final.jar (220/468 kB)Progress (3): svm-19.3.1.jar (1.9/10 MB) | jboss-metadata-common-11.0.0.Final.jar (475 kB) | jboss-metadata-web-11.0.0.Final.jar (224/468 kB)Progress (3): svm-19.3.1.jar (1.9/10 MB) | jboss-metadata-common-11.0.0.Final.jar (475 kB) | jboss-metadata-web-11.0.0.Final.jar (228/468 kB)Progress (3): svm-19.3.1.jar (1.9/10 MB) | jboss-metadata-common-11.0.0.Final.jar (475 kB) | jboss-metadata-web-11.0.0.Final.jar (232/468 kB)Progress (3): svm-19.3.1.jar (1.9/10 MB) | jboss-metadata-common-11.0.0.Final.jar (475 kB) | jboss-metadata-web-11.0.0.Final.jar (236/468 kB)Progress (3): svm-19.3.1.jar (1.9/10 MB) | jboss-metadata-common-11.0.0.Final.jar (475 kB) | jboss-metadata-web-11.0.0.Final.jar (240/468 kB)Progress (3): svm-19.3.1.jar (1.9/10 MB) | jboss-metadata-common-11.0.0.Final.jar (475 kB) | jboss-metadata-web-11.0.0.Final.jar (245/468 kB)Progress (3): svm-19.3.1.jar (1.9/10 MB) | jboss-metadata-common-11.0.0.Final.jar (475 kB) | jboss-metadata-web-11.0.0.Final.jar (249/468 kB)Progress (3): svm-19.3.1.jar (1.9/10 MB) | jboss-metadata-common-11.0.0.Final.jar (475 kB) | jboss-metadata-web-11.0.0.Final.jar (253/468 kB)                                                                                                                                             Downloaded from central: https://repo.maven.apache.org/maven2/org/jboss/metadata/jboss-metadata-common/11.0.0.Final/jboss-metadata-common-11.0.0.Final.jar (475 kB at 490 kB/s)
Downloading from central: https://repo.maven.apache.org/maven2/io/quarkus/quarkus-jsonb-deployment/1.4.2.Final/quarkus-jsonb-deployment-1.4.2.Final.jar
Progress (2): svm-19.3.1.jar (1.9/10 MB) | jboss-metadata-web-11.0.0.Final.jar (257/468 kB)Progress (2): svm-19.3.1.jar (1.9/10 MB) | jboss-metadata-web-11.0.0.Final.jar (261/468 kB)Progress (2): svm-19.3.1.jar (1.9/10 MB) | jboss-metadata-web-11.0.0.Final.jar (265/468 kB)Progress (2): svm-19.3.1.jar (1.9/10 MB) | jboss-metadata-web-11.0.0.Final.jar (269/468 kB)Progress (2): svm-19.3.1.jar (1.9/10 MB) | jboss-metadata-web-11.0.0.Final.jar (269/468 kB)Progress (2): svm-19.3.1.jar (1.9/10 MB) | jboss-metadata-web-11.0.0.Final.jar (273/468 kB)Progress (2): svm-19.3.1.jar (1.9/10 MB) | jboss-metadata-web-11.0.0.Final.jar (277/468 kB)Progress (2): svm-19.3.1.jar (1.9/10 MB) | jboss-metadata-web-11.0.0.Final.jar (281/468 kB)Progress (2): svm-19.3.1.jar (1.9/10 MB) | jboss-metadata-web-11.0.0.Final.jar (286/468 kB)Progress (2): svm-19.3.1.jar (1.9/10 MB) | jboss-metadata-web-11.0.0.Final.jar (290/468 kB)Progress (2): svm-19.3.1.jar (1.9/10 MB) | jboss-metadata-web-11.0.0.Final.jar (294/468 kB)Progress (2): svm-19.3.1.jar (1.9/10 MB) | jboss-metadata-web-11.0.0.Final.jar (298/468 kB)Progress (3): svm-19.3.1.jar (1.9/10 MB) | jboss-metadata-web-11.0.0.Final.jar (298/468 kB) | quarkus-undertow-deployment-1.4.2.Final.jar (2.7/35 kB)Progress (3): svm-19.3.1.jar (1.9/10 MB) | jboss-metadata-web-11.0.0.Final.jar (298/468 kB) | quarkus-undertow-deployment-1.4.2.Final.jar (5.5/35 kB)Progress (3): svm-19.3.1.jar (1.9/10 MB) | jboss-metadata-web-11.0.0.Final.jar (298/468 kB) | quarkus-undertow-deployment-1.4.2.Final.jar (8.2/35 kB)Progress (3): svm-19.3.1.jar (2.0/10 MB) | jboss-metadata-web-11.0.0.Final.jar (298/468 kB) | quarkus-undertow-deployment-1.4.2.Final.jar (8.2/35 kB)Progress (3): svm-19.3.1.jar (2.0/10 MB) | jboss-metadata-web-11.0.0.Final.jar (302/468 kB) | quarkus-undertow-deployment-1.4.2.Final.jar (8.2/35 kB)Progress (3): svm-19.3.1.jar (2.0/10 MB) | jboss-metadata-web-11.0.0.Final.jar (302/468 kB) | quarkus-undertow-deployment-1.4.2.Final.jar (11/35 kB) Progress (3): svm-19.3.1.jar (2.0/10 MB) | jboss-metadata-web-11.0.0.Final.jar (302/468 kB) | quarkus-undertow-deployment-1.4.2.Final.jar (14/35 kB)Progress (3): svm-19.3.1.jar (2.0/10 MB) | jboss-metadata-web-11.0.0.Final.jar (306/468 kB) | quarkus-undertow-deployment-1.4.2.Final.jar (14/35 kB)Progress (3): svm-19.3.1.jar (2.0/10 MB) | jboss-metadata-web-11.0.0.Final.jar (306/468 kB) | quarkus-undertow-deployment-1.4.2.Final.jar (16/35 kB)Progress (3): svm-19.3.1.jar (2.0/10 MB) | jboss-metadata-web-11.0.0.Final.jar (310/468 kB) | quarkus-undertow-deployment-1.4.2.Final.jar (16/35 kB)Progress (3): svm-19.3.1.jar (2.0/10 MB) | jboss-metadata-web-11.0.0.Final.jar (310/468 kB) | quarkus-undertow-deployment-1.4.2.Final.jar (19/35 kB)Progress (3): svm-19.3.1.jar (2.0/10 MB) | jboss-metadata-web-11.0.0.Final.jar (310/468 kB) | quarkus-undertow-deployment-1.4.2.Final.jar (22/35 kB)Progress (3): svm-19.3.1.jar (2.0/10 MB) | jboss-metadata-web-11.0.0.Final.jar (310/468 kB) | quarkus-undertow-deployment-1.4.2.Final.jar (25/35 kB)Progress (3): svm-19.3.1.jar (2.0/10 MB) | jboss-metadata-web-11.0.0.Final.jar (314/468 kB) | quarkus-undertow-deployment-1.4.2.Final.jar (25/35 kB)Progress (3): svm-19.3.1.jar (2.0/10 MB) | jboss-metadata-web-11.0.0.Final.jar (314/468 kB) | quarkus-undertow-deployment-1.4.2.Final.jar (27/35 kB)Progress (3): svm-19.3.1.jar (2.0/10 MB) | jboss-metadata-web-11.0.0.Final.jar (314/468 kB) | quarkus-undertow-deployment-1.4.2.Final.jar (30/35 kB)Progress (3): svm-19.3.1.jar (2.0/10 MB) | jboss-metadata-web-11.0.0.Final.jar (314/468 kB) | quarkus-undertow-deployment-1.4.2.Final.jar (33/35 kB)Progress (3): svm-19.3.1.jar (2.0/10 MB) | jboss-metadata-web-11.0.0.Final.jar (318/468 kB) | quarkus-undertow-deployment-1.4.2.Final.jar (33/35 kB)Progress (3): svm-19.3.1.jar (2.0/10 MB) | jboss-metadata-web-11.0.0.Final.jar (318/468 kB) | quarkus-undertow-deployment-1.4.2.Final.jar (35 kB)   Progress (3): svm-19.3.1.jar (2.0/10 MB) | jboss-metadata-web-11.0.0.Final.jar (322/468 kB) | quarkus-undertow-deployment-1.4.2.Final.jar (35 kB)Progress (3): svm-19.3.1.jar (2.0/10 MB) | jboss-metadata-web-11.0.0.Final.jar (327/468 kB) | quarkus-undertow-deployment-1.4.2.Final.jar (35 kB)Progress (3): svm-19.3.1.jar (2.0/10 MB) | jboss-metadata-web-11.0.0.Final.jar (331/468 kB) | quarkus-undertow-deployment-1.4.2.Final.jar (35 kB)Progress (3): svm-19.3.1.jar (2.0/10 MB) | jboss-metadata-web-11.0.0.Final.jar (331/468 kB) | quarkus-undertow-deployment-1.4.2.Final.jar (35 kB)Progress (3): svm-19.3.1.jar (2.0/10 MB) | jboss-metadata-web-11.0.0.Final.jar (335/468 kB) | quarkus-undertow-deployment-1.4.2.Final.jar (35 kB)Progress (3): svm-19.3.1.jar (2.0/10 MB) | jboss-metadata-web-11.0.0.Final.jar (339/468 kB) | quarkus-undertow-deployment-1.4.2.Final.jar (35 kB)Progress (3): svm-19.3.1.jar (2.0/10 MB) | jboss-metadata-web-11.0.0.Final.jar (343/468 kB) | quarkus-undertow-deployment-1.4.2.Final.jar (35 kB)Progress (3): svm-19.3.1.jar (2.0/10 MB) | jboss-metadata-web-11.0.0.Final.jar (347/468 kB) | quarkus-undertow-deployment-1.4.2.Final.jar (35 kB)Progress (4): svm-19.3.1.jar (2.0/10 MB) | jboss-metadata-web-11.0.0.Final.jar (347/468 kB) | quarkus-undertow-deployment-1.4.2.Final.jar (35 kB) | quarkus-jsonb-spi-1.4.2.Final.jar (4.0 kB)Progress (4): svm-19.3.1.jar (2.0/10 MB) | jboss-metadata-web-11.0.0.Final.jar (351/468 kB) | quarkus-undertow-deployment-1.4.2.Final.jar (35 kB) | quarkus-jsonb-spi-1.4.2.Final.jar (4.0 kB)Progress (4): svm-19.3.1.jar (2.1/10 MB) | jboss-metadata-web-11.0.0.Final.jar (351/468 kB) | quarkus-undertow-deployment-1.4.2.Final.jar (35 kB) | quarkus-jsonb-spi-1.4.2.Final.jar (4.0 kB)Progress (4): svm-19.3.1.jar (2.1/10 MB) | jboss-metadata-web-11.0.0.Final.jar (355/468 kB) | quarkus-undertow-deployment-1.4.2.Final.jar (35 kB) | quarkus-jsonb-spi-1.4.2.Final.jar (4.0 kB)Progress (4): svm-19.3.1.jar (2.1/10 MB) | jboss-metadata-web-11.0.0.Final.jar (359/468 kB) | quarkus-undertow-deployment-1.4.2.Final.jar (35 kB) | quarkus-jsonb-spi-1.4.2.Final.jar (4.0 kB)Progress (4): svm-19.3.1.jar (2.1/10 MB) | jboss-metadata-web-11.0.0.Final.jar (363/468 kB) | quarkus-undertow-deployment-1.4.2.Final.jar (35 kB) | quarkus-jsonb-spi-1.4.2.Final.jar (4.0 kB)Progress (4): svm-19.3.1.jar (2.1/10 MB) | jboss-metadata-web-11.0.0.Final.jar (367/468 kB) | quarkus-undertow-deployment-1.4.2.Final.jar (35 kB) | quarkus-jsonb-spi-1.4.2.Final.jar (4.0 kB)Progress (4): svm-19.3.1.jar (2.1/10 MB) | jboss-metadata-web-11.0.0.Final.jar (372/468 kB) | quarkus-undertow-deployment-1.4.2.Final.jar (35 kB) | quarkus-jsonb-spi-1.4.2.Final.jar (4.0 kB)Progress (4): svm-19.3.1.jar (2.1/10 MB) | jboss-metadata-web-11.0.0.Final.jar (376/468 kB) | quarkus-undertow-deployment-1.4.2.Final.jar (35 kB) | quarkus-jsonb-spi-1.4.2.Final.jar (4.0 kB)Progress (4): svm-19.3.1.jar (2.1/10 MB) | jboss-metadata-web-11.0.0.Final.jar (380/468 kB) | quarkus-undertow-deployment-1.4.2.Final.jar (35 kB) | quarkus-jsonb-spi-1.4.2.Final.jar (4.0 kB)Progress (4): svm-19.3.1.jar (2.1/10 MB) | jboss-metadata-web-11.0.0.Final.jar (384/468 kB) | quarkus-undertow-deployment-1.4.2.Final.jar (35 kB) | quarkus-jsonb-spi-1.4.2.Final.jar (4.0 kB)Progress (4): svm-19.3.1.jar (2.1/10 MB) | jboss-metadata-web-11.0.0.Final.jar (384/468 kB) | quarkus-undertow-deployment-1.4.2.Final.jar (35 kB) | quarkus-jsonb-spi-1.4.2.Final.jar (4.0 kB)Progress (4): svm-19.3.1.jar (2.1/10 MB) | jboss-metadata-web-11.0.0.Final.jar (388/468 kB) | quarkus-undertow-deployment-1.4.2.Final.jar (35 kB) | quarkus-jsonb-spi-1.4.2.Final.jar (4.0 kB)Progress (4): svm-19.3.1.jar (2.1/10 MB) | jboss-metadata-web-11.0.0.Final.jar (392/468 kB) | quarkus-undertow-deployment-1.4.2.Final.jar (35 kB) | quarkus-jsonb-spi-1.4.2.Final.jar (4.0 kB)Progress (4): svm-19.3.1.jar (2.1/10 MB) | jboss-metadata-web-11.0.0.Final.jar (396/468 kB) | quarkus-undertow-deployment-1.4.2.Final.jar (35 kB) | quarkus-jsonb-spi-1.4.2.Final.jar (4.0 kB)Progress (4): svm-19.3.1.jar (2.1/10 MB) | jboss-metadata-web-11.0.0.Final.jar (400/468 kB) | quarkus-undertow-deployment-1.4.2.Final.jar (35 kB) | quarkus-jsonb-spi-1.4.2.Final.jar (4.0 kB)Progress (4): svm-19.3.1.jar (2.1/10 MB) | jboss-metadata-web-11.0.0.Final.jar (404/468 kB) | quarkus-undertow-deployment-1.4.2.Final.jar (35 kB) | quarkus-jsonb-spi-1.4.2.Final.jar (4.0 kB)Progress (4): svm-19.3.1.jar (2.1/10 MB) | jboss-metadata-web-11.0.0.Final.jar (408/468 kB) | quarkus-undertow-deployment-1.4.2.Final.jar (35 kB) | quarkus-jsonb-spi-1.4.2.Final.jar (4.0 kB)Progress (4): svm-19.3.1.jar (2.1/10 MB) | jboss-metadata-web-11.0.0.Final.jar (413/468 kB) | quarkus-undertow-deployment-1.4.2.Final.jar (35 kB) | quarkus-jsonb-spi-1.4.2.Final.jar (4.0 kB)Progress (4): svm-19.3.1.jar (2.1/10 MB) | jboss-metadata-web-11.0.0.Final.jar (417/468 kB) | quarkus-undertow-deployment-1.4.2.Final.jar (35 kB) | quarkus-jsonb-spi-1.4.2.Final.jar (4.0 kB)Progress (4): svm-19.3.1.jar (2.1/10 MB) | jboss-metadata-web-11.0.0.Final.jar (421/468 kB) | quarkus-undertow-deployment-1.4.2.Final.jar (35 kB) | quarkus-jsonb-spi-1.4.2.Final.jar (4.0 kB)Progress (4): svm-19.3.1.jar (2.2/10 MB) | jboss-metadata-web-11.0.0.Final.jar (421/468 kB) | quarkus-undertow-deployment-1.4.2.Final.jar (35 kB) | quarkus-jsonb-spi-1.4.2.Final.jar (4.0 kB)Progress (4): svm-19.3.1.jar (2.2/10 MB) | jboss-metadata-web-11.0.0.Final.jar (425/468 kB) | quarkus-undertow-deployment-1.4.2.Final.jar (35 kB) | quarkus-jsonb-spi-1.4.2.Final.jar (4.0 kB)Progress (4): svm-19.3.1.jar (2.2/10 MB) | jboss-metadata-web-11.0.0.Final.jar (429/468 kB) | quarkus-undertow-deployment-1.4.2.Final.jar (35 kB) | quarkus-jsonb-spi-1.4.2.Final.jar (4.0 kB)Progress (4): svm-19.3.1.jar (2.2/10 MB) | jboss-metadata-web-11.0.0.Final.jar (433/468 kB) | quarkus-undertow-deployment-1.4.2.Final.jar (35 kB) | quarkus-jsonb-spi-1.4.2.Final.jar (4.0 kB)Progress (4): svm-19.3.1.jar (2.2/10 MB) | jboss-metadata-web-11.0.0.Final.jar (437/468 kB) | quarkus-undertow-deployment-1.4.2.Final.jar (35 kB) | quarkus-jsonb-spi-1.4.2.Final.jar (4.0 kB)Progress (4): svm-19.3.1.jar (2.2/10 MB) | jboss-metadata-web-11.0.0.Final.jar (441/468 kB) | quarkus-undertow-deployment-1.4.2.Final.jar (35 kB) | quarkus-jsonb-spi-1.4.2.Final.jar (4.0 kB)Progress (4): svm-19.3.1.jar (2.2/10 MB) | jboss-metadata-web-11.0.0.Final.jar (441/468 kB) | quarkus-undertow-deployment-1.4.2.Final.jar (35 kB) | quarkus-jsonb-spi-1.4.2.Final.jar (4.0 kB)Progress (4): svm-19.3.1.jar (2.2/10 MB) | jboss-metadata-web-11.0.0.Final.jar (445/468 kB) | quarkus-undertow-deployment-1.4.2.Final.jar (35 kB) | quarkus-jsonb-spi-1.4.2.Final.jar (4.0 kB)Progress (4): svm-19.3.1.jar (2.2/10 MB) | jboss-metadata-web-11.0.0.Final.jar (449/468 kB) | quarkus-undertow-deployment-1.4.2.Final.jar (35 kB) | quarkus-jsonb-spi-1.4.2.Final.jar (4.0 kB)Progress (4): svm-19.3.1.jar (2.2/10 MB) | jboss-metadata-web-11.0.0.Final.jar (453/468 kB) | quarkus-undertow-deployment-1.4.2.Final.jar (35 kB) | quarkus-jsonb-spi-1.4.2.Final.jar (4.0 kB)Progress (4): svm-19.3.1.jar (2.2/10 MB) | jboss-metadata-web-11.0.0.Final.jar (458/468 kB) | quarkus-undertow-deployment-1.4.2.Final.jar (35 kB) | quarkus-jsonb-spi-1.4.2.Final.jar (4.0 kB)Progress (4): svm-19.3.1.jar (2.2/10 MB) | jboss-metadata-web-11.0.0.Final.jar (462/468 kB) | quarkus-undertow-deployment-1.4.2.Final.jar (35 kB) | quarkus-jsonb-spi-1.4.2.Final.jar (4.0 kB)Progress (5): svm-19.3.1.jar (2.2/10 MB) | jboss-metadata-web-11.0.0.Final.jar (462/468 kB) | quarkus-undertow-deployment-1.4.2.Final.jar (35 kB) | quarkus-jsonb-spi-1.4.2.Final.jar (4.0 kB) | quarkus-jsonb-deployment-1.4.2.Final.jar (4.1/8.9 kB)Progress (5): svm-19.3.1.jar (2.2/10 MB) | jboss-metadata-web-11.0.0.Final.jar (466/468 kB) | quarkus-undertow-deployment-1.4.2.Final.jar (35 kB) | quarkus-jsonb-spi-1.4.2.Final.jar (4.0 kB) | quarkus-jsonb-deployment-1.4.2.Final.jar (4.1/8.9 kB)Progress (5): svm-19.3.1.jar (2.2/10 MB) | jboss-metadata-web-11.0.0.Final.jar (468 kB) | quarkus-undertow-deployment-1.4.2.Final.jar (35 kB) | quarkus-jsonb-spi-1.4.2.Final.jar (4.0 kB) | quarkus-jsonb-deployment-1.4.2.Final.jar (4.1/8.9 kB)    Progress (5): svm-19.3.1.jar (2.2/10 MB) | jboss-metadata-web-11.0.0.Final.jar (468 kB) | quarkus-undertow-deployment-1.4.2.Final.jar (35 kB) | quarkus-jsonb-spi-1.4.2.Final.jar (4.0 kB) | quarkus-jsonb-deployment-1.4.2.Final.jar (8.2/8.9 kB)Progress (5): svm-19.3.1.jar (2.2/10 MB) | jboss-metadata-web-11.0.0.Final.jar (468 kB) | quarkus-undertow-deployment-1.4.2.Final.jar (35 kB) | quarkus-jsonb-spi-1.4.2.Final.jar (4.0 kB) | quarkus-jsonb-deployment-1.4.2.Final.jar (8.9 kB)    Progress (5): svm-19.3.1.jar (2.3/10 MB) | jboss-metadata-web-11.0.0.Final.jar (468 kB) | quarkus-undertow-deployment-1.4.2.Final.jar (35 kB) | quarkus-jsonb-spi-1.4.2.Final.jar (4.0 kB) | quarkus-jsonb-deployment-1.4.2.Final.jar (8.9 kB)Progress (5): svm-19.3.1.jar (2.3/10 MB) | jboss-metadata-web-11.0.0.Final.jar (468 kB) | quarkus-undertow-deployment-1.4.2.Final.jar (35 kB) | quarkus-jsonb-spi-1.4.2.Final.jar (4.0 kB) | quarkus-jsonb-deployment-1.4.2.Final.jar (8.9 kB)Progress (5): svm-19.3.1.jar (2.4/10 MB) | jboss-metadata-web-11.0.0.Final.jar (468 kB) | quarkus-undertow-deployment-1.4.2.Final.jar (35 kB) | quarkus-jsonb-spi-1.4.2.Final.jar (4.0 kB) | quarkus-jsonb-deployment-1.4.2.Final.jar (8.9 kB)Progress (5): svm-19.3.1.jar (2.4/10 MB) | jboss-metadata-web-11.0.0.Final.jar (468 kB) | quarkus-undertow-deployment-1.4.2.Final.jar (35 kB) | quarkus-jsonb-spi-1.4.2.Final.jar (4.0 kB) | quarkus-jsonb-deployment-1.4.2.Final.jar (8.9 kB)                                                                                                                                                                                                                                              Downloaded from central: https://repo.maven.apache.org/maven2/io/quarkus/quarkus-undertow-deployment/1.4.2.Final/quarkus-undertow-deployment-1.4.2.Final.jar (35 kB at 31 kB/s)
Downloaded from central: https://repo.maven.apache.org/maven2/org/jboss/metadata/jboss-metadata-web/11.0.0.Final/jboss-metadata-web-11.0.0.Final.jar (468 kB at 424 kB/s)
Progress (3): svm-19.3.1.jar (2.5/10 MB) | quarkus-jsonb-spi-1.4.2.Final.jar (4.0 kB) | quarkus-jsonb-deployment-1.4.2.Final.jar (8.9 kB)Progress (3): svm-19.3.1.jar (2.5/10 MB) | quarkus-jsonb-spi-1.4.2.Final.jar (4.0 kB) | quarkus-jsonb-deployment-1.4.2.Final.jar (8.9 kB)                                                                                                                                         Downloaded from central: https://repo.maven.apache.org/maven2/io/quarkus/quarkus-jsonb-spi/1.4.2.Final/quarkus-jsonb-spi-1.4.2.Final.jar (4.0 kB at 3.6 kB/s)
Progress (2): svm-19.3.1.jar (2.6/10 MB) | quarkus-jsonb-deployment-1.4.2.Final.jar (8.9 kB)Progress (2): svm-19.3.1.jar (2.6/10 MB) | quarkus-jsonb-deployment-1.4.2.Final.jar (8.9 kB)Progress (2): svm-19.3.1.jar (2.7/10 MB) | quarkus-jsonb-deployment-1.4.2.Final.jar (8.9 kB)Progress (2): svm-19.3.1.jar (2.7/10 MB) | quarkus-jsonb-deployment-1.4.2.Final.jar (8.9 kB)Progress (2): svm-19.3.1.jar (2.8/10 MB) | quarkus-jsonb-deployment-1.4.2.Final.jar (8.9 kB)Progress (2): svm-19.3.1.jar (2.8/10 MB) | quarkus-jsonb-deployment-1.4.2.Final.jar (8.9 kB)Progress (2): svm-19.3.1.jar (2.9/10 MB) | quarkus-jsonb-deployment-1.4.2.Final.jar (8.9 kB)Progress (2): svm-19.3.1.jar (2.9/10 MB) | quarkus-jsonb-deployment-1.4.2.Final.jar (8.9 kB)                                                                                            Downloaded from central: https://repo.maven.apache.org/maven2/io/quarkus/quarkus-jsonb-deployment/1.4.2.Final/quarkus-jsonb-deployment-1.4.2.Final.jar (8.9 kB at 7.5 kB/s)
Progress (1): svm-19.3.1.jar (3.0/10 MB)Progress (1): svm-19.3.1.jar (3.0/10 MB)Progress (1): svm-19.3.1.jar (3.1/10 MB)Progress (1): svm-19.3.1.jar (3.1/10 MB)Progress (1): svm-19.3.1.jar (3.2/10 MB)Progress (1): svm-19.3.1.jar (3.2/10 MB)Progress (1): svm-19.3.1.jar (3.3/10 MB)Progress (1): svm-19.3.1.jar (3.3/10 MB)Progress (1): svm-19.3.1.jar (3.4/10 MB)Progress (1): svm-19.3.1.jar (3.4/10 MB)Progress (1): svm-19.3.1.jar (3.5/10 MB)Progress (1): svm-19.3.1.jar (3.5/10 MB)Progress (1): svm-19.3.1.jar (3.5/10 MB)Progress (1): svm-19.3.1.jar (3.6/10 MB)Progress (1): svm-19.3.1.jar (3.6/10 MB)Progress (1): svm-19.3.1.jar (3.7/10 MB)Progress (1): svm-19.3.1.jar (3.7/10 MB)Progress (1): svm-19.3.1.jar (3.8/10 MB)Progress (1): svm-19.3.1.jar (3.8/10 MB)Progress (1): svm-19.3.1.jar (3.9/10 MB)Progress (1): svm-19.3.1.jar (3.9/10 MB)Progress (1): svm-19.3.1.jar (4.0/10 MB)Progress (1): svm-19.3.1.jar (4.0/10 MB)Progress (1): svm-19.3.1.jar (4.1/10 MB)Progress (1): svm-19.3.1.jar (4.1/10 MB)Progress (1): svm-19.3.1.jar (4.2/10 MB)Progress (1): svm-19.3.1.jar (4.2/10 MB)Progress (1): svm-19.3.1.jar (4.3/10 MB)Progress (1): svm-19.3.1.jar (4.3/10 MB)Progress (1): svm-19.3.1.jar (4.4/10 MB)Progress (1): svm-19.3.1.jar (4.4/10 MB)Progress (1): svm-19.3.1.jar (4.5/10 MB)Progress (1): svm-19.3.1.jar (4.5/10 MB)Progress (1): svm-19.3.1.jar (4.6/10 MB)Progress (1): svm-19.3.1.jar (4.6/10 MB)Progress (1): svm-19.3.1.jar (4.7/10 MB)Progress (1): svm-19.3.1.jar (4.7/10 MB)Progress (1): svm-19.3.1.jar (4.8/10 MB)Progress (1): svm-19.3.1.jar (4.8/10 MB)Progress (1): svm-19.3.1.jar (4.9/10 MB)Progress (1): svm-19.3.1.jar (4.9/10 MB)Progress (1): svm-19.3.1.jar (5.0/10 MB)Progress (1): svm-19.3.1.jar (5.0/10 MB)Progress (1): svm-19.3.1.jar (5.1/10 MB)Progress (1): svm-19.3.1.jar (5.1/10 MB)Progress (1): svm-19.3.1.jar (5.2/10 MB)Progress (1): svm-19.3.1.jar (5.2/10 MB)Progress (1): svm-19.3.1.jar (5.3/10 MB)Progress (1): svm-19.3.1.jar (5.3/10 MB)Progress (1): svm-19.3.1.jar (5.4/10 MB)Progress (1): svm-19.3.1.jar (5.4/10 MB)Progress (1): svm-19.3.1.jar (5.5/10 MB)Progress (1): svm-19.3.1.jar (5.5/10 MB)Progress (1): svm-19.3.1.jar (5.6/10 MB)Progress (1): svm-19.3.1.jar (5.6/10 MB)Progress (1): svm-19.3.1.jar (5.7/10 MB)Progress (1): svm-19.3.1.jar (5.7/10 MB)Progress (1): svm-19.3.1.jar (5.8/10 MB)Progress (1): svm-19.3.1.jar (5.8/10 MB)Progress (1): svm-19.3.1.jar (5.9/10 MB)Progress (1): svm-19.3.1.jar (5.9/10 MB)Progress (1): svm-19.3.1.jar (6.0/10 MB)Progress (1): svm-19.3.1.jar (6.0/10 MB)Progress (1): svm-19.3.1.jar (6.1/10 MB)Progress (1): svm-19.3.1.jar (6.1/10 MB)Progress (1): svm-19.3.1.jar (6.2/10 MB)Progress (1): svm-19.3.1.jar (6.2/10 MB)Progress (1): svm-19.3.1.jar (6.3/10 MB)Progress (1): svm-19.3.1.jar (6.3/10 MB)Progress (1): svm-19.3.1.jar (6.3/10 MB)Progress (1): svm-19.3.1.jar (6.4/10 MB)Progress (1): svm-19.3.1.jar (6.4/10 MB)Progress (1): svm-19.3.1.jar (6.5/10 MB)Progress (1): svm-19.3.1.jar (6.5/10 MB)Progress (1): svm-19.3.1.jar (6.6/10 MB)Progress (1): svm-19.3.1.jar (6.6/10 MB)Progress (1): svm-19.3.1.jar (6.7/10 MB)Progress (1): svm-19.3.1.jar (6.7/10 MB)Progress (1): svm-19.3.1.jar (6.8/10 MB)Progress (1): svm-19.3.1.jar (6.8/10 MB)Progress (1): svm-19.3.1.jar (6.9/10 MB)Progress (1): svm-19.3.1.jar (6.9/10 MB)Progress (1): svm-19.3.1.jar (7.0/10 MB)Progress (1): svm-19.3.1.jar (7.0/10 MB)Progress (1): svm-19.3.1.jar (7.1/10 MB)Progress (1): svm-19.3.1.jar (7.1/10 MB)Progress (1): svm-19.3.1.jar (7.2/10 MB)Progress (1): svm-19.3.1.jar (7.2/10 MB)Progress (1): svm-19.3.1.jar (7.3/10 MB)Progress (1): svm-19.3.1.jar (7.3/10 MB)Progress (1): svm-19.3.1.jar (7.4/10 MB)Progress (1): svm-19.3.1.jar (7.4/10 MB)Progress (1): svm-19.3.1.jar (7.5/10 MB)Progress (1): svm-19.3.1.jar (7.5/10 MB)Progress (1): svm-19.3.1.jar (7.6/10 MB)Progress (1): svm-19.3.1.jar (7.6/10 MB)Progress (1): svm-19.3.1.jar (7.7/10 MB)Progress (1): svm-19.3.1.jar (7.7/10 MB)Progress (1): svm-19.3.1.jar (7.8/10 MB)Progress (1): svm-19.3.1.jar (7.8/10 MB)Progress (1): svm-19.3.1.jar (7.9/10 MB)Progress (1): svm-19.3.1.jar (7.9/10 MB)Progress (1): svm-19.3.1.jar (8.0/10 MB)Progress (1): svm-19.3.1.jar (8.0/10 MB)Progress (1): svm-19.3.1.jar (8.1/10 MB)Progress (1): svm-19.3.1.jar (8.1/10 MB)Progress (1): svm-19.3.1.jar (8.2/10 MB)Progress (1): svm-19.3.1.jar (8.2/10 MB)Progress (1): svm-19.3.1.jar (8.3/10 MB)Progress (1): svm-19.3.1.jar (8.3/10 MB)Progress (1): svm-19.3.1.jar (8.4/10 MB)Progress (1): svm-19.3.1.jar (8.4/10 MB)Progress (1): svm-19.3.1.jar (8.5/10 MB)Progress (1): svm-19.3.1.jar (8.5/10 MB)Progress (1): svm-19.3.1.jar (8.6/10 MB)Progress (1): svm-19.3.1.jar (8.6/10 MB)Progress (1): svm-19.3.1.jar (8.7/10 MB)Progress (1): svm-19.3.1.jar (8.7/10 MB)Progress (1): svm-19.3.1.jar (8.8/10 MB)Progress (1): svm-19.3.1.jar (8.8/10 MB)Progress (1): svm-19.3.1.jar (8.9/10 MB)Progress (1): svm-19.3.1.jar (8.9/10 MB)Progress (1): svm-19.3.1.jar (9.0/10 MB)Progress (1): svm-19.3.1.jar (9.0/10 MB)Progress (1): svm-19.3.1.jar (9.1/10 MB)Progress (1): svm-19.3.1.jar (9.1/10 MB)Progress (1): svm-19.3.1.jar (9.2/10 MB)Progress (1): svm-19.3.1.jar (9.2/10 MB)Progress (1): svm-19.3.1.jar (9.2/10 MB)Progress (1): svm-19.3.1.jar (9.3/10 MB)Progress (1): svm-19.3.1.jar (9.3/10 MB)Progress (1): svm-19.3.1.jar (9.4/10 MB)Progress (1): svm-19.3.1.jar (9.4/10 MB)Progress (1): svm-19.3.1.jar (9.5/10 MB)Progress (1): svm-19.3.1.jar (9.5/10 MB)Progress (1): svm-19.3.1.jar (9.6/10 MB)Progress (1): svm-19.3.1.jar (9.6/10 MB)Progress (1): svm-19.3.1.jar (9.7/10 MB)Progress (1): svm-19.3.1.jar (9.7/10 MB)Progress (1): svm-19.3.1.jar (9.8/10 MB)Progress (1): svm-19.3.1.jar (9.8/10 MB)Progress (1): svm-19.3.1.jar (9.9/10 MB)Progress (1): svm-19.3.1.jar (9.9/10 MB)Progress (1): svm-19.3.1.jar (10.0/10 MB)Progress (1): svm-19.3.1.jar (10/10 MB)  Progress (1): svm-19.3.1.jar (10/10 MB)Progress (1): svm-19.3.1.jar (10/10 MB)Progress (1): svm-19.3.1.jar (10 MB)                                       Downloaded from central: https://repo.maven.apache.org/maven2/org/graalvm/nativeimage/svm/19.3.1/svm-19.3.1.jar (10 MB at 4.4 MB/s)
2021-08-30 17:55:49,319 INFO  [io.und.web.jsr] (main) UT026003: Adding annotated server endpoint class org.ostfalia.websockets.ChatSocket for path /chat/{username}
2021-08-30 17:55:49,336 INFO  [io.und.web.jsr] (main) UT026003: Adding annotated server endpoint class org.ostfalia.websockets.MainSocket for path /mainsocket
2021-08-30 17:55:50,318 INFO  [io.quarkus] (main) Quarkus 1.4.2.Final started in 3.174s. Listening on: http://0.0.0.0:8081 and https://0.0.0.0:8444
2021-08-30 17:55:50,319 INFO  [io.quarkus] (main) Profile test activated. 
2021-08-30 17:55:50,320 INFO  [io.quarkus] (main) Installed features: [cdi, rest-client, resteasy, resteasy-jsonb, servlet, undertow-websockets]
]]></system-out>
  </testcase>
</testsuite>